#
# There is insufficient memory for the Java Runtime Environment to continue.
# Native memory allocation (malloc) failed to allocate 32744 bytes for ChunkPool::allocate
# Possible reasons:
#   The system is out of physical RAM or swap space
#   The process is running with CompressedOops enabled, and the Java Heap may be blocking the growth of the native heap
# Possible solutions:
#   Reduce memory load on the system
#   Increase physical memory or swap space
#   Check if swap backing store is full
#   Decrease Java heap size (-Xmx/-Xms)
#   Decrease number of Java threads
#   Decrease Java thread stack sizes (-Xss)
#   Set larger code cache with -XX:ReservedCodeCacheSize=
#   JVM is running with Unscaled Compressed Oops mode in which the Java heap is
#     placed in the first 4GB address space. The Java Heap base address is the
#     maximum limit for the native heap growth. Please use -XX:HeapBaseMinAddress
#     to set the Java Heap base and to place the Java Heap above 4GB virtual address.
# This output file may be truncated or incomplete.
#
#  Out of Memory Error (allocation.cpp:272), pid=2964, tid=0x0000000000001d70
#
# JRE version: OpenJDK Runtime Environment (8.0_202-b03) (build 1.8.0_202-release-1483-b03)
# Java VM: OpenJDK 64-Bit Server VM (25.202-b03 mixed mode windows-amd64 compressed oops)
# Failed to write core dump. Minidumps are not enabled by default on client versions of Windows
#

---------------  T H R E A D  ---------------

Current thread (0x0000000015f24000):  JavaThread "C2 CompilerThread0" daemon [_thread_in_native, id=7536, stack(0x0000000017570000,0x0000000017670000)]

Stack: [0x0000000017570000,0x0000000017670000]
[error occurred during error reporting (printing stack bounds), id 0xc0000005]

Native frames: (J=compiled Java code, j=interpreted, Vv=VM code, C=native code)


Current CompileTask:
C2:  32998 8602   !   4       java.io.ObjectOutputStream::writeObject0 (619 bytes)


---------------  P R O C E S S  ---------------

Java Threads: ( => current thread )
  0x000000001b368000 JavaThread "WorkerExecutor Queue" [_thread_blocked, id=2000, stack(0x00000000247b0000,0x00000000248b0000)]
  0x000000001b364000 JavaThread "RMI TCP Connection(1)-127.0.0.1" daemon [_thread_in_native, id=3416, stack(0x00000000243b0000,0x00000000244b0000)]
  0x000000001b367000 JavaThread "RMI Reaper" [_thread_blocked, id=2436, stack(0x00000000242b0000,0x00000000243b0000)]
  0x000000001b366800 JavaThread "RMI TCP Accept-0" daemon [_thread_in_native, id=8088, stack(0x0000000023cf0000,0x0000000023df0000)]
  0x000000001b361000 JavaThread "GC Daemon" daemon [_thread_blocked, id=6216, stack(0x00000000241b0000,0x00000000242b0000)]
  0x000000001b363800 JavaThread "RMI RenewClean-[127.0.0.1:17736,org.jetbrains.kotlin.daemon.common.LoopbackNetworkInterface$ClientLoopbackSocketFactory@13adde03]" daemon [_thread_blocked, id=2668, stack(0x00000000240b0000,0x00000000241b0000)]
  0x000000001b362000 JavaThread "RMI Scheduler(0)" daemon [_thread_blocked, id=3128, stack(0x0000000023fb0000,0x00000000240b0000)]
  0x000000001b35f800 JavaThread "Cache worker for execution history cache (C:\Users\gokhan\AndroidStudioProjects\DevTask2\.gradle\5.4.1\executionHistory)" [_thread_blocked, id=2440, stack(0x00000000237f0000,0x00000000238f0000)]
  0x00000000182d3800 JavaThread "Execution worker for ':' Thread 3" [_thread_blocked, id=6936, stack(0x00000000236f0000,0x00000000237f0000)]
  0x00000000182d5800 JavaThread "Execution worker for ':' Thread 2" [_thread_in_Java, id=5296, stack(0x00000000235f0000,0x00000000236f0000)]
  0x00000000182d5000 JavaThread "Execution worker for ':'" [_thread_blocked, id=6148, stack(0x00000000234f0000,0x00000000235f0000)]
  0x00000000182d2800 JavaThread "Cache worker for file content cache (C:\Users\gokhan\AndroidStudioProjects\DevTask2\.gradle\5.4.1\fileContent)" [_thread_blocked, id=3640, stack(0x0000000022d50000,0x0000000022e50000)]
  0x00000000182d4000 JavaThread "Cache worker for file content cache (C:\Users\gokhan\.gradle\caches\5.4.1\fileContent)" [_thread_blocked, id=3080, stack(0x0000000022c50000,0x0000000022d50000)]
  0x00000000182d1000 JavaThread "Memory manager" [_thread_blocked, id=8188, stack(0x0000000022b50000,0x0000000022c50000)]
  0x00000000182ce000 JavaThread "Cache worker for Build Output Cleanup Cache (C:\Users\gokhan\AndroidStudioProjects\DevTask2\.gradle\buildOutputCleanup)" [_thread_blocked, id=4368, stack(0x0000000020e80000,0x0000000020f80000)]
  0x00000000182c9800 JavaThread "pool-1-thread-1" [_thread_blocked, id=3200, stack(0x00000000205f0000,0x00000000206f0000)]
  0x00000000182cb000 JavaThread "Build operations Thread 4" [_thread_blocked, id=1896, stack(0x0000000020980000,0x0000000020a80000)]
  0x00000000182c9000 JavaThread "Build operations Thread 3" [_thread_blocked, id=7424, stack(0x0000000020880000,0x0000000020980000)]
  0x00000000182ca800 JavaThread "Build operations Thread 2" [_thread_blocked, id=5684, stack(0x0000000020780000,0x0000000020880000)]
  0x00000000182cc000 JavaThread "Build operations" [_thread_blocked, id=4616, stack(0x0000000020280000,0x0000000020380000)]
  0x00000000182c7800 JavaThread "Cache worker for execution history cache (C:\Users\gokhan\.gradle\caches\5.4.1\executionHistory)" [_thread_blocked, id=7564, stack(0x000000001ff50000,0x0000000020050000)]
  0x00000000182c6800 JavaThread "Cache worker for cache directory md-rule (C:\Users\gokhan\.gradle\caches\5.4.1\md-rule)" [_thread_blocked, id=1664, stack(0x000000001fe50000,0x000000001ff50000)]
  0x0000000019142800 JavaThread "Cache worker for cache directory md-supplier (C:\Users\gokhan\.gradle\caches\5.4.1\md-supplier)" [_thread_blocked, id=1000, stack(0x000000001e690000,0x000000001e790000)]
  0x000000001913f800 JavaThread "Cache worker for file hash cache (C:\Users\gokhan\AndroidStudioProjects\DevTask2\.gradle\5.4.1\fileHashes)" [_thread_blocked, id=5644, stack(0x000000001df90000,0x000000001e090000)]
  0x000000001913b800 JavaThread "Cache worker for journal cache (C:\Users\gokhan\.gradle\caches\journal-1)" [_thread_blocked, id=2864, stack(0x000000001aa20000,0x000000001ab20000)]
  0x000000001913e800 JavaThread "File lock request listener" [_thread_in_native, id=7164, stack(0x000000001a920000,0x000000001aa20000)]
  0x0000000019304800 JavaThread "Cache worker for file hash cache (C:\Users\gokhan\.gradle\caches\5.4.1\fileHashes)" [_thread_blocked, id=4044, stack(0x000000001a820000,0x000000001a920000)]
  0x0000000019081000 JavaThread "Thread-9" [_thread_blocked, id=3864, stack(0x000000001a720000,0x000000001a820000)]
  0x0000000019078800 JavaThread "Stdin handler" [_thread_blocked, id=5416, stack(0x000000001a620000,0x000000001a720000)]
  0x0000000018f0a000 JavaThread "Asynchronous log dispatcher for DefaultDaemonConnection: socket connection from /127.0.0.1:41525 to /127.0.0.1:41526" [_thread_blocked, id=4016, stack(0x000000001a520000,0x000000001a620000)]
  0x0000000018f08800 JavaThread "Daemon worker" [_thread_blocked, id=7752, stack(0x000000001a420000,0x000000001a520000)]
  0x00000000192fb000 JavaThread "Cancel handler" [_thread_blocked, id=2992, stack(0x000000001a320000,0x000000001a420000)]
  0x0000000018df9000 JavaThread "Handler for socket connection from /127.0.0.1:41525 to /127.0.0.1:41526" [_thread_in_native, id=5584, stack(0x000000001a020000,0x000000001a120000)]
  0x0000000018941000 JavaThread "Daemon" [_thread_blocked, id=5428, stack(0x0000000019f20000,0x000000001a020000)]
  0x000000001894f000 JavaThread "Daemon periodic checks" [_thread_blocked, id=7772, stack(0x0000000019e20000,0x0000000019f20000)]
  0x000000001908c000 JavaThread "Incoming local TCP Connector on port 41525" [_thread_in_native, id=6108, stack(0x0000000019c40000,0x0000000019d40000)]
  0x0000000017ad9800 JavaThread "Daemon health stats" [_thread_blocked, id=8072, stack(0x0000000019640000,0x0000000019740000)]
  0x0000000015f7e800 JavaThread "Service Thread" daemon [_thread_blocked, id=3016, stack(0x0000000017c70000,0x0000000017d70000)]
  0x0000000015f3a000 JavaThread "C1 CompilerThread2" daemon [_thread_in_vm, id=7436, stack(0x0000000017770000,0x0000000017870000)]
  0x0000000015f2c000 JavaThread "C2 CompilerThread1" daemon [_thread_in_native, id=3436, stack(0x0000000017670000,0x0000000017770000)]
=>0x0000000015f24000 JavaThread "C2 CompilerThread0" daemon [_thread_in_native, id=7536, stack(0x0000000017570000,0x0000000017670000)]
  0x0000000015f22800 JavaThread "Attach Listener" daemon [_thread_blocked, id=1792, stack(0x0000000017470000,0x0000000017570000)]
  0x0000000015f26000 JavaThread "Signal Dispatcher" daemon [_thread_blocked, id=4124, stack(0x0000000017370000,0x0000000017470000)]
  0x00000000025ac800 JavaThread "Finalizer" daemon [_thread_blocked, id=6424, stack(0x00000000171a0000,0x00000000172a0000)]
  0x0000000015f09000 JavaThread "Reference Handler" daemon [_thread_blocked, id=4500, stack(0x00000000170a0000,0x00000000171a0000)]
  0x000000000247e000 JavaThread "main" [_thread_blocked, id=3564, stack(0x0000000002360000,0x0000000002460000)]

Other Threads:
  0x0000000015ee5800 VMThread [stack: 0x0000000016fa0000,0x00000000170a0000] [id=3696]
  0x00000000178a9800 WatcherThread [stack: 0x0000000017d70000,0x0000000017e70000] [id=4560]

VM state:not at safepoint (normal execution)

VM Mutex/Monitor currently owned by a thread: None

heap address: 0x00000000a0000000, size: 1536 MB, Compressed Oops mode: 32-bit
Narrow klass base: 0x0000000000000000, Narrow klass shift: 3
Compressed class space size: 1073741824 Address: 0x0000000100000000

Heap:
 PSYoungGen      total 202752K, used 158656K [0x00000000e0000000, 0x00000000ee300000, 0x0000000100000000)
  eden space 189952K, 76% used [0x00000000e0000000,0x00000000e8e80b60,0x00000000eb980000)
  from space 12800K, 99% used [0x00000000ed680000,0x00000000ee2ef4e0,0x00000000ee300000)
  to   space 20480K, 0% used [0x00000000ebb00000,0x00000000ebb00000,0x00000000ecf00000)
 ParOldGen       total 94720K, used 30014K [0x00000000a0000000, 0x00000000a5c80000, 0x00000000e0000000)
  object space 94720K, 31% used [0x00000000a0000000,0x00000000a1d4fbc0,0x00000000a5c80000)
 Metaspace       used 67296K, capacity 69649K, committed 69848K, reserved 1110016K
  class space    used 9137K, capacity 9643K, committed 9728K, reserved 1048576K

Card table byte_map: [0x0000000011970000,0x0000000011c80000] byte_map_base: 0x0000000011470000

Marking Bits: (ParMarkBitMap*) 0x000000005fa09f30
 Begin Bits: [0x0000000012280000, 0x0000000013a80000)
 End Bits:   [0x0000000013a80000, 0x0000000015280000)

Polling page: 0x0000000000af0000

CodeCache: size=245760Kb used=23705Kb max_used=23705Kb free=222054Kb
 bounds [0x00000000025b0000, 0x0000000003d00000, 0x00000000115b0000]
 total_blobs=8365 nmethods=7541 adapters=736
 compilation: enabled

Compilation events (10 events):
Event: 32.903 Thread 0x0000000015f3a000 8770       3       org.gradle.tooling.internal.provider.runner.ClientForwardingTaskOperationListener::lookupExistingOperationDescriptor (43 bytes)
Event: 32.904 Thread 0x0000000015f3a000 nmethod 8770 0x0000000003cf1b90 code [0x0000000003cf1d40, 0x0000000003cf24f8]
Event: 32.904 Thread 0x0000000015f3a000 8771       3       org.gradle.tooling.internal.provider.runner.OperationDependenciesResolver$$Lambda$341/903560791::test (8 bytes)
Event: 32.905 Thread 0x0000000015f3a000 nmethod 8771 0x0000000003cf2690 code [0x0000000003cf2800, 0x0000000003cf2b10]
Event: 32.908 Thread 0x0000000015f3a000 8773       3       org.gradle.api.internal.file.DefaultFileCollectionFactory::resolving (35 bytes)
Event: 32.908 Thread 0x0000000015f3a000 nmethod 8773 0x0000000003cf2bd0 code [0x0000000003cf2d80, 0x0000000003cf33f8]
Event: 32.942 Thread 0x0000000015f3a000 8774       3       org.gradle.api.internal.file.DefaultFileCollectionFactory$ResolvingFileCollection::visitContents (23 bytes)
Event: 32.943 Thread 0x0000000015f3a000 nmethod 8774 0x0000000003cf3710 code [0x0000000003cf3880, 0x0000000003cf3b78]
Event: 32.944 Thread 0x0000000015f3a000 8775       3       sun.nio.fs.NativeBuffers::getNativeBufferFromCache (51 bytes)
Event: 32.945 Thread 0x0000000015f3a000 nmethod 8775 0x0000000003cf4010 code [0x0000000003cf41c0, 0x0000000003cf47a8]

GC Heap History (10 events):
Event: 9.680 GC heap before
{Heap before GC invocations=13 (full 2):
 PSYoungGen      total 126464K, used 123904K [0x00000000e0000000, 0x00000000ea600000, 0x0000000100000000)
  eden space 123904K, 100% used [0x00000000e0000000,0x00000000e7900000,0x00000000e7900000)
  from space 2560K, 0% used [0x00000000e8580000,0x00000000e8580000,0x00000000e8800000)
  to   space 12800K, 0% used [0x00000000e7900000,0x00000000e7900000,0x00000000e8580000)
 ParOldGen       total 62464K, used 15694K [0x00000000a0000000, 0x00000000a3d00000, 0x00000000e0000000)
  object space 62464K, 25% used [0x00000000a0000000,0x00000000a0f53af8,0x00000000a3d00000)
 Metaspace       used 46313K, capacity 47386K, committed 47488K, reserved 1089536K
  class space    used 6196K, capacity 6477K, committed 6528K, reserved 1048576K
Event: 9.703 GC heap after
Heap after GC invocations=13 (full 2):
 PSYoungGen      total 136704K, used 12784K [0x00000000e0000000, 0x00000000eb480000, 0x0000000100000000)
  eden space 123904K, 0% used [0x00000000e0000000,0x00000000e0000000,0x00000000e7900000)
  from space 12800K, 99% used [0x00000000e7900000,0x00000000e857c048,0x00000000e8580000)
  to   space 15872K, 0% used [0x00000000ea500000,0x00000000ea500000,0x00000000eb480000)
 ParOldGen       total 62464K, used 19117K [0x00000000a0000000, 0x00000000a3d00000, 0x00000000e0000000)
  object space 62464K, 30% used [0x00000000a0000000,0x00000000a12ab5a0,0x00000000a3d00000)
 Metaspace       used 46313K, capacity 47386K, committed 47488K, reserved 1089536K
  class space    used 6196K, capacity 6477K, committed 6528K, reserved 1048576K
}
Event: 12.273 GC heap before
{Heap before GC invocations=14 (full 2):
 PSYoungGen      total 136704K, used 136688K [0x00000000e0000000, 0x00000000eb480000, 0x0000000100000000)
  eden space 123904K, 100% used [0x00000000e0000000,0x00000000e7900000,0x00000000e7900000)
  from space 12800K, 99% used [0x00000000e7900000,0x00000000e857c048,0x00000000e8580000)
  to   space 15872K, 0% used [0x00000000ea500000,0x00000000ea500000,0x00000000eb480000)
 ParOldGen       total 62464K, used 19117K [0x00000000a0000000, 0x00000000a3d00000, 0x00000000e0000000)
  object space 62464K, 30% used [0x00000000a0000000,0x00000000a12ab5a0,0x00000000a3d00000)
 Metaspace       used 55875K, capacity 57438K, committed 57600K, reserved 1099776K
  class space    used 7512K, capacity 7929K, committed 7936K, reserved 1048576K
Event: 12.303 GC heap after
Heap after GC invocations=14 (full 2):
 PSYoungGen      total 164864K, used 15856K [0x00000000e0000000, 0x00000000ebb00000, 0x0000000100000000)
  eden space 148992K, 0% used [0x00000000e0000000,0x00000000e0000000,0x00000000e9180000)
  from space 15872K, 99% used [0x00000000ea500000,0x00000000eb47c278,0x00000000eb480000)
  to   space 19968K, 0% used [0x00000000e9180000,0x00000000e9180000,0x00000000ea500000)
 ParOldGen       total 62464K, used 24556K [0x00000000a0000000, 0x00000000a3d00000, 0x00000000e0000000)
  object space 62464K, 39% used [0x00000000a0000000,0x00000000a17fb0e0,0x00000000a3d00000)
 Metaspace       used 55875K, capacity 57438K, committed 57600K, reserved 1099776K
  class space    used 7512K, capacity 7929K, committed 7936K, reserved 1048576K
}
Event: 12.578 GC heap before
{Heap before GC invocations=15 (full 2):
 PSYoungGen      total 164864K, used 35791K [0x00000000e0000000, 0x00000000ebb00000, 0x0000000100000000)
  eden space 148992K, 13% used [0x00000000e0000000,0x00000000e1377ca0,0x00000000e9180000)
  from space 15872K, 99% used [0x00000000ea500000,0x00000000eb47c278,0x00000000eb480000)
  to   space 19968K, 0% used [0x00000000e9180000,0x00000000e9180000,0x00000000ea500000)
 ParOldGen       total 62464K, used 24556K [0x00000000a0000000, 0x00000000a3d00000, 0x00000000e0000000)
  object space 62464K, 39% used [0x00000000a0000000,0x00000000a17fb0e0,0x00000000a3d00000)
 Metaspace       used 57368K, capacity 59017K, committed 59096K, reserved 1099776K
  class space    used 7757K, capacity 8192K, committed 8192K, reserved 1048576K
Event: 12.606 GC heap after
Heap after GC invocations=15 (full 2):
 PSYoungGen      total 168960K, used 1707K [0x00000000e0000000, 0x00000000eea00000, 0x0000000100000000)
  eden space 148992K, 0% used [0x00000000e0000000,0x00000000e0000000,0x00000000e9180000)
  from space 19968K, 8% used [0x00000000e9180000,0x00000000e932ae20,0x00000000ea500000)
  to   space 19968K, 0% used [0x00000000ed680000,0x00000000ed680000,0x00000000eea00000)
 ParOldGen       total 62464K, used 38409K [0x00000000a0000000, 0x00000000a3d00000, 0x00000000e0000000)
  object space 62464K, 61% used [0x00000000a0000000,0x00000000a2582700,0x00000000a3d00000)
 Metaspace       used 57368K, capacity 59017K, committed 59096K, reserved 1099776K
  class space    used 7757K, capacity 8192K, committed 8192K, reserved 1048576K
}
Event: 12.606 GC heap before
{Heap before GC invocations=16 (full 3):
 PSYoungGen      total 168960K, used 1707K [0x00000000e0000000, 0x00000000eea00000, 0x0000000100000000)
  eden space 148992K, 0% used [0x00000000e0000000,0x00000000e0000000,0x00000000e9180000)
  from space 19968K, 8% used [0x00000000e9180000,0x00000000e932ae20,0x00000000ea500000)
  to   space 19968K, 0% used [0x00000000ed680000,0x00000000ed680000,0x00000000eea00000)
 ParOldGen       total 62464K, used 38409K [0x00000000a0000000, 0x00000000a3d00000, 0x00000000e0000000)
  object space 62464K, 61% used [0x00000000a0000000,0x00000000a2582700,0x00000000a3d00000)
 Metaspace       used 57368K, capacity 59017K, committed 59096K, reserved 1099776K
  class space    used 7757K, capacity 8192K, committed 8192K, reserved 1048576K
Event: 12.892 GC heap after
Heap after GC invocations=16 (full 3):
 PSYoungGen      total 168960K, used 0K [0x00000000e0000000, 0x00000000eea00000, 0x0000000100000000)
  eden space 148992K, 0% used [0x00000000e0000000,0x00000000e0000000,0x00000000e9180000)
  from space 19968K, 0% used [0x00000000e9180000,0x00000000e9180000,0x00000000ea500000)
  to   space 19968K, 0% used [0x00000000ed680000,0x00000000ed680000,0x00000000eea00000)
 ParOldGen       total 94720K, used 30006K [0x00000000a0000000, 0x00000000a5c80000, 0x00000000e0000000)
  object space 94720K, 31% used [0x00000000a0000000,0x00000000a1d4dbc0,0x00000000a5c80000)
 Metaspace       used 57368K, capacity 59017K, committed 59096K, reserved 1099776K
  class space    used 7757K, capacity 8192K, committed 8192K, reserved 1048576K
}
Event: 15.814 GC heap before
{Heap before GC invocations=17 (full 3):
 PSYoungGen      total 168960K, used 148992K [0x00000000e0000000, 0x00000000eea00000, 0x0000000100000000)
  eden space 148992K, 100% used [0x00000000e0000000,0x00000000e9180000,0x00000000e9180000)
  from space 19968K, 0% used [0x00000000e9180000,0x00000000e9180000,0x00000000ea500000)
  to   space 19968K, 0% used [0x00000000ed680000,0x00000000ed680000,0x00000000eea00000)
 ParOldGen       total 94720K, used 30006K [0x00000000a0000000, 0x00000000a5c80000, 0x00000000e0000000)
  object space 94720K, 31% used [0x00000000a0000000,0x00000000a1d4dbc0,0x00000000a5c80000)
 Metaspace       used 61734K, capacity 63673K, committed 63832K, reserved 1103872K
  class space    used 8323K, capacity 8777K, committed 8832K, reserved 1048576K
Event: 15.845 GC heap after
Heap after GC invocations=17 (full 3):
 PSYoungGen      total 202752K, used 12733K [0x00000000e0000000, 0x00000000ee300000, 0x0000000100000000)
  eden space 189952K, 0% used [0x00000000e0000000,0x00000000e0000000,0x00000000eb980000)
  from space 12800K, 99% used [0x00000000ed680000,0x00000000ee2ef4e0,0x00000000ee300000)
  to   space 20480K, 0% used [0x00000000ebb00000,0x00000000ebb00000,0x00000000ecf00000)
 ParOldGen       total 94720K, used 30014K [0x00000000a0000000, 0x00000000a5c80000, 0x00000000e0000000)
  object space 94720K, 31% used [0x00000000a0000000,0x00000000a1d4fbc0,0x00000000a5c80000)
 Metaspace       used 61734K, capacity 63673K, committed 63832K, reserved 1103872K
  class space    used 8323K, capacity 8777K, committed 8832K, reserved 1048576K
}

Deoptimization events (10 events):
Event: 32.418 Thread 0x000000001b35f800 Uncommon trap: reason=unstable_if action=reinterpret pc=0x0000000002b657b8 method=com.esotericsoftware.kryo.io.Output.writeString(Ljava/lang/CharSequence;)V @ 50
Event: 32.418 Thread 0x000000001b35f800 Uncommon trap: reason=unstable_if action=reinterpret pc=0x0000000003bfc7d8 method=com.esotericsoftware.kryo.io.Output.writeBytes([BII)V @ 61
Event: 32.419 Thread 0x000000001b35f800 Uncommon trap: reason=unstable_if action=reinterpret pc=0x00000000026fa058 method=com.esotericsoftware.kryo.io.Output.writeString(Ljava/lang/CharSequence;)V @ 50
Event: 32.429 Thread 0x000000001b35f800 Uncommon trap: reason=predicate action=maybe_recompile pc=0x0000000002816848 method=java.util.Collections.indexedBinarySearch(Ljava/util/List;Ljava/lang/Object;)I @ 16
Event: 32.430 Thread 0x000000001b35f800 Uncommon trap: reason=unstable_if action=reinterpret pc=0x0000000003a204ac method=org.gradle.internal.io.StreamByteBuffer.prepareRead()I @ 30
Event: 32.430 Thread 0x000000001b35f800 Uncommon trap: reason=unstable_if action=reinterpret pc=0x00000000038d2c1c method=java.io.BufferedOutputStream.write([BII)V @ 6
Event: 32.802 Thread 0x000000001b368000 Uncommon trap: reason=null_check action=make_not_entrant pc=0x0000000002dd7cdc method=sun.nio.fs.NativeBuffers.getNativeBufferFromCache(I)Lsun/nio/fs/NativeBuffer; @ 6
Event: 32.802 Thread 0x000000001b368000 Uncommon trap: reason=null_check action=make_not_entrant pc=0x0000000002fb4ff4 method=sun.nio.fs.NativeBuffers.getNativeBufferFromCache(I)Lsun/nio/fs/NativeBuffer; @ 6
Event: 32.802 Thread 0x000000001b368000 Uncommon trap: reason=null_check action=make_not_entrant pc=0x000000000285ed8c method=sun.nio.fs.NativeBuffers.releaseNativeBuffer(Lsun/nio/fs/NativeBuffer;)V @ 6
Event: 32.890 Thread 0x000000001b35f800 Uncommon trap: reason=unstable_if action=reinterpret pc=0x0000000002ec6a8c method=java.io.BufferedOutputStream.write([BII)V @ 6

Classes redefined (0 events):
No events

Internal exceptions (10 events):
Event: 18.605 Thread 0x00000000182d5800 Exception <a 'java/lang/NoSuchMethodError': <clinit>> (0x00000000e749c1c8) thrown at [D:\src\AOSP-openjdk-cygwin\jdk8u\hotspot\src\share\vm\prims\jni.cpp, line 1614]
Event: 18.620 Thread 0x00000000182d5800 Exception <a 'java/lang/NoSuchMethodError': <clinit>> (0x00000000e75009c8) thrown at [D:\src\AOSP-openjdk-cygwin\jdk8u\hotspot\src\share\vm\prims\jni.cpp, line 1614]
Event: 18.652 Thread 0x00000000182d5800 Exception <a 'java/lang/NoSuchMethodError': <clinit>> (0x00000000e765d9d8) thrown at [D:\src\AOSP-openjdk-cygwin\jdk8u\hotspot\src\share\vm\prims\jni.cpp, line 1614]
Event: 18.658 Thread 0x00000000182d5800 Exception <a 'java/lang/NoSuchMethodError': <clinit>> (0x00000000e77723c0) thrown at [D:\src\AOSP-openjdk-cygwin\jdk8u\hotspot\src\share\vm\prims\jni.cpp, line 1614]
Event: 32.517 Thread 0x00000000182d5800 Exception <a 'java/lang/NoSuchMethodError': <clinit>> (0x00000000e7e54ba8) thrown at [D:\src\AOSP-openjdk-cygwin\jdk8u\hotspot\src\share\vm\prims\jni.cpp, line 1614]
Event: 32.518 Thread 0x00000000182d5800 Exception <a 'java/lang/NoSuchMethodError': <clinit>> (0x00000000e7e65360) thrown at [D:\src\AOSP-openjdk-cygwin\jdk8u\hotspot\src\share\vm\prims\jni.cpp, line 1614]
Event: 32.523 Thread 0x00000000182d5800 Exception <a 'java/lang/NoSuchMethodError': <clinit>> (0x00000000e7ea8b98) thrown at [D:\src\AOSP-openjdk-cygwin\jdk8u\hotspot\src\share\vm\prims\jni.cpp, line 1614]
Event: 32.802 Thread 0x000000001b368000 Implicit null exception at 0x0000000002fb4bc9 to 0x0000000002fb4fe4
Event: 32.802 Thread 0x000000001b368000 Exception <a 'sun/nio/fs/WindowsException'> (0x00000000e82741f8) thrown at [D:\src\AOSP-openjdk-cygwin\jdk8u\hotspot\src\share\vm\prims\jni.cpp, line 710]
Event: 32.802 Thread 0x000000001b368000 Implicit null exception at 0x000000000285ea69 to 0x000000000285ed7c

Events (10 events):
Event: 32.890 Thread 0x000000001b35f800 DEOPT UNPACKING pc=0x00000000025f75d0 sp=0x00000000238edd68 mode 0
Event: 32.890 Thread 0x000000001b35f800 Uncommon trap: trap_request=0xffffff65 fr.pc=0x0000000002ec6a8c
Event: 32.890 Thread 0x000000001b35f800 DEOPT PACKING pc=0x0000000002ec6a8c sp=0x00000000238ee120
Event: 32.890 Thread 0x000000001b35f800 DEOPT UNPACKING pc=0x00000000025f557b sp=0x00000000238ee0d0 mode 2
Event: 32.909 Executing VM operation: RevokeBias
Event: 32.910 Executing VM operation: RevokeBias done
Event: 32.943 Executing VM operation: RevokeBias
Event: 32.943 Executing VM operation: RevokeBias done
Event: 32.953 loading class com/google/common/base/Equivalence$1
Event: 32.953 loading class com/google/common/base/Equivalence$1 done


Dynamic libraries:
0x00007ff77d8c0000 - 0x00007ff77d8f1000 	C:\Program Files\Android\Android Studio\jre\bin\java.exe
0x00007fffaba90000 - 0x00007fffabc3d000 	C:\WINDOWS\SYSTEM32\ntdll.dll
0x00007fffa9320000 - 0x00007fffa945f000 	C:\WINDOWS\system32\KERNEL32.DLL
0x00007fffa8fa0000 - 0x00007fffa90b6000 	C:\WINDOWS\system32\KERNELBASE.dll
0x00007fffa94c0000 - 0x00007fffa956a000 	C:\WINDOWS\system32\ADVAPI32.dll
0x00007fffaac80000 - 0x00007fffaadf7000 	C:\WINDOWS\system32\USER32.dll
0x00007fffa6360000 - 0x00007fffa65db000 	C:\WINDOWS\WinSxS\amd64_microsoft.windows.common-controls_6595b64144ccf1df_6.0.9600.19394_none_62486577ecb635cf\COMCTL32.dll
0x00007fffab970000 - 0x00007fffaba1a000 	C:\WINDOWS\system32\msvcrt.dll
0x00007fffaba30000 - 0x00007fffaba89000 	C:\WINDOWS\SYSTEM32\sechost.dll
0x00007fffa91e0000 - 0x00007fffa9320000 	C:\WINDOWS\system32\RPCRT4.dll
0x00007fffab730000 - 0x00007fffab87c000 	C:\WINDOWS\system32\GDI32.dll
0x00007fffa8d40000 - 0x00007fffa8d6e000 	C:\WINDOWS\system32\SspiCli.dll
0x00007fffab6f0000 - 0x00007fffab726000 	C:\WINDOWS\system32\IMM32.DLL
0x00007fffab520000 - 0x00007fffab672000 	C:\WINDOWS\system32\MSCTF.dll
0x000000005f160000 - 0x000000005f232000 	C:\Program Files\Android\Android Studio\jre\jre\bin\msvcr100.dll
0x000000005f240000 - 0x000000005fa86000 	C:\Program Files\Android\Android Studio\jre\jre\bin\server\jvm.dll
0x00007fff9f110000 - 0x00007fff9f119000 	C:\WINDOWS\SYSTEM32\WSOCK32.dll
0x00007fffa23c0000 - 0x00007fffa23e2000 	C:\WINDOWS\SYSTEM32\WINMM.dll
0x00007fff9f0f0000 - 0x00007fff9f0fa000 	C:\WINDOWS\SYSTEM32\VERSION.dll
0x00007fffab680000 - 0x00007fffab687000 	C:\WINDOWS\system32\PSAPI.DLL
0x00007fffa9460000 - 0x00007fffa94ba000 	C:\WINDOWS\system32\WS2_32.dll
0x00007fffa2390000 - 0x00007fffa23ba000 	C:\WINDOWS\SYSTEM32\WINMMBASE.dll
0x00007fffaba20000 - 0x00007fffaba29000 	C:\WINDOWS\system32\NSI.dll
0x00007fffa8d70000 - 0x00007fffa8dbf000 	C:\WINDOWS\SYSTEM32\cfgmgr32.dll
0x00007fffa7a00000 - 0x00007fffa7a28000 	C:\WINDOWS\SYSTEM32\DEVOBJ.dll
0x00007fffa4b80000 - 0x00007fffa4b8f000 	C:\Program Files\Android\Android Studio\jre\jre\bin\verify.dll
0x00007fffa4570000 - 0x00007fffa4599000 	C:\Program Files\Android\Android Studio\jre\jre\bin\java.dll
0x00007fffa4910000 - 0x00007fffa4926000 	C:\Program Files\Android\Android Studio\jre\jre\bin\zip.dll
0x00007fffa9750000 - 0x00007fffaac7b000 	C:\WINDOWS\system32\SHELL32.dll
0x00007fffab030000 - 0x00007fffab240000 	C:\WINDOWS\SYSTEM32\combase.dll
0x00007fffab690000 - 0x00007fffab6e4000 	C:\WINDOWS\system32\SHLWAPI.dll
0x00007fffa6d70000 - 0x00007fffa6e22000 	C:\WINDOWS\SYSTEM32\SHCORE.dll
0x00007fffa8bc0000 - 0x00007fffa8bd5000 	C:\WINDOWS\SYSTEM32\profapi.dll
0x00007fffa4810000 - 0x00007fffa482a000 	C:\Program Files\Android\Android Studio\jre\jre\bin\net.dll
0x00007fffa8450000 - 0x00007fffa84a9000 	C:\WINDOWS\system32\mswsock.dll
0x00007fffa4500000 - 0x00007fffa4511000 	C:\Program Files\Android\Android Studio\jre\jre\bin\nio.dll
0x00007fffa0cf0000 - 0x00007fffa0d16000 	C:\Users\gokhan\.gradle\native\29\windows-amd64\native-platform.dll
0x00007fffa44f0000 - 0x00007fffa44fd000 	C:\Program Files\Android\Android Studio\jre\jre\bin\management.dll
0x00007fffa84b0000 - 0x00007fffa84d0000 	C:\WINDOWS\SYSTEM32\CRYPTSP.dll
0x00007fffa8070000 - 0x00007fffa80a6000 	C:\WINDOWS\system32\rsaenh.dll
0x00007fffa8700000 - 0x00007fffa8726000 	C:\WINDOWS\SYSTEM32\bcrypt.dll
0x00007fffa81e0000 - 0x00007fffa8201000 	C:\WINDOWS\SYSTEM32\USERENV.dll
0x00007fffa8a20000 - 0x00007fffa8a83000 	C:\WINDOWS\system32\bcryptprimitives.dll
0x00007fffa8a90000 - 0x00007fffa8a9b000 	C:\WINDOWS\SYSTEM32\CRYPTBASE.dll
0x00007fffa3b00000 - 0x00007fffa3b2a000 	C:\WINDOWS\SYSTEM32\IPHLPAPI.DLL
0x00007fffa3ae0000 - 0x00007fffa3aea000 	C:\WINDOWS\SYSTEM32\WINNSI.DLL
0x00007fffa35b0000 - 0x00007fffa35c6000 	C:\WINDOWS\SYSTEM32\dhcpcsvc6.DLL
0x00007fffa3790000 - 0x00007fffa37aa000 	C:\WINDOWS\SYSTEM32\dhcpcsvc.DLL

VM Arguments:
jvm_args: -Xmx1536m -Dfile.encoding=windows-1254 -Duser.country=TR -Duser.language=tr -Duser.variant 
java_command: org.gradle.launcher.daemon.bootstrap.GradleDaemon 5.4.1
java_class_path (initial): C:\Users\gokhan\.gradle\wrapper\dists\gradle-5.4.1-all\3221gyojl5jsh0helicew7rwx\gradle-5.4.1\lib\gradle-launcher-5.4.1.jar
Launcher Type: SUN_STANDARD

Environment Variables:
PATH=C:\ProgramData\Oracle\Java\javapath;C:\Program Files (x86)\Intel\iCLS Client\;C:\Program Files\Intel\iCLS Client\;C:\WINDOWS\system32;C:\WINDOWS;C:\WINDOWS\System32\Wbem;C:\WINDOWS\System32\WindowsPowerShell\v1.0\;C:\Program Files\Intel\WiFi\bin\;C:\Program Files\Common Files\Intel\WirelessCommon\;C:\Program Files (x86)\Intel\OpenCL SDK\3.0\bin\x86;C:\Program Files (x86)\Intel\OpenCL SDK\3.0\bin\x64;C:\Program Files\Intel\Intel(R) Management Engine Components\DAL;C:\Program Files\Intel\Intel(R) Management Engine Components\IPT;C:\Program Files (x86)\Intel\Intel(R) Management Engine Components\DAL;C:\Program Files (x86)\Intel\Intel(R) Management Engine Components\IPT;C:\Program Files\Sony\VAIO Improvement;C:\Program Files (x86)\Sony\VAIO BIOS Data Transfer Utility\;C:\Program Files (x86)\Sony\VAIO Startup Setting Tool;C:\Program Files\Microsoft\Web Platform Installer\;C:\Program Files (x86)\Microsoft ASP.NET\ASP.NET Web Pages\v1.0\;C:\Program Files (x86)\Windows Kits\8.0\Windows Performance Toolkit\;C:\Program Files\Microsoft SQL Server\110\Tools\Binn\;C:\Program Files (x86)\Microsoft SQL Server\100\Tools\Binn\;C:\Program Files\Microsoft SQL Server\100\Tools\Binn\;C:\Program Files\Microsoft SQL Server\100\DTS\Binn\;C:\Program Files (x86)\Microsoft SQL Server\100\Tools\Binn\VSShell\Common7\IDE\;C:\Program Files (x86)\Microsoft Visual Studio 9.0\Common7\IDE\PrivateAssemblies\;C:\Program Files (x86)\Microsoft SQL Server\100\DTS\Binn\
USERNAME=gmisket
OS=Windows_NT
PROCESSOR_IDENTIFIER=Intel64 Family 6 Model 69 Stepping 1, GenuineIntel



---------------  S Y S T E M  ---------------

OS: Windows 8.1 , 64 bit Build 9600 (6.3.9600.19538)

CPU:total 4 (initial active 4) (2 cores per cpu, 2 threads per core) family 6 model 69 stepping 1, cmov, cx8, fxsr, mmx, sse, sse2, sse3, ssse3, sse4.1, sse4.2, popcnt, avx, avx2, aes, clmul, erms, lzcnt, ht, tsc, tscinvbit, bmi1, bmi2

Memory: 4k page, physical 4098928k(250196k free), swap 7244656k(7440k free)

vm_info: OpenJDK 64-Bit Server VM (25.202-b03) for windows-amd64 JRE (1.8.0_202-release-1483-b03), built by "builder" with MS VC++ 10.0 (VS2010)

time: Wed Feb 05 00:47:02 2020
timezone: Türkiye Standart Saati
elapsed time: 32 seconds (0d 0h 0m 32s)

