#
# There is insufficient memory for the Java Runtime Environment to continue.
# Native memory allocation (malloc) failed to allocate 2163968 bytes for Chunk::new
# Possible reasons:
#   The system is out of physical RAM or swap space
#   The process is running with CompressedOops enabled, and the Java Heap may be blocking the growth of the native heap
# Possible solutions:
#   Reduce memory load on the system
#   Increase physical memory or swap space
#   Check if swap backing store is full
#   Decrease Java heap size (-Xmx/-Xms)
#   Decrease number of Java threads
#   Decrease Java thread stack sizes (-Xss)
#   Set larger code cache with -XX:ReservedCodeCacheSize=
#   JVM is running with Unscaled Compressed Oops mode in which the Java heap is
#     placed in the first 4GB address space. The Java Heap base address is the
#     maximum limit for the native heap growth. Please use -XX:HeapBaseMinAddress
#     to set the Java Heap base and to place the Java Heap above 4GB virtual address.
# This output file may be truncated or incomplete.
#
#  Out of Memory Error (allocation.cpp:389), pid=7080, tid=0x00000000000019ac
#
# JRE version: OpenJDK Runtime Environment (8.0_202-b03) (build 1.8.0_202-release-1483-b03)
# Java VM: OpenJDK 64-Bit Server VM (25.202-b03 mixed mode windows-amd64 compressed oops)
# Failed to write core dump. Minidumps are not enabled by default on client versions of Windows
#

---------------  T H R E A D  ---------------

Current thread (0x00000000160dc800):  JavaThread "C2 CompilerThread1" daemon [_thread_in_native, id=6572, stack(0x0000000017750000,0x0000000017850000)]

Stack: [0x0000000017750000,0x0000000017850000]
[error occurred during error reporting (printing stack bounds), id 0xc0000005]

Native frames: (J=compiled Java code, j=interpreted, Vv=VM code, C=native code)


Current CompileTask:
C2:  21577 10366       4       org.objectweb.asm.ClassReader::readMethod (1047 bytes)


---------------  P R O C E S S  ---------------

Java Threads: ( => current thread )
  0x000000001ca16000 JavaThread "Cache worker for Java compile cache (C:\Users\gokhan\AndroidStudioProjects\DevTask2\.gradle\5.4.1\javaCompile)" [_thread_in_Java, id=4840, stack(0x00000000239c0000,0x0000000023ac0000)]
  0x000000001ca13800 JavaThread "Cache worker for Java compile cache (C:\Users\gokhan\.gradle\caches\5.4.1\javaCompile)" [_thread_blocked, id=2600, stack(0x0000000023b30000,0x0000000023c30000)]
  0x000000001ca0f000 JavaThread "Cache worker for execution history cache (C:\Users\gokhan\AndroidStudioProjects\DevTask2\.gradle\5.4.1\executionHistory)" [_thread_blocked, id=5984, stack(0x00000000236c0000,0x00000000237c0000)]
  0x000000001ca12000 JavaThread "Execution worker for ':' Thread 3" [_thread_blocked, id=2964, stack(0x00000000235c0000,0x00000000236c0000)]
  0x000000001ca10000 JavaThread "Execution worker for ':' Thread 2" [_thread_blocked, id=4560, stack(0x00000000234c0000,0x00000000235c0000)]
  0x000000001ca0e800 JavaThread "Execution worker for ':'" [_thread_blocked, id=2000, stack(0x00000000233c0000,0x00000000234c0000)]
  0x000000001ca11800 JavaThread "Cache worker for file content cache (C:\Users\gokhan\AndroidStudioProjects\DevTask2\.gradle\5.4.1\fileContent)" [_thread_blocked, id=6216, stack(0x0000000022ec0000,0x0000000022fc0000)]
  0x000000001ca10800 JavaThread "Cache worker for file content cache (C:\Users\gokhan\.gradle\caches\5.4.1\fileContent)" [_thread_blocked, id=8088, stack(0x0000000022dc0000,0x0000000022ec0000)]
  0x000000001ca0d800 JavaThread "Memory manager" [_thread_blocked, id=2436, stack(0x0000000022ac0000,0x0000000022bc0000)]
  0x000000001ca0a000 JavaThread "Cache worker for Build Output Cleanup Cache (C:\Users\gokhan\AndroidStudioProjects\DevTask2\.gradle\buildOutputCleanup)" [_thread_blocked, id=6148, stack(0x0000000021dc0000,0x0000000021ec0000)]
  0x000000001ca0a800 JavaThread "pool-1-thread-1" [_thread_blocked, id=3640, stack(0x00000000210a0000,0x00000000211a0000)]
  0x000000001ca0d000 JavaThread "Build operations Thread 4" [_thread_blocked, id=3080, stack(0x00000000216c0000,0x00000000217c0000)]
  0x000000001ca09000 JavaThread "Build operations Thread 3" [_thread_blocked, id=8188, stack(0x00000000215c0000,0x00000000216c0000)]
  0x000000001ca0c000 JavaThread "Build operations Thread 2" [_thread_blocked, id=4368, stack(0x00000000212c0000,0x00000000213c0000)]
  0x000000001ca08800 JavaThread "Build operations" [_thread_blocked, id=3200, stack(0x00000000211c0000,0x00000000212c0000)]
  0x000000001ca0b800 JavaThread "Cache worker for execution history cache (C:\Users\gokhan\.gradle\caches\5.4.1\executionHistory)" [_thread_blocked, id=8140, stack(0x0000000020da0000,0x0000000020ea0000)]
  0x000000001ca07800 JavaThread "Cache worker for cache directory md-rule (C:\Users\gokhan\.gradle\caches\5.4.1\md-rule)" [_thread_blocked, id=4616, stack(0x0000000020ca0000,0x0000000020da0000)]
  0x00000000192e1800 JavaThread "Cache worker for cache directory md-supplier (C:\Users\gokhan\.gradle\caches\5.4.1\md-supplier)" [_thread_blocked, id=5684, stack(0x0000000020ba0000,0x0000000020ca0000)]
  0x00000000192dd800 JavaThread "Cache worker for file hash cache (C:\Users\gokhan\AndroidStudioProjects\DevTask2\.gradle\5.4.1\fileHashes)" [_thread_blocked, id=4016, stack(0x000000001e050000,0x000000001e150000)]
  0x00000000192dd000 JavaThread "Cache worker for journal cache (C:\Users\gokhan\.gradle\caches\journal-1)" [_thread_blocked, id=7164, stack(0x000000001aae0000,0x000000001abe0000)]
  0x00000000192dc000 JavaThread "File lock request listener" [_thread_in_native, id=4044, stack(0x000000001a9e0000,0x000000001aae0000)]
  0x0000000019558000 JavaThread "Cache worker for file hash cache (C:\Users\gokhan\.gradle\caches\5.4.1\fileHashes)" [_thread_blocked, id=5416, stack(0x000000001a8e0000,0x000000001a9e0000)]
  0x0000000018f20800 JavaThread "Thread-9" [_thread_blocked, id=7752, stack(0x000000001a7e0000,0x000000001a8e0000)]
  0x0000000018f1e000 JavaThread "Stdin handler" [_thread_blocked, id=2992, stack(0x000000001a6e0000,0x000000001a7e0000)]
  0x0000000018f0c000 JavaThread "Asynchronous log dispatcher for DefaultDaemonConnection: socket connection from /127.0.0.1:41921 to /127.0.0.1:41922" [_thread_blocked, id=5584, stack(0x000000001a5e0000,0x000000001a6e0000)]
  0x0000000019230000 JavaThread "Daemon worker" [_thread_blocked, id=6108, stack(0x000000001a4e0000,0x000000001a5e0000)]
  0x000000001922f800 JavaThread "Cancel handler" [_thread_blocked, id=3564, stack(0x000000001a3e0000,0x000000001a4e0000)]
  0x00000000191d0800 JavaThread "Handler for socket connection from /127.0.0.1:41921 to /127.0.0.1:41922" [_thread_in_native, id=7436, stack(0x000000001a0e0000,0x000000001a1e0000)]
  0x0000000018eef000 JavaThread "Daemon" [_thread_blocked, id=3436, stack(0x0000000019fe0000,0x000000001a0e0000)]
  0x0000000019255000 JavaThread "Daemon periodic checks" [_thread_blocked, id=7536, stack(0x0000000019ee0000,0x0000000019fe0000)]
  0x0000000019253800 JavaThread "Incoming local TCP Connector on port 41921" [_thread_in_native, id=1792, stack(0x0000000019d00000,0x0000000019e00000)]
  0x00000000190ba000 JavaThread "Daemon health stats" [_thread_blocked, id=4500, stack(0x0000000019720000,0x0000000019820000)]
  0x0000000017988800 JavaThread "Service Thread" daemon [_thread_blocked, id=4980, stack(0x0000000017d50000,0x0000000017e50000)]
  0x00000000160e8000 JavaThread "C1 CompilerThread2" daemon [_thread_blocked, id=4820, stack(0x0000000017850000,0x0000000017950000)]
=>0x00000000160dc800 JavaThread "C2 CompilerThread1" daemon [_thread_in_native, id=6572, stack(0x0000000017750000,0x0000000017850000)]
  0x00000000160d4000 JavaThread "C2 CompilerThread0" daemon [_thread_in_native, id=5476, stack(0x0000000017650000,0x0000000017750000)]
  0x00000000160d3800 JavaThread "Attach Listener" daemon [_thread_blocked, id=5112, stack(0x0000000017550000,0x0000000017650000)]
  0x00000000160d7800 JavaThread "Signal Dispatcher" daemon [_thread_blocked, id=7876, stack(0x0000000017450000,0x0000000017550000)]
  0x000000000275e000 JavaThread "Finalizer" daemon [_thread_blocked, id=5792, stack(0x0000000017350000,0x0000000017450000)]
  0x00000000160b9000 JavaThread "Reference Handler" daemon [_thread_blocked, id=5548, stack(0x0000000017250000,0x0000000017350000)]
  0x000000000265e000 JavaThread "main" [_thread_blocked, id=588, stack(0x0000000002460000,0x0000000002560000)]

Other Threads:
  0x0000000016095800 VMThread [stack: 0x0000000017150000,0x0000000017250000] [id=6992]
  0x000000001612b800 WatcherThread [stack: 0x0000000017e50000,0x0000000017f50000] [id=3696]

VM state:not at safepoint (normal execution)

VM Mutex/Monitor currently owned by a thread: None

heap address: 0x00000000a0000000, size: 1536 MB, Compressed Oops mode: 32-bit
Narrow klass base: 0x0000000000000000, Narrow klass shift: 3
Compressed class space size: 1073741824 Address: 0x0000000100000000

Heap:
 PSYoungGen      total 247296K, used 109752K [0x00000000e0000000, 0x00000000f0c00000, 0x0000000100000000)
  eden space 228864K, 39% used [0x00000000e0000000,0x00000000e592eeb8,0x00000000edf80000)
  from space 18432K, 99% used [0x00000000ee800000,0x00000000ef9ff4d0,0x00000000efa00000)
  to   space 14848K, 0% used [0x00000000efd80000,0x00000000efd80000,0x00000000f0c00000)
 ParOldGen       total 78848K, used 52621K [0x00000000a0000000, 0x00000000a4d00000, 0x00000000e0000000)
  object space 78848K, 66% used [0x00000000a0000000,0x00000000a33634c0,0x00000000a4d00000)
 Metaspace       used 70340K, capacity 72441K, committed 72792K, reserved 1112064K
  class space    used 9288K, capacity 9747K, committed 9856K, reserved 1048576K

Card table byte_map: [0x0000000011b20000,0x0000000011e30000] byte_map_base: 0x0000000011620000

Marking Bits: (ParMarkBitMap*) 0x000000005fa09f30
 Begin Bits: [0x0000000012430000, 0x0000000013c30000)
 End Bits:   [0x0000000013c30000, 0x0000000015430000)

Polling page: 0x0000000000ae0000

CodeCache: size=245760Kb used=31358Kb max_used=31361Kb free=214401Kb
 bounds [0x0000000002760000, 0x0000000004630000, 0x0000000011760000]
 total_blobs=10090 nmethods=9263 adapters=739
 compilation: enabled

Compilation events (10 events):
Event: 21.496 Thread 0x00000000160d4000 nmethod 10386 0x00000000044d0b10 code [0x00000000044d0c40, 0x00000000044d0cb8]
Event: 21.496 Thread 0x00000000160d4000 10385       4       org.objectweb.asm.MethodVisitor::visitCode (15 bytes)
Event: 21.497 Thread 0x00000000160d4000 nmethod 10385 0x00000000044f6490 code [0x00000000044f65c0, 0x00000000044f6638]
Event: 21.497 Thread 0x00000000160d4000 10404 %     4       org.gradle.api.internal.tasks.compile.incremental.asm.ClassDependenciesVisitor::collectClassDependencies @ 9 (111 bytes)
Event: 21.497 Thread 0x00000000160e8000 10405       3       com.google.common.io.CountingOutputStream::write (22 bytes)
Event: 21.497 Thread 0x00000000160e8000 nmethod 10405 0x00000000046019d0 code [0x0000000004601b40, 0x0000000004601d88]
Event: 21.498 Thread 0x00000000160e8000 10406  s    3       java.io.BufferedOutputStream::write (67 bytes)
Event: 21.499 Thread 0x00000000160e8000 nmethod 10406 0x0000000004600cd0 code [0x0000000004600ea0, 0x00000000046016f8]
Event: 21.500 Thread 0x00000000160e8000 10407       3       java.util.concurrent.ConcurrentLinkedQueue::poll (85 bytes)
Event: 21.501 Thread 0x00000000160e8000 nmethod 10407 0x00000000045fd990 code [0x00000000045fdb60, 0x00000000045fe4d0]

GC Heap History (10 events):
Event: 11.377 GC heap before
{Heap before GC invocations=14 (full 2):
 PSYoungGen      total 143872K, used 143864K [0x00000000e0000000, 0x00000000ec480000, 0x0000000100000000)
  eden space 132096K, 100% used [0x00000000e0000000,0x00000000e8100000,0x00000000e8100000)
  from space 11776K, 99% used [0x00000000e8100000,0x00000000e8c7e3c0,0x00000000e8c80000)
  to   space 15360K, 0% used [0x00000000eb580000,0x00000000eb580000,0x00000000ec480000)
 ParOldGen       total 54784K, used 20850K [0x00000000a0000000, 0x00000000a3580000, 0x00000000e0000000)
  object space 54784K, 38% used [0x00000000a0000000,0x00000000a145caf8,0x00000000a3580000)
 Metaspace       used 57113K, capacity 58714K, committed 58880K, reserved 1099776K
  class space    used 7717K, capacity 8121K, committed 8192K, reserved 1048576K
Event: 11.405 GC heap after
Heap after GC invocations=14 (full 2):
 PSYoungGen      total 182784K, used 14238K [0x00000000e0000000, 0x00000000ec580000, 0x0000000100000000)
  eden space 167424K, 0% used [0x00000000e0000000,0x00000000e0000000,0x00000000ea380000)
  from space 15360K, 92% used [0x00000000eb580000,0x00000000ec367bd8,0x00000000ec480000)
  to   space 17408K, 0% used [0x00000000ea380000,0x00000000ea380000,0x00000000eb480000)
 ParOldGen       total 54784K, used 29251K [0x00000000a0000000, 0x00000000a3580000, 0x00000000e0000000)
  object space 54784K, 53% used [0x00000000a0000000,0x00000000a1c90c50,0x00000000a3580000)
 Metaspace       used 57113K, capacity 58714K, committed 58880K, reserved 1099776K
  class space    used 7717K, capacity 8121K, committed 8192K, reserved 1048576K
}
Event: 11.455 GC heap before
{Heap before GC invocations=15 (full 2):
 PSYoungGen      total 182784K, used 20705K [0x00000000e0000000, 0x00000000ec580000, 0x0000000100000000)
  eden space 167424K, 3% used [0x00000000e0000000,0x00000000e06508d0,0x00000000ea380000)
  from space 15360K, 92% used [0x00000000eb580000,0x00000000ec367bd8,0x00000000ec480000)
  to   space 17408K, 0% used [0x00000000ea380000,0x00000000ea380000,0x00000000eb480000)
 ParOldGen       total 54784K, used 29251K [0x00000000a0000000, 0x00000000a3580000, 0x00000000e0000000)
  object space 54784K, 53% used [0x00000000a0000000,0x00000000a1c90c50,0x00000000a3580000)
 Metaspace       used 57356K, capacity 59017K, committed 59096K, reserved 1099776K
  class space    used 7755K, capacity 8192K, committed 8192K, reserved 1048576K
Event: 11.472 GC heap after
Heap after GC invocations=15 (full 2):
 PSYoungGen      total 184832K, used 6120K [0x00000000e0000000, 0x00000000f0e00000, 0x0000000100000000)
  eden space 167424K, 0% used [0x00000000e0000000,0x00000000e0000000,0x00000000ea380000)
  from space 17408K, 35% used [0x00000000ea380000,0x00000000ea97a010,0x00000000eb480000)
  to   space 16896K, 0% used [0x00000000efd80000,0x00000000efd80000,0x00000000f0e00000)
 ParOldGen       total 54784K, used 29259K [0x00000000a0000000, 0x00000000a3580000, 0x00000000e0000000)
  object space 54784K, 53% used [0x00000000a0000000,0x00000000a1c92c50,0x00000000a3580000)
 Metaspace       used 57356K, capacity 59017K, committed 59096K, reserved 1099776K
  class space    used 7755K, capacity 8192K, committed 8192K, reserved 1048576K
}
Event: 11.472 GC heap before
{Heap before GC invocations=16 (full 3):
 PSYoungGen      total 184832K, used 6120K [0x00000000e0000000, 0x00000000f0e00000, 0x0000000100000000)
  eden space 167424K, 0% used [0x00000000e0000000,0x00000000e0000000,0x00000000ea380000)
  from space 17408K, 35% used [0x00000000ea380000,0x00000000ea97a010,0x00000000eb480000)
  to   space 16896K, 0% used [0x00000000efd80000,0x00000000efd80000,0x00000000f0e00000)
 ParOldGen       total 54784K, used 29259K [0x00000000a0000000, 0x00000000a3580000, 0x00000000e0000000)
  object space 54784K, 53% used [0x00000000a0000000,0x00000000a1c92c50,0x00000000a3580000)
 Metaspace       used 57356K, capacity 59017K, committed 59096K, reserved 1099776K
  class space    used 7755K, capacity 8192K, committed 8192K, reserved 1048576K
Event: 11.801 GC heap after
Heap after GC invocations=16 (full 3):
 PSYoungGen      total 184832K, used 0K [0x00000000e0000000, 0x00000000f0e00000, 0x0000000100000000)
  eden space 167424K, 0% used [0x00000000e0000000,0x00000000e0000000,0x00000000ea380000)
  from space 17408K, 0% used [0x00000000ea380000,0x00000000ea380000,0x00000000eb480000)
  to   space 16896K, 0% used [0x00000000efd80000,0x00000000efd80000,0x00000000f0e00000)
 ParOldGen       total 78848K, used 29022K [0x00000000a0000000, 0x00000000a4d00000, 0x00000000e0000000)
  object space 78848K, 36% used [0x00000000a0000000,0x00000000a1c57940,0x00000000a4d00000)
 Metaspace       used 57356K, capacity 59017K, committed 59096K, reserved 1099776K
  class space    used 7755K, capacity 8192K, committed 8192K, reserved 1048576K
}
Event: 15.019 GC heap before
{Heap before GC invocations=17 (full 3):
 PSYoungGen      total 184832K, used 167424K [0x00000000e0000000, 0x00000000f0e00000, 0x0000000100000000)
  eden space 167424K, 100% used [0x00000000e0000000,0x00000000ea380000,0x00000000ea380000)
  from space 17408K, 0% used [0x00000000ea380000,0x00000000ea380000,0x00000000eb480000)
  to   space 16896K, 0% used [0x00000000efd80000,0x00000000efd80000,0x00000000f0e00000)
 ParOldGen       total 78848K, used 29022K [0x00000000a0000000, 0x00000000a4d00000, 0x00000000e0000000)
  object space 78848K, 36% used [0x00000000a0000000,0x00000000a1c57940,0x00000000a4d00000)
 Metaspace       used 61815K, capacity 63745K, committed 63832K, reserved 1103872K
  class space    used 8338K, capacity 8829K, committed 8832K, reserved 1048576K
Event: 15.049 GC heap after
Heap after GC invocations=17 (full 3):
 PSYoungGen      total 243712K, used 14366K [0x00000000e0000000, 0x00000000f0c00000, 0x0000000100000000)
  eden space 228864K, 0% used [0x00000000e0000000,0x00000000e0000000,0x00000000edf80000)
  from space 14848K, 96% used [0x00000000efd80000,0x00000000f0b87a90,0x00000000f0c00000)
  to   space 18432K, 0% used [0x00000000ee800000,0x00000000ee800000,0x00000000efa00000)
 ParOldGen       total 78848K, used 29030K [0x00000000a0000000, 0x00000000a4d00000, 0x00000000e0000000)
  object space 78848K, 36% used [0x00000000a0000000,0x00000000a1c59940,0x00000000a4d00000)
 Metaspace       used 61815K, capacity 63745K, committed 63832K, reserved 1103872K
  class space    used 8338K, capacity 8829K, committed 8832K, reserved 1048576K
}
Event: 18.461 GC heap before
{Heap before GC invocations=18 (full 3):
 PSYoungGen      total 243712K, used 243230K [0x00000000e0000000, 0x00000000f0c00000, 0x0000000100000000)
  eden space 228864K, 100% used [0x00000000e0000000,0x00000000edf80000,0x00000000edf80000)
  from space 14848K, 96% used [0x00000000efd80000,0x00000000f0b87a90,0x00000000f0c00000)
  to   space 18432K, 0% used [0x00000000ee800000,0x00000000ee800000,0x00000000efa00000)
 ParOldGen       total 78848K, used 29030K [0x00000000a0000000, 0x00000000a4d00000, 0x00000000e0000000)
  object space 78848K, 36% used [0x00000000a0000000,0x00000000a1c59940,0x00000000a4d00000)
 Metaspace       used 69168K, capacity 71321K, committed 71384K, reserved 1112064K
  class space    used 9219K, capacity 9715K, committed 9728K, reserved 1048576K
Event: 18.531 GC heap after
Heap after GC invocations=18 (full 3):
 PSYoungGen      total 247296K, used 18429K [0x00000000e0000000, 0x00000000f0c00000, 0x0000000100000000)
  eden space 228864K, 0% used [0x00000000e0000000,0x00000000e0000000,0x00000000edf80000)
  from space 18432K, 99% used [0x00000000ee800000,0x00000000ef9ff4d0,0x00000000efa00000)
  to   space 14848K, 0% used [0x00000000efd80000,0x00000000efd80000,0x00000000f0c00000)
 ParOldGen       total 78848K, used 52621K [0x00000000a0000000, 0x00000000a4d00000, 0x00000000e0000000)
  object space 78848K, 66% used [0x00000000a0000000,0x00000000a33634c0,0x00000000a4d00000)
 Metaspace       used 69168K, capacity 71321K, committed 71384K, reserved 1112064K
  class space    used 9219K, capacity 9715K, committed 9728K, reserved 1048576K
}

Deoptimization events (10 events):
Event: 20.157 Thread 0x000000001ca09000 Uncommon trap: reason=class_check action=maybe_recompile pc=0x0000000003eae510 method=org.objectweb.asm.Label.accept(Lorg/objectweb/asm/MethodVisitor;Z)V @ 2
Event: 20.270 Thread 0x000000001ca09000 Uncommon trap: reason=unstable_if action=reinterpret pc=0x0000000003295c90 method=java.lang.Integer.getChars(II[C)V @ 7
Event: 20.430 Thread 0x000000001ca16000 Uncommon trap: reason=unstable_if action=reinterpret pc=0x0000000003b4b4f8 method=com.esotericsoftware.kryo.io.Output.writeString(Ljava/lang/CharSequence;)V @ 50
Event: 20.430 Thread 0x000000001ca16000 Uncommon trap: reason=unstable_if action=reinterpret pc=0x0000000002cbaf2c method=org.gradle.internal.io.StreamByteBuffer.prepareRead()I @ 30
Event: 20.498 Thread 0x000000001ca16000 Uncommon trap: reason=unstable_if action=reinterpret pc=0x00000000028619d8 method=com.esotericsoftware.kryo.io.Output.writeString(Ljava/lang/CharSequence;)V @ 50
Event: 20.843 Thread 0x0000000019230000 Uncommon trap: reason=unstable_if action=reinterpret pc=0x0000000003bf06b0 method=java.util.concurrent.ConcurrentLinkedQueue.updateHead(Ljava/util/concurrent/ConcurrentLinkedQueue$Node;Ljava/util/concurrent/ConcurrentLinkedQueue$Node;)V @ 11
Event: 20.912 Thread 0x000000001ca13800 Uncommon trap: reason=unstable_if action=reinterpret pc=0x0000000003c19e38 method=com.esotericsoftware.kryo.io.Output.writeBytes([BII)V @ 61
Event: 20.915 Thread 0x000000001ca13800 Uncommon trap: reason=unstable_if action=reinterpret pc=0x0000000003eb9cb0 method=java.io.BufferedOutputStream.write([BII)V @ 6
Event: 20.948 Thread 0x000000001ca09000 Uncommon trap: reason=unstable_if action=reinterpret pc=0x00000000039e9640 method=java.util.concurrent.ConcurrentLinkedQueue.poll()Ljava/lang/Object; @ 25
Event: 20.952 Thread 0x000000001ca13800 Uncommon trap: reason=unstable_if action=reinterpret pc=0x0000000003df55ac method=java.io.BufferedOutputStream.write([BII)V @ 6

Classes redefined (0 events):
No events

Internal exceptions (10 events):
Event: 14.255 Thread 0x0000000018f20800 Exception <a 'java/lang/NoSuchMethodError': <clinit>> (0x00000000e76054e0) thrown at [D:\src\AOSP-openjdk-cygwin\jdk8u\hotspot\src\share\vm\prims\jni.cpp, line 1614]
Event: 14.255 Thread 0x0000000018f20800 Exception <a 'java/lang/NoSuchMethodError': <clinit>> (0x00000000e76119f8) thrown at [D:\src\AOSP-openjdk-cygwin\jdk8u\hotspot\src\share\vm\prims\jni.cpp, line 1614]
Event: 14.292 Thread 0x0000000018f20800 Exception <a 'java/lang/NoSuchMethodError': <clinit>> (0x00000000e761c408) thrown at [D:\src\AOSP-openjdk-cygwin\jdk8u\hotspot\src\share\vm\prims\jni.cpp, line 1614]
Event: 14.295 Thread 0x0000000018f20800 Exception <a 'java/lang/NoSuchMethodError': <clinit>> (0x00000000e76b9360) thrown at [D:\src\AOSP-openjdk-cygwin\jdk8u\hotspot\src\share\vm\prims\jni.cpp, line 1614]
Event: 14.295 Thread 0x0000000018f20800 Exception <a 'java/lang/NoSuchMethodError': <clinit>> (0x00000000e76bae78) thrown at [D:\src\AOSP-openjdk-cygwin\jdk8u\hotspot\src\share\vm\prims\jni.cpp, line 1614]
Event: 14.355 Thread 0x0000000018f20800 Exception <a 'java/lang/NoSuchMethodError': <clinit>> (0x00000000e76cadb8) thrown at [D:\src\AOSP-openjdk-cygwin\jdk8u\hotspot\src\share\vm\prims\jni.cpp, line 1614]
Event: 15.164 Thread 0x000000001ca0e800 Exception <a 'java/lang/NoSuchMethodError': <clinit>> (0x00000000e0ae3378) thrown at [D:\src\AOSP-openjdk-cygwin\jdk8u\hotspot\src\share\vm\prims\jni.cpp, line 1614]
Event: 18.545 Thread 0x0000000019230000 Implicit null exception at 0x0000000003f943b5 to 0x0000000003f94aa9
Event: 20.122 Thread 0x000000001ca09000 Implicit null exception at 0x0000000003b64f08 to 0x0000000003b65364
Event: 20.122 Thread 0x000000001ca09000 Implicit null exception at 0x0000000003b20da3 to 0x0000000003b21098

Events (10 events):
Event: 20.915 Executing VM operation: RevokeBias
Event: 20.915 Executing VM operation: RevokeBias done
Event: 20.915 Thread 0x000000001ca13800 DEOPT PACKING pc=0x0000000003eb9cb0 sp=0x0000000023c2e510
Event: 20.915 Thread 0x000000001ca13800 DEOPT UNPACKING pc=0x00000000027a557b sp=0x0000000023c2e460 mode 2
Event: 20.948 Thread 0x000000001ca09000 Uncommon trap: trap_request=0xffffff65 fr.pc=0x00000000039e9640
Event: 20.948 Thread 0x000000001ca09000 DEOPT PACKING pc=0x00000000039e9640 sp=0x00000000216bdfb0
Event: 20.948 Thread 0x000000001ca09000 DEOPT UNPACKING pc=0x00000000027a557b sp=0x00000000216bdf40 mode 2
Event: 20.952 Thread 0x000000001ca13800 Uncommon trap: trap_request=0xffffff65 fr.pc=0x0000000003df55ac
Event: 20.953 Thread 0x000000001ca13800 DEOPT PACKING pc=0x0000000003df55ac sp=0x0000000023c2e4c0
Event: 20.953 Thread 0x000000001ca13800 DEOPT UNPACKING pc=0x00000000027a557b sp=0x0000000023c2e470 mode 2


Dynamic libraries:
0x00007ff77d8c0000 - 0x00007ff77d8f1000 	C:\Program Files\Android\Android Studio\jre\bin\java.exe
0x00007fffaba90000 - 0x00007fffabc3d000 	C:\WINDOWS\SYSTEM32\ntdll.dll
0x00007fffa9320000 - 0x00007fffa945f000 	C:\WINDOWS\system32\KERNEL32.DLL
0x00007fffa8fa0000 - 0x00007fffa90b6000 	C:\WINDOWS\system32\KERNELBASE.dll
0x00007fffa94c0000 - 0x00007fffa956a000 	C:\WINDOWS\system32\ADVAPI32.dll
0x00007fffaac80000 - 0x00007fffaadf7000 	C:\WINDOWS\system32\USER32.dll
0x00007fffa6360000 - 0x00007fffa65db000 	C:\WINDOWS\WinSxS\amd64_microsoft.windows.common-controls_6595b64144ccf1df_6.0.9600.19394_none_62486577ecb635cf\COMCTL32.dll
0x00007fffab970000 - 0x00007fffaba1a000 	C:\WINDOWS\system32\msvcrt.dll
0x00007fffaba30000 - 0x00007fffaba89000 	C:\WINDOWS\SYSTEM32\sechost.dll
0x00007fffa91e0000 - 0x00007fffa9320000 	C:\WINDOWS\system32\RPCRT4.dll
0x00007fffab730000 - 0x00007fffab87c000 	C:\WINDOWS\system32\GDI32.dll
0x00007fffa8d40000 - 0x00007fffa8d6e000 	C:\WINDOWS\system32\SspiCli.dll
0x00007fffab6f0000 - 0x00007fffab726000 	C:\WINDOWS\system32\IMM32.DLL
0x00007fffab520000 - 0x00007fffab672000 	C:\WINDOWS\system32\MSCTF.dll
0x000000005f160000 - 0x000000005f232000 	C:\Program Files\Android\Android Studio\jre\jre\bin\msvcr100.dll
0x000000005f240000 - 0x000000005fa86000 	C:\Program Files\Android\Android Studio\jre\jre\bin\server\jvm.dll
0x00007fff9f110000 - 0x00007fff9f119000 	C:\WINDOWS\SYSTEM32\WSOCK32.dll
0x00007fffa23c0000 - 0x00007fffa23e2000 	C:\WINDOWS\SYSTEM32\WINMM.dll
0x00007fff9f0f0000 - 0x00007fff9f0fa000 	C:\WINDOWS\SYSTEM32\VERSION.dll
0x00007fffab680000 - 0x00007fffab687000 	C:\WINDOWS\system32\PSAPI.DLL
0x00007fffa9460000 - 0x00007fffa94ba000 	C:\WINDOWS\system32\WS2_32.dll
0x00007fffa2390000 - 0x00007fffa23ba000 	C:\WINDOWS\SYSTEM32\WINMMBASE.dll
0x00007fffaba20000 - 0x00007fffaba29000 	C:\WINDOWS\system32\NSI.dll
0x00007fffa8d70000 - 0x00007fffa8dbf000 	C:\WINDOWS\SYSTEM32\cfgmgr32.dll
0x00007fffa7a00000 - 0x00007fffa7a28000 	C:\WINDOWS\SYSTEM32\DEVOBJ.dll
0x00007fffa4b80000 - 0x00007fffa4b8f000 	C:\Program Files\Android\Android Studio\jre\jre\bin\verify.dll
0x00007fffa4570000 - 0x00007fffa4599000 	C:\Program Files\Android\Android Studio\jre\jre\bin\java.dll
0x00007fffa4910000 - 0x00007fffa4926000 	C:\Program Files\Android\Android Studio\jre\jre\bin\zip.dll
0x00007fffa9750000 - 0x00007fffaac7b000 	C:\WINDOWS\system32\SHELL32.dll
0x00007fffab030000 - 0x00007fffab240000 	C:\WINDOWS\SYSTEM32\combase.dll
0x00007fffab690000 - 0x00007fffab6e4000 	C:\WINDOWS\system32\SHLWAPI.dll
0x00007fffa6d70000 - 0x00007fffa6e22000 	C:\WINDOWS\SYSTEM32\SHCORE.dll
0x00007fffa8bc0000 - 0x00007fffa8bd5000 	C:\WINDOWS\SYSTEM32\profapi.dll
0x00007fffa4810000 - 0x00007fffa482a000 	C:\Program Files\Android\Android Studio\jre\jre\bin\net.dll
0x00007fffa8450000 - 0x00007fffa84a9000 	C:\WINDOWS\system32\mswsock.dll
0x00007fffa4500000 - 0x00007fffa4511000 	C:\Program Files\Android\Android Studio\jre\jre\bin\nio.dll
0x00007fffa0cf0000 - 0x00007fffa0d16000 	C:\Users\gokhan\.gradle\native\29\windows-amd64\native-platform.dll
0x00007fffa44f0000 - 0x00007fffa44fd000 	C:\Program Files\Android\Android Studio\jre\jre\bin\management.dll
0x00007fffa84b0000 - 0x00007fffa84d0000 	C:\WINDOWS\SYSTEM32\CRYPTSP.dll
0x00007fffa8070000 - 0x00007fffa80a6000 	C:\WINDOWS\system32\rsaenh.dll
0x00007fffa8700000 - 0x00007fffa8726000 	C:\WINDOWS\SYSTEM32\bcrypt.dll
0x00007fffa81e0000 - 0x00007fffa8201000 	C:\WINDOWS\SYSTEM32\USERENV.dll
0x00007fffa8a20000 - 0x00007fffa8a83000 	C:\WINDOWS\system32\bcryptprimitives.dll
0x00007fffa8a90000 - 0x00007fffa8a9b000 	C:\WINDOWS\SYSTEM32\CRYPTBASE.dll
0x00007fffa3b00000 - 0x00007fffa3b2a000 	C:\WINDOWS\SYSTEM32\IPHLPAPI.DLL
0x00007fffa3ae0000 - 0x00007fffa3aea000 	C:\WINDOWS\SYSTEM32\WINNSI.DLL
0x00007fffa35b0000 - 0x00007fffa35c6000 	C:\WINDOWS\SYSTEM32\dhcpcsvc6.DLL
0x00007fffa3790000 - 0x00007fffa37aa000 	C:\WINDOWS\SYSTEM32\dhcpcsvc.DLL

VM Arguments:
jvm_args: -Xmx1536m -Dfile.encoding=windows-1254 -Duser.country=TR -Duser.language=tr -Duser.variant 
java_command: org.gradle.launcher.daemon.bootstrap.GradleDaemon 5.4.1
java_class_path (initial): C:\Users\gokhan\.gradle\wrapper\dists\gradle-5.4.1-all\3221gyojl5jsh0helicew7rwx\gradle-5.4.1\lib\gradle-launcher-5.4.1.jar
Launcher Type: SUN_STANDARD

Environment Variables:
PATH=C:\ProgramData\Oracle\Java\javapath;C:\Program Files (x86)\Intel\iCLS Client\;C:\Program Files\Intel\iCLS Client\;C:\WINDOWS\system32;C:\WINDOWS;C:\WINDOWS\System32\Wbem;C:\WINDOWS\System32\WindowsPowerShell\v1.0\;C:\Program Files\Intel\WiFi\bin\;C:\Program Files\Common Files\Intel\WirelessCommon\;C:\Program Files (x86)\Intel\OpenCL SDK\3.0\bin\x86;C:\Program Files (x86)\Intel\OpenCL SDK\3.0\bin\x64;C:\Program Files\Intel\Intel(R) Management Engine Components\DAL;C:\Program Files\Intel\Intel(R) Management Engine Components\IPT;C:\Program Files (x86)\Intel\Intel(R) Management Engine Components\DAL;C:\Program Files (x86)\Intel\Intel(R) Management Engine Components\IPT;C:\Program Files\Sony\VAIO Improvement;C:\Program Files (x86)\Sony\VAIO BIOS Data Transfer Utility\;C:\Program Files (x86)\Sony\VAIO Startup Setting Tool;C:\Program Files\Microsoft\Web Platform Installer\;C:\Program Files (x86)\Microsoft ASP.NET\ASP.NET Web Pages\v1.0\;C:\Program Files (x86)\Windows Kits\8.0\Windows Performance Toolkit\;C:\Program Files\Microsoft SQL Server\110\Tools\Binn\;C:\Program Files (x86)\Microsoft SQL Server\100\Tools\Binn\;C:\Program Files\Microsoft SQL Server\100\Tools\Binn\;C:\Program Files\Microsoft SQL Server\100\DTS\Binn\;C:\Program Files (x86)\Microsoft SQL Server\100\Tools\Binn\VSShell\Common7\IDE\;C:\Program Files (x86)\Microsoft Visual Studio 9.0\Common7\IDE\PrivateAssemblies\;C:\Program Files (x86)\Microsoft SQL Server\100\DTS\Binn\
USERNAME=gmisket
OS=Windows_NT
PROCESSOR_IDENTIFIER=Intel64 Family 6 Model 69 Stepping 1, GenuineIntel



---------------  S Y S T E M  ---------------

OS: Windows 8.1 , 64 bit Build 9600 (6.3.9600.19538)

CPU:total 4 (initial active 4) (2 cores per cpu, 2 threads per core) family 6 model 69 stepping 1, cmov, cx8, fxsr, mmx, sse, sse2, sse3, ssse3, sse4.1, sse4.2, popcnt, avx, avx2, aes, clmul, erms, lzcnt, ht, tsc, tscinvbit, bmi1, bmi2

Memory: 4k page, physical 4098928k(339736k free), swap 7244656k(6544k free)

vm_info: OpenJDK 64-Bit Server VM (25.202-b03) for windows-amd64 JRE (1.8.0_202-release-1483-b03), built by "builder" with MS VC++ 10.0 (VS2010)

time: Wed Feb 05 00:50:01 2020
timezone: Türkiye Standart Saati
elapsed time: 21 seconds (0d 0h 0m 21s)

