#
# There is insufficient memory for the Java Runtime Environment to continue.
# Native memory allocation (malloc) failed to allocate 32744 bytes for ChunkPool::allocate
# Possible reasons:
#   The system is out of physical RAM or swap space
#   The process is running with CompressedOops enabled, and the Java Heap may be blocking the growth of the native heap
# Possible solutions:
#   Reduce memory load on the system
#   Increase physical memory or swap space
#   Check if swap backing store is full
#   Decrease Java heap size (-Xmx/-Xms)
#   Decrease number of Java threads
#   Decrease Java thread stack sizes (-Xss)
#   Set larger code cache with -XX:ReservedCodeCacheSize=
#   JVM is running with Unscaled Compressed Oops mode in which the Java heap is
#     placed in the first 4GB address space. The Java Heap base address is the
#     maximum limit for the native heap growth. Please use -XX:HeapBaseMinAddress
#     to set the Java Heap base and to place the Java Heap above 4GB virtual address.
# This output file may be truncated or incomplete.
#
#  Out of Memory Error (allocation.cpp:272), pid=5584, tid=0x0000000000000c14
#
# JRE version: OpenJDK Runtime Environment (8.0_202-b03) (build 1.8.0_202-release-1483-b03)
# Java VM: OpenJDK 64-Bit Server VM (25.202-b03 mixed mode windows-amd64 compressed oops)
# Failed to write core dump. Minidumps are not enabled by default on client versions of Windows
#

---------------  T H R E A D  ---------------

Current thread (0x00000000159af800):  JavaThread "C2 CompilerThread1" daemon [_thread_in_native, id=3092, stack(0x00000000170c0000,0x00000000171c0000)]

Stack: [0x00000000170c0000,0x00000000171c0000]
[error occurred during error reporting (printing stack bounds), id 0xc0000005]

Native frames: (J=compiled Java code, j=interpreted, Vv=VM code, C=native code)


Current CompileTask:
C2:  74034 12603       4       com.android.tools.r8.t.a.a.f::a (4166 bytes)


---------------  P R O C E S S  ---------------

Java Threads: ( => current thread )
  0x000000001fa6a000 JavaThread "WorkerExecutor Queue" [_thread_in_native, id=5392, stack(0x0000000024330000,0x0000000024430000)]
  0x0000000018dde000 JavaThread "Cache worker for execution history cache (C:\Users\gokhan\AndroidStudioProjects\DevTask2\.gradle\5.4.1\executionHistory)" [_thread_blocked, id=6080, stack(0x0000000024230000,0x0000000024330000)]
  0x000000001b30f800 JavaThread "Execution worker for ':' Thread 3" [_thread_in_Java, id=2324, stack(0x0000000023f30000,0x0000000024030000)]
  0x000000001b30e800 JavaThread "Execution worker for ':' Thread 2" [_thread_in_vm, id=4676, stack(0x0000000023e30000,0x0000000023f30000)]
  0x000000001b311000 JavaThread "Execution worker for ':'" [_thread_blocked, id=5540, stack(0x0000000023d30000,0x0000000023e30000)]
  0x000000001c990800 JavaThread "Cache worker for file content cache (C:\Users\gokhan\AndroidStudioProjects\DevTask2\.gradle\5.4.1\fileContent)" [_thread_blocked, id=6684, stack(0x0000000023c30000,0x0000000023d30000)]
  0x000000001c991000 JavaThread "Cache worker for file content cache (C:\Users\gokhan\.gradle\caches\5.4.1\fileContent)" [_thread_blocked, id=7352, stack(0x0000000023b30000,0x0000000023c30000)]
  0x000000001c993800 JavaThread "Cache worker for Build Output Cleanup Cache (C:\Users\gokhan\AndroidStudioProjects\DevTask2\.gradle\buildOutputCleanup)" [_thread_blocked, id=5956, stack(0x0000000023a30000,0x0000000023b30000)]
  0x000000001c992800 JavaThread "pool-4-thread-1" [_thread_blocked, id=5144, stack(0x0000000023930000,0x0000000023a30000)]
  0x000000001c98c800 JavaThread "Build operations Thread 4" [_thread_blocked, id=3080, stack(0x0000000023830000,0x0000000023930000)]
  0x000000001c98f800 JavaThread "Build operations Thread 3" [_thread_blocked, id=4172, stack(0x0000000023730000,0x0000000023830000)]
  0x000000001c98f000 JavaThread "Build operations Thread 2" [_thread_blocked, id=8088, stack(0x0000000023630000,0x0000000023730000)]
  0x000000001c98c000 JavaThread "Build operations" [_thread_blocked, id=6948, stack(0x0000000023530000,0x0000000023630000)]
  0x000000001c98b000 JavaThread "Cache worker for cache directory md-rule (C:\Users\gokhan\.gradle\caches\5.4.1\md-rule)" [_thread_blocked, id=6112, stack(0x0000000021480000,0x0000000021580000)]
  0x000000001c98e000 JavaThread "Cache worker for cache directory md-supplier (C:\Users\gokhan\.gradle\caches\5.4.1\md-supplier)" [_thread_blocked, id=2480, stack(0x0000000021380000,0x0000000021480000)]
  0x000000001c98a800 JavaThread "Cache worker for file hash cache (C:\Users\gokhan\AndroidStudioProjects\DevTask2\.gradle\5.4.1\fileHashes)" [_thread_blocked, id=8156, stack(0x0000000020810000,0x0000000020910000)]
  0x000000001c986000 JavaThread "Thread-42" [_thread_blocked, id=4936, stack(0x0000000020510000,0x0000000020610000)]
  0x000000001c988000 JavaThread "Stdin handler" [_thread_blocked, id=7220, stack(0x000000001f370000,0x000000001f470000)]
  0x000000001c986800 JavaThread "Asynchronous log dispatcher for DefaultDaemonConnection: socket connection from /127.0.0.1:42639 to /127.0.0.1:42678" [_thread_blocked, id=8072, stack(0x000000001dcc0000,0x000000001ddc0000)]
  0x000000001c984800 JavaThread "Cancel handler" [_thread_blocked, id=6148, stack(0x000000001d9c0000,0x000000001dac0000)]
  0x000000001c987800 JavaThread "Handler for socket connection from /127.0.0.1:42639 to /127.0.0.1:42678" [_thread_in_native, id=3788, stack(0x000000001a150000,0x000000001a250000)]
  0x000000001b315000 JavaThread "Memory manager" [_thread_blocked, id=7792, stack(0x0000000022630000,0x0000000022730000)]
  0x0000000018dde800 JavaThread "Cache worker for execution history cache (C:\Users\gokhan\.gradle\caches\5.4.1\executionHistory)" [_thread_blocked, id=1648, stack(0x000000001f270000,0x000000001f370000)]
  0x0000000018ddb800 JavaThread "Cache worker for journal cache (C:\Users\gokhan\.gradle\caches\journal-1)" [_thread_blocked, id=7344, stack(0x000000001a450000,0x000000001a550000)]
  0x0000000018ddc800 JavaThread "File lock request listener" [_thread_in_native, id=3120, stack(0x000000001a350000,0x000000001a450000)]
  0x0000000018bcf800 JavaThread "Cache worker for file hash cache (C:\Users\gokhan\.gradle\caches\5.4.1\fileHashes)" [_thread_blocked, id=8108, stack(0x000000001a250000,0x000000001a350000)]
  0x0000000018a59800 JavaThread "Daemon worker" [_thread_blocked, id=5148, stack(0x0000000019e50000,0x0000000019f50000)]
  0x0000000018aaa000 JavaThread "Daemon" [_thread_blocked, id=7216, stack(0x0000000019950000,0x0000000019a50000)]
  0x00000000189b7000 JavaThread "Daemon periodic checks" [_thread_blocked, id=2780, stack(0x0000000019850000,0x0000000019950000)]
  0x00000000188f8800 JavaThread "Incoming local TCP Connector on port 42639" [_thread_in_native, id=2696, stack(0x0000000019670000,0x0000000019770000)]
  0x0000000018a97000 JavaThread "Daemon health stats" [_thread_blocked, id=4932, stack(0x0000000019090000,0x0000000019190000)]
  0x00000000172e8800 JavaThread "Service Thread" daemon [_thread_blocked, id=3136, stack(0x00000000176c0000,0x00000000177c0000)]
  0x00000000159b4000 JavaThread "C1 CompilerThread2" daemon [_thread_in_vm, id=800, stack(0x00000000171c0000,0x00000000172c0000)]
=>0x00000000159af800 JavaThread "C2 CompilerThread1" daemon [_thread_in_native, id=3092, stack(0x00000000170c0000,0x00000000171c0000)]
  0x00000000159a8800 JavaThread "C2 CompilerThread0" daemon [_thread_blocked, id=4072, stack(0x0000000016fc0000,0x00000000170c0000)]
  0x00000000159a3000 JavaThread "Attach Listener" daemon [_thread_blocked, id=1932, stack(0x0000000016ec0000,0x0000000016fc0000)]
  0x00000000159a5000 JavaThread "Signal Dispatcher" daemon [_thread_blocked, id=6816, stack(0x0000000016dc0000,0x0000000016ec0000)]
  0x000000000202b800 JavaThread "Finalizer" daemon [_thread_blocked, id=2228, stack(0x0000000016bf0000,0x0000000016cf0000)]
  0x0000000015989000 JavaThread "Reference Handler" daemon [_thread_blocked, id=6260, stack(0x0000000016af0000,0x0000000016bf0000)]
  0x000000000051e000 JavaThread "main" [_thread_blocked, id=4640, stack(0x0000000001e30000,0x0000000001f30000)]

Other Threads:
  0x0000000015965800 VMThread [stack: 0x00000000169f0000,0x0000000016af0000] [id=6864]
  0x00000000172e9000 WatcherThread [stack: 0x00000000177c0000,0x00000000178c0000] [id=6688]

VM state:not at safepoint (normal execution)

VM Mutex/Monitor currently owned by a thread:  ([mutex/lock_event])
[0x0000000001f30fd0] MethodData_lock - owner thread: 0x00000000159b4000

heap address: 0x00000000a0000000, size: 1536 MB, Compressed Oops mode: 32-bit
Narrow klass base: 0x0000000000000000, Narrow klass shift: 3
Compressed class space size: 1073741824 Address: 0x0000000100000000

Heap:
 PSYoungGen      total 262656K, used 196489K [0x00000000e0000000, 0x00000000f3c80000, 0x0000000100000000)
  eden space 235520K, 73% used [0x00000000e0000000,0x00000000ea9ab718,0x00000000ee600000)
  from space 27136K, 83% used [0x00000000ee600000,0x00000000efc37020,0x00000000f0080000)
  to   space 30208K, 0% used [0x00000000f1f00000,0x00000000f1f00000,0x00000000f3c80000)
 ParOldGen       total 92672K, used 62020K [0x00000000a0000000, 0x00000000a5a80000, 0x00000000e0000000)
  object space 92672K, 66% used [0x00000000a0000000,0x00000000a3c910f8,0x00000000a5a80000)
 Metaspace       used 82448K, capacity 86218K, committed 86296K, reserved 1124352K
  class space    used 10993K, capacity 11726K, committed 11800K, reserved 1048576K

Card table byte_map: [0x00000000113f0000,0x0000000011700000] byte_map_base: 0x0000000010ef0000

Marking Bits: (ParMarkBitMap*) 0x000000005fa09f30
 Begin Bits: [0x0000000011d00000, 0x0000000013500000)
 End Bits:   [0x0000000013500000, 0x0000000014d00000)

Polling page: 0x0000000000520000

CodeCache: size=245760Kb used=36414Kb max_used=36426Kb free=209345Kb
 bounds [0x0000000002030000, 0x00000000043f0000, 0x0000000011030000]
 total_blobs=11849 nmethods=11012 adapters=749
 compilation: enabled

Compilation events (10 events):
Event: 73.826 Thread 0x00000000159b4000 nmethod 13269 0x00000000043e7850 code [0x00000000043e79c0, 0x00000000043e7be8]
Event: 73.826 Thread 0x00000000159b4000 13270       3       com.android.tools.r8.n.a.a.a.g.G0::a (90 bytes)
Event: 73.828 Thread 0x00000000159b4000 nmethod 13270 0x00000000043e6d90 code [0x00000000043e6f20, 0x00000000043e7470]
Event: 73.828 Thread 0x00000000159b4000 13271       3       com.android.tools.r8.ir.conversion.IRBuilder::a (82 bytes)
Event: 73.831 Thread 0x00000000159b4000 nmethod 13271 0x00000000043e8dd0 code [0x00000000043e9000, 0x00000000043e99a8]
Event: 73.837 Thread 0x00000000159a8800 13272       4       com.android.tools.r8.graph.DexType::toSourceString (44 bytes)
Event: 73.863 Thread 0x00000000159b4000 13274       3       com.android.tools.r8.ir.regalloc.LinearScanRegisterAllocator::a (136 bytes)
Event: 73.883 Thread 0x00000000159a8800 nmethod 13272 0x00000000043ed350 code [0x00000000043ed4e0, 0x00000000043edd18]
Event: 73.884 Thread 0x00000000159a8800 13273       4       com.android.tools.r8.m.a.a.b.p2::iterator (5 bytes)
Event: 73.890 Thread 0x00000000159a8800 nmethod 13273 0x00000000043e8a50 code [0x00000000043e8ba0, 0x00000000043e8cb8]

GC Heap History (10 events):
Event: 12.130 GC heap before
{Heap before GC invocations=16 (full 3):
 PSYoungGen      total 174080K, used 3838K [0x00000000e0000000, 0x00000000eee00000, 0x0000000100000000)
  eden space 153600K, 0% used [0x00000000e0000000,0x00000000e0000000,0x00000000e9600000)
  from space 20480K, 18% used [0x00000000e9600000,0x00000000e99bfbb8,0x00000000eaa00000)
  to   space 20480K, 0% used [0x00000000eda00000,0x00000000eda00000,0x00000000eee00000)
 ParOldGen       total 57344K, used 39707K [0x00000000a0000000, 0x00000000a3800000, 0x00000000e0000000)
  object space 57344K, 69% used [0x00000000a0000000,0x00000000a26c6ef0,0x00000000a3800000)
 Metaspace       used 57433K, capacity 59058K, committed 59160K, reserved 1099776K
  class space    used 7759K, capacity 8140K, committed 8216K, reserved 1048576K
Event: 12.605 GC heap after
Heap after GC invocations=16 (full 3):
 PSYoungGen      total 174080K, used 0K [0x00000000e0000000, 0x00000000eee00000, 0x0000000100000000)
  eden space 153600K, 0% used [0x00000000e0000000,0x00000000e0000000,0x00000000e9600000)
  from space 20480K, 0% used [0x00000000e9600000,0x00000000e9600000,0x00000000eaa00000)
  to   space 20480K, 0% used [0x00000000eda00000,0x00000000eda00000,0x00000000eee00000)
 ParOldGen       total 92672K, used 32763K [0x00000000a0000000, 0x00000000a5a80000, 0x00000000e0000000)
  object space 92672K, 35% used [0x00000000a0000000,0x00000000a1ffefb8,0x00000000a5a80000)
 Metaspace       used 57424K, capacity 59028K, committed 59160K, reserved 1099776K
  class space    used 7756K, capacity 8135K, committed 8216K, reserved 1048576K
}
Event: 15.325 GC heap before
{Heap before GC invocations=17 (full 3):
 PSYoungGen      total 174080K, used 153600K [0x00000000e0000000, 0x00000000eee00000, 0x0000000100000000)
  eden space 153600K, 100% used [0x00000000e0000000,0x00000000e9600000,0x00000000e9600000)
  from space 20480K, 0% used [0x00000000e9600000,0x00000000e9600000,0x00000000eaa00000)
  to   space 20480K, 0% used [0x00000000eda00000,0x00000000eda00000,0x00000000eee00000)
 ParOldGen       total 92672K, used 32763K [0x00000000a0000000, 0x00000000a5a80000, 0x00000000e0000000)
  object space 92672K, 35% used [0x00000000a0000000,0x00000000a1ffefb8,0x00000000a5a80000)
 Metaspace       used 60616K, capacity 62644K, committed 62744K, reserved 1103872K
  class space    used 8229K, capacity 8722K, committed 8728K, reserved 1048576K
Event: 15.397 GC heap after
Heap after GC invocations=17 (full 3):
 PSYoungGen      total 205312K, used 14393K [0x00000000e0000000, 0x00000000ee880000, 0x0000000100000000)
  eden space 190464K, 0% used [0x00000000e0000000,0x00000000e0000000,0x00000000eba00000)
  from space 14848K, 96% used [0x00000000eda00000,0x00000000ee80e7d0,0x00000000ee880000)
  to   space 21504K, 0% used [0x00000000ebe80000,0x00000000ebe80000,0x00000000ed380000)
 ParOldGen       total 92672K, used 32771K [0x00000000a0000000, 0x00000000a5a80000, 0x00000000e0000000)
  object space 92672K, 35% used [0x00000000a0000000,0x00000000a2000fb8,0x00000000a5a80000)
 Metaspace       used 60616K, capacity 62644K, committed 62744K, reserved 1103872K
  class space    used 8229K, capacity 8722K, committed 8728K, reserved 1048576K
}
Event: 19.282 GC heap before
{Heap before GC invocations=18 (full 3):
 PSYoungGen      total 205312K, used 204857K [0x00000000e0000000, 0x00000000ee880000, 0x0000000100000000)
  eden space 190464K, 100% used [0x00000000e0000000,0x00000000eba00000,0x00000000eba00000)
  from space 14848K, 96% used [0x00000000eda00000,0x00000000ee80e7d0,0x00000000ee880000)
  to   space 21504K, 0% used [0x00000000ebe80000,0x00000000ebe80000,0x00000000ed380000)
 ParOldGen       total 92672K, used 32771K [0x00000000a0000000, 0x00000000a5a80000, 0x00000000e0000000)
  object space 92672K, 35% used [0x00000000a0000000,0x00000000a2000fb8,0x00000000a5a80000)
 Metaspace       used 66985K, capacity 69262K, committed 69400K, reserved 1110016K
  class space    used 9120K, capacity 9643K, committed 9752K, reserved 1048576K
Event: 19.389 GC heap after
Heap after GC invocations=18 (full 3):
 PSYoungGen      total 216576K, used 21483K [0x00000000e0000000, 0x00000000f1b80000, 0x0000000100000000)
  eden space 195072K, 0% used [0x00000000e0000000,0x00000000e0000000,0x00000000ebe80000)
  from space 21504K, 99% used [0x00000000ebe80000,0x00000000ed37ad80,0x00000000ed380000)
  to   space 27648K, 0% used [0x00000000f0080000,0x00000000f0080000,0x00000000f1b80000)
 ParOldGen       total 92672K, used 40705K [0x00000000a0000000, 0x00000000a5a80000, 0x00000000e0000000)
  object space 92672K, 43% used [0x00000000a0000000,0x00000000a27c0438,0x00000000a5a80000)
 Metaspace       used 66985K, capacity 69262K, committed 69400K, reserved 1110016K
  class space    used 9120K, capacity 9643K, committed 9752K, reserved 1048576K
}
Event: 39.121 GC heap before
{Heap before GC invocations=19 (full 3):
 PSYoungGen      total 216576K, used 216555K [0x00000000e0000000, 0x00000000f1b80000, 0x0000000100000000)
  eden space 195072K, 100% used [0x00000000e0000000,0x00000000ebe80000,0x00000000ebe80000)
  from space 21504K, 99% used [0x00000000ebe80000,0x00000000ed37ad80,0x00000000ed380000)
  to   space 27648K, 0% used [0x00000000f0080000,0x00000000f0080000,0x00000000f1b80000)
 ParOldGen       total 92672K, used 40705K [0x00000000a0000000, 0x00000000a5a80000, 0x00000000e0000000)
  object space 92672K, 43% used [0x00000000a0000000,0x00000000a27c0438,0x00000000a5a80000)
 Metaspace       used 73410K, capacity 76550K, committed 76696K, reserved 1116160K
  class space    used 9725K, capacity 10334K, committed 10392K, reserved 1048576K
Event: 39.308 GC heap after
Heap after GC invocations=19 (full 3):
 PSYoungGen      total 262656K, used 14256K [0x00000000e0000000, 0x00000000f1b00000, 0x0000000100000000)
  eden space 235520K, 0% used [0x00000000e0000000,0x00000000e0000000,0x00000000ee600000)
  from space 27136K, 52% used [0x00000000f0080000,0x00000000f0e6c128,0x00000000f1b00000)
  to   space 27136K, 0% used [0x00000000ee600000,0x00000000ee600000,0x00000000f0080000)
 ParOldGen       total 92672K, used 62012K [0x00000000a0000000, 0x00000000a5a80000, 0x00000000e0000000)
  object space 92672K, 66% used [0x00000000a0000000,0x00000000a3c8f0f8,0x00000000a5a80000)
 Metaspace       used 73410K, capacity 76550K, committed 76696K, reserved 1116160K
  class space    used 9725K, capacity 10334K, committed 10392K, reserved 1048576K
}
Event: 65.857 GC heap before
{Heap before GC invocations=20 (full 3):
 PSYoungGen      total 262656K, used 249776K [0x00000000e0000000, 0x00000000f1b00000, 0x0000000100000000)
  eden space 235520K, 100% used [0x00000000e0000000,0x00000000ee600000,0x00000000ee600000)
  from space 27136K, 52% used [0x00000000f0080000,0x00000000f0e6c128,0x00000000f1b00000)
  to   space 27136K, 0% used [0x00000000ee600000,0x00000000ee600000,0x00000000f0080000)
 ParOldGen       total 92672K, used 62012K [0x00000000a0000000, 0x00000000a5a80000, 0x00000000e0000000)
  object space 92672K, 66% used [0x00000000a0000000,0x00000000a3c8f0f8,0x00000000a5a80000)
 Metaspace       used 76443K, capacity 79870K, committed 80024K, reserved 1118208K
  class space    used 10132K, capacity 10804K, committed 10904K, reserved 1048576K
Event: 66.004 GC heap after
Heap after GC invocations=20 (full 3):
 PSYoungGen      total 262656K, used 22748K [0x00000000e0000000, 0x00000000f3c80000, 0x0000000100000000)
  eden space 235520K, 0% used [0x00000000e0000000,0x00000000e0000000,0x00000000ee600000)
  from space 27136K, 83% used [0x00000000ee600000,0x00000000efc37020,0x00000000f0080000)
  to   space 30208K, 0% used [0x00000000f1f00000,0x00000000f1f00000,0x00000000f3c80000)
 ParOldGen       total 92672K, used 62020K [0x00000000a0000000, 0x00000000a5a80000, 0x00000000e0000000)
  object space 92672K, 66% used [0x00000000a0000000,0x00000000a3c910f8,0x00000000a5a80000)
 Metaspace       used 76443K, capacity 79870K, committed 80024K, reserved 1118208K
  class space    used 10132K, capacity 10804K, committed 10904K, reserved 1048576K
}

Deoptimization events (10 events):
Event: 70.865 Thread 0x000000001b30e800 Uncommon trap: reason=bimorphic action=maybe_recompile pc=0x00000000042ae838 method=com.android.tools.r8.m.a.a.a.A.b(Ljava/lang/Object;)I @ 8
Event: 70.865 Thread 0x000000001b30e800 Uncommon trap: reason=bimorphic action=maybe_recompile pc=0x00000000042ae838 method=com.android.tools.r8.m.a.a.a.A.b(Ljava/lang/Object;)I @ 8
Event: 70.866 Thread 0x000000001b30e800 Uncommon trap: reason=bimorphic action=maybe_recompile pc=0x00000000042ae838 method=com.android.tools.r8.m.a.a.a.A.b(Ljava/lang/Object;)I @ 8
Event: 70.866 Thread 0x000000001b30e800 Uncommon trap: reason=bimorphic action=maybe_recompile pc=0x00000000042ae838 method=com.android.tools.r8.m.a.a.a.A.b(Ljava/lang/Object;)I @ 8
Event: 71.602 Thread 0x000000001b30e800 Uncommon trap: reason=bimorphic action=maybe_recompile pc=0x000000000248b730 method=java.util.Collections$UnmodifiableCollection.contains(Ljava/lang/Object;)Z @ 5
Event: 71.602 Thread 0x000000001b30e800 Uncommon trap: reason=bimorphic action=maybe_recompile pc=0x000000000248b730 method=java.util.Collections$UnmodifiableCollection.contains(Ljava/lang/Object;)Z @ 5
Event: 71.605 Thread 0x000000001b30e800 Uncommon trap: reason=bimorphic action=maybe_recompile pc=0x000000000248b730 method=java.util.Collections$UnmodifiableCollection.contains(Ljava/lang/Object;)Z @ 5
Event: 71.605 Thread 0x000000001b30e800 Uncommon trap: reason=bimorphic action=maybe_recompile pc=0x000000000248b730 method=java.util.Collections$UnmodifiableCollection.contains(Ljava/lang/Object;)Z @ 5
Event: 72.278 Thread 0x000000001b30e800 Uncommon trap: reason=unstable_if action=reinterpret pc=0x00000000041c4808 method=com.android.tools.r8.t.a.a.f.a(II[C)Ljava/lang/String; @ 32
Event: 72.518 Thread 0x000000001b30e800 Uncommon trap: reason=unstable_if action=reinterpret pc=0x0000000002c15ed8 method=com.android.tools.r8.t.a.a.B.b()Ljava/lang/String; @ 34

Classes redefined (0 events):
No events

Internal exceptions (10 events):
Event: 65.464 Thread 0x000000001b311000 Exception <a 'java/lang/NoSuchMethodError': <clinit>> (0x00000000eda098b8) thrown at [D:\src\AOSP-openjdk-cygwin\jdk8u\hotspot\src\share\vm\prims\jni.cpp, line 1614]
Event: 65.516 Thread 0x000000001fa6a000 Exception <a 'sun/nio/fs/WindowsException'> (0x00000000ede3aef0) thrown at [D:\src\AOSP-openjdk-cygwin\jdk8u\hotspot\src\share\vm\prims\jni.cpp, line 710]
Event: 65.533 Thread 0x000000001fa6a000 Exception <a 'java/lang/NoSuchMethodError': java.lang.Object.lambda$asRunnable$0(Lcom/android/tools/build/apkzlib/utils/IOExceptionRunnable;)V> (0x00000000ede62640) thrown at [D:\src\AOSP-openjdk-cygwin\jdk8u\hotspot\src\share\vm\interpreter\linkResolver.
Event: 65.673 Thread 0x000000001fa6a000 Exception <a 'java/lang/NoSuchMethodError': java.lang.Object.lambda$and$0(Ljava/util/function/Predicate;Ljava/lang/Object;)Z> (0x00000000ee037498) thrown at [D:\src\AOSP-openjdk-cygwin\jdk8u\hotspot\src\share\vm\interpreter\linkResolver.cpp, line 620]
Event: 65.723 Thread 0x000000001fa6a000 Exception <a 'java/lang/NoSuchMethodError': java.lang.Object.newSystemTemporaryDirectory()Lcom/android/tools/build/apkzlib/bytestorage/TemporaryDirectory;> (0x00000000ee173ab8) thrown at [D:\src\AOSP-openjdk-cygwin\jdk8u\hotspot\src\share\vm\interpreter\l
Event: 65.763 Thread 0x000000001b30e800 Exception <a 'java/lang/NoSuchMethodError': java.lang.Object.lambda$static$0(Ljava/lang/String;)Z> (0x00000000edf8f6c8) thrown at [D:\src\AOSP-openjdk-cygwin\jdk8u\hotspot\src\share\vm\interpreter\linkResolver.cpp, line 620]
Event: 66.173 Thread 0x000000001b30e800 Exception <a 'sun/nio/fs/WindowsException'> (0x00000000e09a4128) thrown at [D:\src\AOSP-openjdk-cygwin\jdk8u\hotspot\src\share\vm\prims\jni.cpp, line 710]
Event: 66.394 Thread 0x000000001b30f800 Exception <a 'sun/nio/fs/WindowsException'> (0x00000000e1307f68) thrown at [D:\src\AOSP-openjdk-cygwin\jdk8u\hotspot\src\share\vm\prims\jni.cpp, line 710]
Event: 68.690 Thread 0x0000000018a59800 Exception <a 'sun/nio/fs/WindowsException'> (0x00000000e4b81858) thrown at [D:\src\AOSP-openjdk-cygwin\jdk8u\hotspot\src\share\vm\prims\jni.cpp, line 710]
Event: 70.191 Thread 0x000000001b30e800 Exception <a 'java/lang/NoSuchMethodError': java.lang.Object.lambda$maxBy$1(Ljava/util/Comparator;Ljava/lang/Object;Ljava/lang/Object;)Ljava/lang/Object;> (0x00000000e66ef180) thrown at [D:\src\AOSP-openjdk-cygwin\jdk8u\hotspot\src\share\vm\interpreter\li

Events (10 events):
Event: 73.370 loading class com/android/tools/r8/m/a/a/b/U0
Event: 73.370 loading class com/android/tools/r8/m/a/a/b/U0 done
Event: 73.595 loading class com/android/tools/r8/m/a/a/b/T0
Event: 73.595 loading class com/android/tools/r8/m/a/a/b/T0 done
Event: 73.598 loading class com/android/tools/r8/graph/DexCode$TryHandler$TypeAddrPair
Event: 73.598 loading class com/android/tools/r8/graph/DexCode$TryHandler$TypeAddrPair done
Event: 73.830 loading class com/android/tools/r8/code/X0
Event: 73.830 loading class com/android/tools/r8/code/X0 done
Event: 73.832 loading class com/android/tools/r8/code/a1
Event: 73.832 loading class com/android/tools/r8/code/a1 done


Dynamic libraries:
0x00007ff77d8c0000 - 0x00007ff77d8f1000 	C:\Program Files\Android\Android Studio\jre\bin\java.exe
0x00007fffaba90000 - 0x00007fffabc3d000 	C:\WINDOWS\SYSTEM32\ntdll.dll
0x00007fffa9320000 - 0x00007fffa945f000 	C:\WINDOWS\system32\KERNEL32.DLL
0x00007fffa8fa0000 - 0x00007fffa90b6000 	C:\WINDOWS\system32\KERNELBASE.dll
0x00007fffa94c0000 - 0x00007fffa956a000 	C:\WINDOWS\system32\ADVAPI32.dll
0x00007fffaac80000 - 0x00007fffaadf7000 	C:\WINDOWS\system32\USER32.dll
0x00007fffa6360000 - 0x00007fffa65db000 	C:\WINDOWS\WinSxS\amd64_microsoft.windows.common-controls_6595b64144ccf1df_6.0.9600.19394_none_62486577ecb635cf\COMCTL32.dll
0x00007fffab970000 - 0x00007fffaba1a000 	C:\WINDOWS\system32\msvcrt.dll
0x00007fffaba30000 - 0x00007fffaba89000 	C:\WINDOWS\SYSTEM32\sechost.dll
0x00007fffa91e0000 - 0x00007fffa9320000 	C:\WINDOWS\system32\RPCRT4.dll
0x00007fffab730000 - 0x00007fffab87c000 	C:\WINDOWS\system32\GDI32.dll
0x00007fffa8d40000 - 0x00007fffa8d6e000 	C:\WINDOWS\system32\SspiCli.dll
0x00007fffab6f0000 - 0x00007fffab726000 	C:\WINDOWS\system32\IMM32.DLL
0x00007fffab520000 - 0x00007fffab672000 	C:\WINDOWS\system32\MSCTF.dll
0x000000005f160000 - 0x000000005f232000 	C:\Program Files\Android\Android Studio\jre\jre\bin\msvcr100.dll
0x000000005f240000 - 0x000000005fa86000 	C:\Program Files\Android\Android Studio\jre\jre\bin\server\jvm.dll
0x00007fff9f110000 - 0x00007fff9f119000 	C:\WINDOWS\SYSTEM32\WSOCK32.dll
0x00007fffa23c0000 - 0x00007fffa23e2000 	C:\WINDOWS\SYSTEM32\WINMM.dll
0x00007fff9f0f0000 - 0x00007fff9f0fa000 	C:\WINDOWS\SYSTEM32\VERSION.dll
0x00007fffab680000 - 0x00007fffab687000 	C:\WINDOWS\system32\PSAPI.DLL
0x00007fffa9460000 - 0x00007fffa94ba000 	C:\WINDOWS\system32\WS2_32.dll
0x00007fffa2390000 - 0x00007fffa23ba000 	C:\WINDOWS\SYSTEM32\WINMMBASE.dll
0x00007fffaba20000 - 0x00007fffaba29000 	C:\WINDOWS\system32\NSI.dll
0x00007fffa8d70000 - 0x00007fffa8dbf000 	C:\WINDOWS\SYSTEM32\cfgmgr32.dll
0x00007fffa7a00000 - 0x00007fffa7a28000 	C:\WINDOWS\SYSTEM32\DEVOBJ.dll
0x00007fffa4b80000 - 0x00007fffa4b8f000 	C:\Program Files\Android\Android Studio\jre\jre\bin\verify.dll
0x00007fffa4570000 - 0x00007fffa4599000 	C:\Program Files\Android\Android Studio\jre\jre\bin\java.dll
0x00007fffa4910000 - 0x00007fffa4926000 	C:\Program Files\Android\Android Studio\jre\jre\bin\zip.dll
0x00007fffa9750000 - 0x00007fffaac7b000 	C:\WINDOWS\system32\SHELL32.dll
0x00007fffab030000 - 0x00007fffab240000 	C:\WINDOWS\SYSTEM32\combase.dll
0x00007fffab690000 - 0x00007fffab6e4000 	C:\WINDOWS\system32\SHLWAPI.dll
0x00007fffa6d70000 - 0x00007fffa6e22000 	C:\WINDOWS\SYSTEM32\SHCORE.dll
0x00007fffa8bc0000 - 0x00007fffa8bd5000 	C:\WINDOWS\SYSTEM32\profapi.dll
0x00007fffa4810000 - 0x00007fffa482a000 	C:\Program Files\Android\Android Studio\jre\jre\bin\net.dll
0x00007fffa8450000 - 0x00007fffa84a9000 	C:\WINDOWS\system32\mswsock.dll
0x00007fffa4500000 - 0x00007fffa4511000 	C:\Program Files\Android\Android Studio\jre\jre\bin\nio.dll
0x00007fff95080000 - 0x00007fff950a6000 	C:\Users\gokhan\.gradle\native\29\windows-amd64\native-platform.dll
0x00007fffa44f0000 - 0x00007fffa44fd000 	C:\Program Files\Android\Android Studio\jre\jre\bin\management.dll
0x00007fffa84b0000 - 0x00007fffa84d0000 	C:\WINDOWS\SYSTEM32\CRYPTSP.dll
0x00007fffa8070000 - 0x00007fffa80a6000 	C:\WINDOWS\system32\rsaenh.dll
0x00007fffa8700000 - 0x00007fffa8726000 	C:\WINDOWS\SYSTEM32\bcrypt.dll
0x00007fffa81e0000 - 0x00007fffa8201000 	C:\WINDOWS\SYSTEM32\USERENV.dll
0x00007fffa8a20000 - 0x00007fffa8a83000 	C:\WINDOWS\system32\bcryptprimitives.dll
0x00007fffa8a90000 - 0x00007fffa8a9b000 	C:\WINDOWS\SYSTEM32\CRYPTBASE.dll
0x00007fffa3b00000 - 0x00007fffa3b2a000 	C:\WINDOWS\SYSTEM32\IPHLPAPI.DLL
0x00007fffa3ae0000 - 0x00007fffa3aea000 	C:\WINDOWS\SYSTEM32\WINNSI.DLL
0x00007fffa35b0000 - 0x00007fffa35c6000 	C:\WINDOWS\SYSTEM32\dhcpcsvc6.DLL
0x00007fffa3790000 - 0x00007fffa37aa000 	C:\WINDOWS\SYSTEM32\dhcpcsvc.DLL

VM Arguments:
jvm_args: -Xmx1536m -Dfile.encoding=windows-1254 -Duser.country=TR -Duser.language=tr -Duser.variant 
java_command: org.gradle.launcher.daemon.bootstrap.GradleDaemon 5.4.1
java_class_path (initial): C:\Users\gokhan\.gradle\wrapper\dists\gradle-5.4.1-all\3221gyojl5jsh0helicew7rwx\gradle-5.4.1\lib\gradle-launcher-5.4.1.jar
Launcher Type: SUN_STANDARD

Environment Variables:
PATH=C:\ProgramData\Oracle\Java\javapath;C:\Program Files (x86)\Intel\iCLS Client\;C:\Program Files\Intel\iCLS Client\;C:\WINDOWS\system32;C:\WINDOWS;C:\WINDOWS\System32\Wbem;C:\WINDOWS\System32\WindowsPowerShell\v1.0\;C:\Program Files\Intel\WiFi\bin\;C:\Program Files\Common Files\Intel\WirelessCommon\;C:\Program Files (x86)\Intel\OpenCL SDK\3.0\bin\x86;C:\Program Files (x86)\Intel\OpenCL SDK\3.0\bin\x64;C:\Program Files\Intel\Intel(R) Management Engine Components\DAL;C:\Program Files\Intel\Intel(R) Management Engine Components\IPT;C:\Program Files (x86)\Intel\Intel(R) Management Engine Components\DAL;C:\Program Files (x86)\Intel\Intel(R) Management Engine Components\IPT;C:\Program Files\Sony\VAIO Improvement;C:\Program Files (x86)\Sony\VAIO BIOS Data Transfer Utility\;C:\Program Files (x86)\Sony\VAIO Startup Setting Tool;C:\Program Files\Microsoft\Web Platform Installer\;C:\Program Files (x86)\Microsoft ASP.NET\ASP.NET Web Pages\v1.0\;C:\Program Files (x86)\Windows Kits\8.0\Windows Performance Toolkit\;C:\Program Files\Microsoft SQL Server\110\Tools\Binn\;C:\Program Files (x86)\Microsoft SQL Server\100\Tools\Binn\;C:\Program Files\Microsoft SQL Server\100\Tools\Binn\;C:\Program Files\Microsoft SQL Server\100\DTS\Binn\;C:\Program Files (x86)\Microsoft SQL Server\100\Tools\Binn\VSShell\Common7\IDE\;C:\Program Files (x86)\Microsoft Visual Studio 9.0\Common7\IDE\PrivateAssemblies\;C:\Program Files (x86)\Microsoft SQL Server\100\DTS\Binn\
USERNAME=gmisket
OS=Windows_NT
PROCESSOR_IDENTIFIER=Intel64 Family 6 Model 69 Stepping 1, GenuineIntel



---------------  S Y S T E M  ---------------

OS: Windows 8.1 , 64 bit Build 9600 (6.3.9600.19538)

CPU:total 4 (initial active 4) (2 cores per cpu, 2 threads per core) family 6 model 69 stepping 1, cmov, cx8, fxsr, mmx, sse, sse2, sse3, ssse3, sse4.1, sse4.2, popcnt, avx, avx2, aes, clmul, erms, lzcnt, ht, tsc, tscinvbit, bmi1, bmi2

Memory: 4k page, physical 4098928k(249836k free), swap 7244656k(5104k free)

vm_info: OpenJDK 64-Bit Server VM (25.202-b03) for windows-amd64 JRE (1.8.0_202-release-1483-b03), built by "builder" with MS VC++ 10.0 (VS2010)

time: Wed Feb 05 00:55:56 2020
timezone: Türkiye Standart Saati
elapsed time: 74 seconds (0d 0h 1m 14s)

