#
# There is insufficient memory for the Java Runtime Environment to continue.
# Native memory allocation (malloc) failed to allocate 131088 bytes for Chunk::new
# Possible reasons:
#   The system is out of physical RAM or swap space
#   The process is running with CompressedOops enabled, and the Java Heap may be blocking the growth of the native heap
# Possible solutions:
#   Reduce memory load on the system
#   Increase physical memory or swap space
#   Check if swap backing store is full
#   Decrease Java heap size (-Xmx/-Xms)
#   Decrease number of Java threads
#   Decrease Java thread stack sizes (-Xss)
#   Set larger code cache with -XX:ReservedCodeCacheSize=
#   JVM is running with Unscaled Compressed Oops mode in which the Java heap is
#     placed in the first 4GB address space. The Java Heap base address is the
#     maximum limit for the native heap growth. Please use -XX:HeapBaseMinAddress
#     to set the Java Heap base and to place the Java Heap above 4GB virtual address.
# This output file may be truncated or incomplete.
#
#  Out of Memory Error (allocation.cpp:389), pid=6064, tid=0x00000000000016a0
#
# JRE version: OpenJDK Runtime Environment (8.0_202-b03) (build 1.8.0_202-release-1483-b03)
# Java VM: OpenJDK 64-Bit Server VM (25.202-b03 mixed mode windows-amd64 compressed oops)
# Failed to write core dump. Minidumps are not enabled by default on client versions of Windows
#

---------------  T H R E A D  ---------------

Current thread (0x00000000162f3000):  JavaThread "C2 CompilerThread0" daemon [_thread_in_native, id=5792, stack(0x0000000017920000,0x0000000017a20000)]

Stack: [0x0000000017920000,0x0000000017a20000]
[error occurred during error reporting (printing stack bounds), id 0xc0000005]

Native frames: (J=compiled Java code, j=interpreted, Vv=VM code, C=native code)


Current CompileTask:
C2:  92295 15508       4       com.android.tools.r8.ir.conversion.IRBuilder::a (706 bytes)


---------------  P R O C E S S  ---------------

Java Threads: ( => current thread )
  0x000000001c7da000 JavaThread "WorkerExecutor Queue" [_thread_in_native, id=3136, stack(0x0000000026960000,0x0000000026a60000)]
  0x000000001c7d4800 JavaThread "Cache worker for Java compile cache (C:\Users\gokhan\AndroidStudioProjects\DevTask2\.gradle\5.4.1\javaCompile)" [_thread_blocked, id=5104, stack(0x0000000025f30000,0x0000000026030000)]
  0x000000001c7d7800 JavaThread "Cache worker for Java compile cache (C:\Users\gokhan\.gradle\caches\5.4.1\javaCompile)" [_thread_blocked, id=7800, stack(0x0000000025e30000,0x0000000025f30000)]
  0x000000001c7d6000 JavaThread "Cache worker for execution history cache (C:\Users\gokhan\AndroidStudioProjects\DevTask2\.gradle\5.4.1\executionHistory)" [_thread_blocked, id=8140, stack(0x0000000025a30000,0x0000000025b30000)]
  0x000000001c7d3000 JavaThread "Execution worker for ':' Thread 3" [_thread_blocked, id=7820, stack(0x0000000025d30000,0x0000000025e30000)]
  0x000000001c7d2800 JavaThread "Execution worker for ':' Thread 2" [_thread_in_Java, id=6172, stack(0x0000000025c30000,0x0000000025d30000)]
  0x000000001c7d1800 JavaThread "Execution worker for ':'" [_thread_in_Java, id=7376, stack(0x0000000025b30000,0x0000000025c30000)]
  0x00000000190b5800 JavaThread "Cache worker for file content cache (C:\Users\gokhan\AndroidStudioProjects\DevTask2\.gradle\5.4.1\fileContent)" [_thread_blocked, id=5772, stack(0x0000000025730000,0x0000000025830000)]
  0x00000000190b2000 JavaThread "Cache worker for file content cache (C:\Users\gokhan\.gradle\caches\5.4.1\fileContent)" [_thread_blocked, id=4820, stack(0x0000000023730000,0x0000000023830000)]
  0x000000001f4d1000 JavaThread "Cache worker for Build Output Cleanup Cache (C:\Users\gokhan\AndroidStudioProjects\DevTask2\.gradle\buildOutputCleanup)" [_thread_blocked, id=2696, stack(0x0000000025630000,0x0000000025730000)]
  0x000000001f4d2800 JavaThread "pool-4-thread-1" [_thread_blocked, id=4640, stack(0x0000000025330000,0x0000000025430000)]
  0x000000001f4cd000 JavaThread "Build operations Thread 4" [_thread_blocked, id=6688, stack(0x0000000022500000,0x0000000022600000)]
  0x000000001f4cf800 JavaThread "Build operations Thread 3" [_thread_blocked, id=5684, stack(0x0000000022000000,0x0000000022100000)]
  0x000000001f4ce800 JavaThread "Build operations Thread 2" [_thread_blocked, id=7328, stack(0x0000000020cc0000,0x0000000020dc0000)]
  0x000000001f4d0000 JavaThread "Build operations" [_thread_blocked, id=6816, stack(0x0000000020900000,0x0000000020a00000)]
  0x000000001f4cb800 JavaThread "Cache worker for cache directory md-rule (C:\Users\gokhan\.gradle\caches\5.4.1\md-rule)" [_thread_blocked, id=5964, stack(0x0000000020800000,0x0000000020900000)]
  0x000000001f4ce000 JavaThread "Cache worker for cache directory md-supplier (C:\Users\gokhan\.gradle\caches\5.4.1\md-supplier)" [_thread_blocked, id=7296, stack(0x0000000020700000,0x0000000020800000)]
  0x000000001f4c8000 JavaThread "Cache worker for file hash cache (C:\Users\gokhan\AndroidStudioProjects\DevTask2\.gradle\5.4.1\fileHashes)" [_thread_blocked, id=5972, stack(0x000000001ff00000,0x0000000020000000)]
  0x000000001f4cb000 JavaThread "Thread-42" [_thread_blocked, id=4072, stack(0x000000001fe00000,0x000000001ff00000)]
  0x000000001f4c5800 JavaThread "Stdin handler" [_thread_blocked, id=3240, stack(0x000000001c180000,0x000000001c280000)]
  0x000000001f4c8800 JavaThread "Asynchronous log dispatcher for DefaultDaemonConnection: socket connection from /127.0.0.1:42342 to /127.0.0.1:42515" [_thread_blocked, id=3852, stack(0x000000001aab0000,0x000000001abb0000)]
  0x000000001f4c4000 JavaThread "Cancel handler" [_thread_blocked, id=3040, stack(0x000000001a6b0000,0x000000001a7b0000)]
  0x000000001f4c5000 JavaThread "Handler for socket connection from /127.0.0.1:42342 to /127.0.0.1:42515" [_thread_in_native, id=6336, stack(0x000000001a3b0000,0x000000001a4b0000)]
  0x000000001f4ca000 JavaThread "Memory manager" [_thread_blocked, id=4388, stack(0x0000000022600000,0x0000000022700000)]
  0x000000001f4c6800 JavaThread "Cache worker for execution history cache (C:\Users\gokhan\.gradle\caches\5.4.1\executionHistory)" [_thread_blocked, id=4500, stack(0x0000000020000000,0x0000000020100000)]
  0x00000000190b0800 JavaThread "Cache worker for journal cache (C:\Users\gokhan\.gradle\caches\journal-1)" [_thread_blocked, id=588, stack(0x000000001adb0000,0x000000001aeb0000)]
  0x00000000190b1000 JavaThread "File lock request listener" [_thread_in_native, id=7436, stack(0x000000001acb0000,0x000000001adb0000)]
  0x000000001982b000 JavaThread "Cache worker for file hash cache (C:\Users\gokhan\.gradle\caches\5.4.1\fileHashes)" [_thread_blocked, id=4004, stack(0x000000001abb0000,0x000000001acb0000)]
  0x000000001927f000 JavaThread "Daemon worker" [_thread_blocked, id=4016, stack(0x000000001a7b0000,0x000000001a8b0000)]
  0x0000000018f5e000 JavaThread "Daemon" [_thread_blocked, id=7752, stack(0x000000001a2b0000,0x000000001a3b0000)]
  0x0000000018e97000 JavaThread "Daemon periodic checks" [_thread_blocked, id=5416, stack(0x000000001a1b0000,0x000000001a2b0000)]
  0x0000000018e96800 JavaThread "Incoming local TCP Connector on port 42342" [_thread_in_native, id=5584, stack(0x0000000019fd0000,0x000000001a0d0000)]
  0x00000000193d5000 JavaThread "Daemon health stats" [_thread_blocked, id=4044, stack(0x00000000199f0000,0x0000000019af0000)]
  0x0000000017c58800 JavaThread "Service Thread" daemon [_thread_blocked, id=2992, stack(0x0000000018020000,0x0000000018120000)]
  0x000000001630c000 JavaThread "C1 CompilerThread2" daemon [_thread_in_native, id=3564, stack(0x0000000017b20000,0x0000000017c20000)]
  0x0000000016303800 JavaThread "C2 CompilerThread1" daemon [_thread_in_native, id=5112, stack(0x0000000017a20000,0x0000000017b20000)]
=>0x00000000162f3000 JavaThread "C2 CompilerThread0" daemon [_thread_in_native, id=5792, stack(0x0000000017920000,0x0000000017a20000)]
  0x00000000162f1800 JavaThread "Attach Listener" daemon [_thread_blocked, id=4484, stack(0x0000000017820000,0x0000000017920000)]
  0x00000000162f5000 JavaThread "Signal Dispatcher" daemon [_thread_blocked, id=7732, stack(0x0000000017720000,0x0000000017820000)]
  0x000000000297b800 JavaThread "Finalizer" daemon [_thread_blocked, id=5548, stack(0x0000000017550000,0x0000000017650000)]
  0x00000000162d9000 JavaThread "Reference Handler" daemon [_thread_blocked, id=6184, stack(0x0000000017450000,0x0000000017550000)]
  0x000000000282e000 JavaThread "main" [_thread_blocked, id=3728, stack(0x0000000002720000,0x0000000002820000)]

Other Threads:
  0x00000000162b6800 VMThread [stack: 0x0000000017350000,0x0000000017450000] [id=3012]
  0x0000000017c59000 WatcherThread [stack: 0x0000000018120000,0x0000000018220000] [id=6108]

VM state:not at safepoint (normal execution)

VM Mutex/Monitor currently owned by a thread: None

OutOfMemory and StackOverflow Exception counts:
OutOfMemoryError java_heap_errors=1

heap address: 0x00000000a0000000, size: 1536 MB, Compressed Oops mode: 32-bit
Narrow klass base: 0x0000000000000000, Narrow klass shift: 3
Compressed class space size: 1073741824 Address: 0x0000000100000000

Heap:
 PSYoungGen      total 252416K, used 206341K [0x00000000e0000000, 0x00000000f2380000, 0x0000000100000000)
  eden space 219648K, 79% used [0x00000000e0000000,0x00000000ea984d08,0x00000000ed680000)
  from space 32768K, 99% used [0x00000000efb80000,0x00000000f1b7ca48,0x00000000f1b80000)
  to   space 37888K, 0% used [0x00000000ed680000,0x00000000ed680000,0x00000000efb80000)
 ParOldGen       total 93696K, used 66008K [0x00000000a0000000, 0x00000000a5b80000, 0x00000000e0000000)
  object space 93696K, 70% used [0x00000000a0000000,0x00000000a4076230,0x00000000a5b80000)
 Metaspace       used 90594K, capacity 94700K, committed 95000K, reserved 1132544K
  class space    used 11906K, capacity 12737K, committed 12824K, reserved 1048576K

Card table byte_map: [0x0000000011d40000,0x0000000012050000] byte_map_base: 0x0000000011840000

Marking Bits: (ParMarkBitMap*) 0x000000005fa09f30
 Begin Bits: [0x0000000012650000, 0x0000000013e50000)
 End Bits:   [0x0000000013e50000, 0x0000000015650000)

Polling page: 0x0000000000e80000

CodeCache: size=245760Kb used=43045Kb max_used=43045Kb free=202714Kb
 bounds [0x0000000002980000, 0x00000000053c0000, 0x0000000011980000]
 total_blobs=13508 nmethods=12651 adapters=768
 compilation: enabled

Compilation events (10 events):
Event: 92.246 Thread 0x000000001630c000 15499       1       com.android.tools.r8.ir.code.Move::dest (5 bytes)
Event: 92.246 Thread 0x000000001630c000 nmethod 15499 0x0000000005358710 code [0x0000000005358860, 0x0000000005358970]
Event: 92.246 Thread 0x000000001630c000 15485       1       com.android.tools.r8.ir.code.InstanceGet::dest (5 bytes)
Event: 92.246 Thread 0x000000001630c000 nmethod 15485 0x00000000053b41d0 code [0x00000000053b4320, 0x00000000053b4430]
Event: 92.246 Thread 0x000000001630c000 15491       1       com.android.tools.r8.ir.regalloc.LiveIntervals::B (5 bytes)
Event: 92.246 Thread 0x000000001630c000 nmethod 15491 0x00000000053b4490 code [0x00000000053b45e0, 0x00000000053b46f0]
Event: 92.246 Thread 0x000000001630c000 15492       1       com.android.tools.r8.ir.code.Instruction::isNewInstance (2 bytes)
Event: 92.246 Thread 0x000000001630c000 nmethod 15492 0x00000000053b4750 code [0x00000000053b48a0, 0x00000000053b49b0]
Event: 92.246 Thread 0x0000000016303800 15513       4       com.android.tools.r8.ir.conversion.X::a (720 bytes)
Event: 92.247 Thread 0x000000001630c000 15515       3       com.android.tools.r8.ir.conversion.N::b (4236 bytes)

GC Heap History (10 events):
Event: 17.071 GC heap before
{Heap before GC invocations=17 (full 3):
 PSYoungGen      total 169472K, used 151040K [0x00000000e0000000, 0x00000000ed580000, 0x0000000100000000)
  eden space 151040K, 100% used [0x00000000e0000000,0x00000000e9380000,0x00000000e9380000)
  from space 18432K, 0% used [0x00000000e9380000,0x00000000e9380000,0x00000000ea580000)
  to   space 17920K, 0% used [0x00000000ec400000,0x00000000ec400000,0x00000000ed580000)
 ParOldGen       total 93696K, used 32390K [0x00000000a0000000, 0x00000000a5b80000, 0x00000000e0000000)
  object space 93696K, 34% used [0x00000000a0000000,0x00000000a1fa1950,0x00000000a5b80000)
 Metaspace       used 60722K, capacity 62644K, committed 62744K, reserved 1103872K
  class space    used 8256K, capacity 8723K, committed 8728K, reserved 1048576K
Event: 17.117 GC heap after
Heap after GC invocations=17 (full 3):
 PSYoungGen      total 194560K, used 13518K [0x00000000e0000000, 0x00000000ed380000, 0x0000000100000000)
  eden space 178688K, 0% used [0x00000000e0000000,0x00000000e0000000,0x00000000eae80000)
  from space 15872K, 85% used [0x00000000ec400000,0x00000000ed133950,0x00000000ed380000)
  to   space 18944K, 0% used [0x00000000eae80000,0x00000000eae80000,0x00000000ec100000)
 ParOldGen       total 93696K, used 32398K [0x00000000a0000000, 0x00000000a5b80000, 0x00000000e0000000)
  object space 93696K, 34% used [0x00000000a0000000,0x00000000a1fa3950,0x00000000a5b80000)
 Metaspace       used 60722K, capacity 62644K, committed 62744K, reserved 1103872K
  class space    used 8256K, capacity 8723K, committed 8728K, reserved 1048576K
}
Event: 20.638 GC heap before
{Heap before GC invocations=18 (full 3):
 PSYoungGen      total 194560K, used 192206K [0x00000000e0000000, 0x00000000ed380000, 0x0000000100000000)
  eden space 178688K, 100% used [0x00000000e0000000,0x00000000eae80000,0x00000000eae80000)
  from space 15872K, 85% used [0x00000000ec400000,0x00000000ed133950,0x00000000ed380000)
  to   space 18944K, 0% used [0x00000000eae80000,0x00000000eae80000,0x00000000ec100000)
 ParOldGen       total 93696K, used 32398K [0x00000000a0000000, 0x00000000a5b80000, 0x00000000e0000000)
  object space 93696K, 34% used [0x00000000a0000000,0x00000000a1fa3950,0x00000000a5b80000)
 Metaspace       used 66254K, capacity 68490K, committed 68760K, reserved 1107968K
  class space    used 9022K, capacity 9515K, committed 9624K, reserved 1048576K
Event: 20.678 GC heap after
Heap after GC invocations=18 (full 3):
 PSYoungGen      total 197632K, used 18935K [0x00000000e0000000, 0x00000000efb80000, 0x0000000100000000)
  eden space 178688K, 0% used [0x00000000e0000000,0x00000000e0000000,0x00000000eae80000)
  from space 18944K, 99% used [0x00000000eae80000,0x00000000ec0fdd70,0x00000000ec100000)
  to   space 24576K, 0% used [0x00000000ee380000,0x00000000ee380000,0x00000000efb80000)
 ParOldGen       total 93696K, used 40645K [0x00000000a0000000, 0x00000000a5b80000, 0x00000000e0000000)
  object space 93696K, 43% used [0x00000000a0000000,0x00000000a27b1730,0x00000000a5b80000)
 Metaspace       used 66254K, capacity 68490K, committed 68760K, reserved 1107968K
  class space    used 9022K, capacity 9515K, committed 9624K, reserved 1048576K
}
Event: 28.224 GC heap before
{Heap before GC invocations=19 (full 3):
 PSYoungGen      total 197632K, used 197623K [0x00000000e0000000, 0x00000000efb80000, 0x0000000100000000)
  eden space 178688K, 100% used [0x00000000e0000000,0x00000000eae80000,0x00000000eae80000)
  from space 18944K, 99% used [0x00000000eae80000,0x00000000ec0fdd70,0x00000000ec100000)
  to   space 24576K, 0% used [0x00000000ee380000,0x00000000ee380000,0x00000000efb80000)
 ParOldGen       total 93696K, used 40645K [0x00000000a0000000, 0x00000000a5b80000, 0x00000000e0000000)
  object space 93696K, 43% used [0x00000000a0000000,0x00000000a27b1730,0x00000000a5b80000)
 Metaspace       used 73074K, capacity 76148K, committed 76440K, reserved 1116160K
  class space    used 9703K, capacity 10323K, committed 10392K, reserved 1048576K
Event: 28.602 GC heap after
Heap after GC invocations=19 (full 3):
 PSYoungGen      total 226304K, used 24573K [0x00000000e0000000, 0x00000000f0f00000, 0x0000000100000000)
  eden space 201728K, 0% used [0x00000000e0000000,0x00000000e0000000,0x00000000ec500000)
  from space 24576K, 99% used [0x00000000ee380000,0x00000000efb7f450,0x00000000efb80000)
  to   space 31232K, 0% used [0x00000000ec500000,0x00000000ec500000,0x00000000ee380000)
 ParOldGen       total 93696K, used 47671K [0x00000000a0000000, 0x00000000a5b80000, 0x00000000e0000000)
  object space 93696K, 50% used [0x00000000a0000000,0x00000000a2e8dc80,0x00000000a5b80000)
 Metaspace       used 73074K, capacity 76148K, committed 76440K, reserved 1116160K
  class space    used 9703K, capacity 10323K, committed 10392K, reserved 1048576K
}
Event: 82.392 GC heap before
{Heap before GC invocations=20 (full 3):
 PSYoungGen      total 226304K, used 226301K [0x00000000e0000000, 0x00000000f0f00000, 0x0000000100000000)
  eden space 201728K, 100% used [0x00000000e0000000,0x00000000ec500000,0x00000000ec500000)
  from space 24576K, 99% used [0x00000000ee380000,0x00000000efb7f450,0x00000000efb80000)
  to   space 31232K, 0% used [0x00000000ec500000,0x00000000ec500000,0x00000000ee380000)
 ParOldGen       total 93696K, used 47671K [0x00000000a0000000, 0x00000000a5b80000, 0x00000000e0000000)
  object space 93696K, 50% used [0x00000000a0000000,0x00000000a2e8dc80,0x00000000a5b80000)
 Metaspace       used 74919K, capacity 78224K, committed 78488K, reserved 1118208K
  class space    used 9900K, capacity 10565K, committed 10648K, reserved 1048576K
Event: 82.486 GC heap after
Heap after GC invocations=20 (full 3):
 PSYoungGen      total 232960K, used 21730K [0x00000000e0000000, 0x00000000f1b80000, 0x0000000100000000)
  eden space 201728K, 0% used [0x00000000e0000000,0x00000000e0000000,0x00000000ec500000)
  from space 31232K, 69% used [0x00000000ec500000,0x00000000eda389d0,0x00000000ee380000)
  to   space 32768K, 0% used [0x00000000efb80000,0x00000000efb80000,0x00000000f1b80000)
 ParOldGen       total 93696K, used 65098K [0x00000000a0000000, 0x00000000a5b80000, 0x00000000e0000000)
  object space 93696K, 69% used [0x00000000a0000000,0x00000000a3f92b50,0x00000000a5b80000)
 Metaspace       used 74919K, capacity 78224K, committed 78488K, reserved 1118208K
  class space    used 9900K, capacity 10565K, committed 10648K, reserved 1048576K
}
Event: 88.388 GC heap before
{Heap before GC invocations=21 (full 3):
 PSYoungGen      total 232960K, used 223458K [0x00000000e0000000, 0x00000000f1b80000, 0x0000000100000000)
  eden space 201728K, 100% used [0x00000000e0000000,0x00000000ec500000,0x00000000ec500000)
  from space 31232K, 69% used [0x00000000ec500000,0x00000000eda389d0,0x00000000ee380000)
  to   space 32768K, 0% used [0x00000000efb80000,0x00000000efb80000,0x00000000f1b80000)
 ParOldGen       total 93696K, used 65098K [0x00000000a0000000, 0x00000000a5b80000, 0x00000000e0000000)
  object space 93696K, 69% used [0x00000000a0000000,0x00000000a3f92b50,0x00000000a5b80000)
 Metaspace       used 81403K, capacity 84766K, committed 85016K, reserved 1122304K
  class space    used 10600K, capacity 11286K, committed 11288K, reserved 1048576K
Event: 88.463 GC heap after
Heap after GC invocations=21 (full 3):
 PSYoungGen      total 252416K, used 32754K [0x00000000e0000000, 0x00000000f2380000, 0x0000000100000000)
  eden space 219648K, 0% used [0x00000000e0000000,0x00000000e0000000,0x00000000ed680000)
  from space 32768K, 99% used [0x00000000efb80000,0x00000000f1b7ca48,0x00000000f1b80000)
  to   space 37888K, 0% used [0x00000000ed680000,0x00000000ed680000,0x00000000efb80000)
 ParOldGen       total 93696K, used 66008K [0x00000000a0000000, 0x00000000a5b80000, 0x00000000e0000000)
  object space 93696K, 70% used [0x00000000a0000000,0x00000000a4076230,0x00000000a5b80000)
 Metaspace       used 81403K, capacity 84766K, committed 85016K, reserved 1122304K
  class space    used 10600K, capacity 11286K, committed 11288K, reserved 1048576K
}

Deoptimization events (10 events):
Event: 91.818 Thread 0x000000001c7d2800 Uncommon trap: reason=bimorphic action=maybe_recompile pc=0x0000000005185938 method=com.android.tools.r8.ir.code.ValueType.a(Lcom/android/tools/r8/ir/analysis/type/TypeLatticeElement;)Lcom/android/tools/r8/ir/code/ValueType; @ 12
Event: 91.818 Thread 0x000000001c7d2800 Uncommon trap: reason=bimorphic action=maybe_recompile pc=0x0000000004c0800c method=com.android.tools.r8.ir.code.ValueType.a(Lcom/android/tools/r8/ir/analysis/type/TypeLatticeElement;)Lcom/android/tools/r8/ir/code/ValueType; @ 12
Event: 91.818 Thread 0x000000001c7d2800 Uncommon trap: reason=unstable_if action=reinterpret pc=0x0000000004ecd8ec method=com.android.tools.r8.ir.code.ValueType.c()Z @ 11
Event: 91.818 Thread 0x000000001c7d2800 Uncommon trap: reason=bimorphic action=maybe_recompile pc=0x00000000051827d4 method=com.android.tools.r8.ir.code.ValueType.a(Lcom/android/tools/r8/ir/analysis/type/TypeLatticeElement;)Lcom/android/tools/r8/ir/code/ValueType; @ 12
Event: 91.822 Thread 0x000000001c7d2800 Uncommon trap: reason=bimorphic action=maybe_recompile pc=0x00000000051c7618 method=com.android.tools.r8.ir.code.ValueType.a(Lcom/android/tools/r8/ir/analysis/type/TypeLatticeElement;)Lcom/android/tools/r8/ir/code/ValueType; @ 12
Event: 92.175 Thread 0x000000001927f000 Uncommon trap: reason=unstable_if action=reinterpret pc=0x0000000004cccd50 method=com.android.tools.r8.ir.regalloc.LiveIntervals.p()Z @ 9
Event: 92.176 Thread 0x000000001927f000 Uncommon trap: reason=unstable_if action=reinterpret pc=0x00000000051dad84 method=com.android.tools.r8.ir.regalloc.LiveIntervals.getSplitCovering(I)Lcom/android/tools/r8/ir/regalloc/LiveIntervals; @ 38
Event: 92.177 Thread 0x000000001927f000 Uncommon trap: reason=unstable_if action=reinterpret pc=0x00000000051ffd74 method=com.android.tools.r8.ir.regalloc.LinearScanRegisterAllocator.a(I)I @ 12
Event: 92.177 Thread 0x000000001927f000 Uncommon trap: reason=unstable_if action=reinterpret pc=0x0000000004c35530 method=com.android.tools.r8.ir.regalloc.LinearScanRegisterAllocator.a(I)I @ 12
Event: 92.177 Thread 0x000000001927f000 Uncommon trap: reason=unstable_if action=reinterpret pc=0x000000000527a120 method=com.android.tools.r8.ir.regalloc.LiveIntervals.p()Z @ 9

Classes redefined (0 events):
No events

Internal exceptions (10 events):
Event: 90.284 Thread 0x000000001c7d3000 Exception <a 'java/lang/NoSuchMethodError': <clinit>> (0x00000000e4601d90) thrown at [D:\src\AOSP-openjdk-cygwin\jdk8u\hotspot\src\share\vm\prims\jni.cpp, line 1614]
Event: 90.285 Thread 0x000000001c7d3000 Exception <a 'java/lang/NoSuchMethodError': <clinit>> (0x00000000e4616260) thrown at [D:\src\AOSP-openjdk-cygwin\jdk8u\hotspot\src\share\vm\prims\jni.cpp, line 1614]
Event: 90.289 Thread 0x000000001c7d3000 Exception <a 'java/lang/NoSuchMethodError': <clinit>> (0x00000000e4633f40) thrown at [D:\src\AOSP-openjdk-cygwin\jdk8u\hotspot\src\share\vm\prims\jni.cpp, line 1614]
Event: 90.341 Thread 0x000000001c7da000 Exception <a 'sun/nio/fs/WindowsException'> (0x00000000e4bf0098) thrown at [D:\src\AOSP-openjdk-cygwin\jdk8u\hotspot\src\share\vm\prims\jni.cpp, line 710]
Event: 90.343 Thread 0x000000001927f000 Exception <a 'sun/nio/fs/WindowsException'> (0x00000000e4123d18) thrown at [D:\src\AOSP-openjdk-cygwin\jdk8u\hotspot\src\share\vm\prims\jni.cpp, line 710]
Event: 90.348 Thread 0x000000001c7da000 Exception <a 'java/lang/NoSuchMethodError': java.lang.Object.lambda$asRunnable$0(Lcom/android/tools/build/apkzlib/utils/IOExceptionRunnable;)V> (0x00000000e4c17828) thrown at [D:\src\AOSP-openjdk-cygwin\jdk8u\hotspot\src\share\vm\interpreter\linkResolver.
Event: 90.579 Thread 0x000000001c7da000 Exception <a 'java/lang/NoSuchMethodError': java.lang.Object.newSystemTemporaryDirectory()Lcom/android/tools/build/apkzlib/bytestorage/TemporaryDirectory;> (0x00000000e59fb648) thrown at [D:\src\AOSP-openjdk-cygwin\jdk8u\hotspot\src\share\vm\interpreter\l
Event: 90.855 Thread 0x000000001c7d2800 Exception <a 'java/lang/NoSuchMethodError': java.lang.Object.lambda$maxBy$1(Ljava/util/Comparator;Ljava/lang/Object;Ljava/lang/Object;)Ljava/lang/Object;> (0x00000000e6b5d100) thrown at [D:\src\AOSP-openjdk-cygwin\jdk8u\hotspot\src\share\vm\interpreter\li
Event: 90.938 Thread 0x000000001927f000 Exception <a 'sun/nio/fs/WindowsException'> (0x00000000e69a41e0) thrown at [D:\src\AOSP-openjdk-cygwin\jdk8u\hotspot\src\share\vm\prims\jni.cpp, line 710]
Event: 91.121 Thread 0x000000001927f000 Exception <a 'sun/nio/fs/WindowsException'> (0x00000000e7b0c6c8) thrown at [D:\src\AOSP-openjdk-cygwin\jdk8u\hotspot\src\share\vm\prims\jni.cpp, line 710]

Events (10 events):
Event: 92.177 Thread 0x000000001927f000 DEOPT PACKING pc=0x00000000051ffd74 sp=0x000000001a8a89c0
Event: 92.177 Thread 0x000000001927f000 DEOPT UNPACKING pc=0x00000000029c557b sp=0x000000001a8a8900 mode 2
Event: 92.177 Thread 0x000000001927f000 Uncommon trap: trap_request=0xffffff65 fr.pc=0x0000000004c35530
Event: 92.177 Thread 0x000000001927f000 DEOPT PACKING pc=0x0000000004c35530 sp=0x000000001a8a8950
Event: 92.177 Thread 0x000000001927f000 DEOPT UNPACKING pc=0x00000000029c557b sp=0x000000001a8a88f8 mode 2
Event: 92.177 Thread 0x000000001927f000 Uncommon trap: trap_request=0xffffff65 fr.pc=0x000000000527a120
Event: 92.177 Thread 0x000000001927f000 DEOPT PACKING pc=0x000000000527a120 sp=0x000000001a8a8e90
Event: 92.177 Thread 0x000000001927f000 DEOPT UNPACKING pc=0x00000000029c557b sp=0x000000001a8a8d60 mode 2
Event: 92.177 Executing VM operation: ForceSafepoint
Event: 92.180 Executing VM operation: ForceSafepoint done


Dynamic libraries:
0x00007ff77d8c0000 - 0x00007ff77d8f1000 	C:\Program Files\Android\Android Studio\jre\bin\java.exe
0x00007fffaba90000 - 0x00007fffabc3d000 	C:\WINDOWS\SYSTEM32\ntdll.dll
0x00007fffa9320000 - 0x00007fffa945f000 	C:\WINDOWS\system32\KERNEL32.DLL
0x00007fffa8fa0000 - 0x00007fffa90b6000 	C:\WINDOWS\system32\KERNELBASE.dll
0x00007fffa94c0000 - 0x00007fffa956a000 	C:\WINDOWS\system32\ADVAPI32.dll
0x00007fffaac80000 - 0x00007fffaadf7000 	C:\WINDOWS\system32\USER32.dll
0x00007fffa6360000 - 0x00007fffa65db000 	C:\WINDOWS\WinSxS\amd64_microsoft.windows.common-controls_6595b64144ccf1df_6.0.9600.19394_none_62486577ecb635cf\COMCTL32.dll
0x00007fffab970000 - 0x00007fffaba1a000 	C:\WINDOWS\system32\msvcrt.dll
0x00007fffaba30000 - 0x00007fffaba89000 	C:\WINDOWS\SYSTEM32\sechost.dll
0x00007fffa91e0000 - 0x00007fffa9320000 	C:\WINDOWS\system32\RPCRT4.dll
0x00007fffab730000 - 0x00007fffab87c000 	C:\WINDOWS\system32\GDI32.dll
0x00007fffa8d40000 - 0x00007fffa8d6e000 	C:\WINDOWS\system32\SspiCli.dll
0x00007fffab6f0000 - 0x00007fffab726000 	C:\WINDOWS\system32\IMM32.DLL
0x00007fffab520000 - 0x00007fffab672000 	C:\WINDOWS\system32\MSCTF.dll
0x000000005f160000 - 0x000000005f232000 	C:\Program Files\Android\Android Studio\jre\jre\bin\msvcr100.dll
0x000000005f240000 - 0x000000005fa86000 	C:\Program Files\Android\Android Studio\jre\jre\bin\server\jvm.dll
0x00007fff9f110000 - 0x00007fff9f119000 	C:\WINDOWS\SYSTEM32\WSOCK32.dll
0x00007fffa23c0000 - 0x00007fffa23e2000 	C:\WINDOWS\SYSTEM32\WINMM.dll
0x00007fff9f0f0000 - 0x00007fff9f0fa000 	C:\WINDOWS\SYSTEM32\VERSION.dll
0x00007fffab680000 - 0x00007fffab687000 	C:\WINDOWS\system32\PSAPI.DLL
0x00007fffa9460000 - 0x00007fffa94ba000 	C:\WINDOWS\system32\WS2_32.dll
0x00007fffa2390000 - 0x00007fffa23ba000 	C:\WINDOWS\SYSTEM32\WINMMBASE.dll
0x00007fffaba20000 - 0x00007fffaba29000 	C:\WINDOWS\system32\NSI.dll
0x00007fffa8d70000 - 0x00007fffa8dbf000 	C:\WINDOWS\SYSTEM32\cfgmgr32.dll
0x00007fffa7a00000 - 0x00007fffa7a28000 	C:\WINDOWS\SYSTEM32\DEVOBJ.dll
0x00007fffa4b80000 - 0x00007fffa4b8f000 	C:\Program Files\Android\Android Studio\jre\jre\bin\verify.dll
0x00007fffa4570000 - 0x00007fffa4599000 	C:\Program Files\Android\Android Studio\jre\jre\bin\java.dll
0x00007fffa4910000 - 0x00007fffa4926000 	C:\Program Files\Android\Android Studio\jre\jre\bin\zip.dll
0x00007fffa9750000 - 0x00007fffaac7b000 	C:\WINDOWS\system32\SHELL32.dll
0x00007fffab030000 - 0x00007fffab240000 	C:\WINDOWS\SYSTEM32\combase.dll
0x00007fffab690000 - 0x00007fffab6e4000 	C:\WINDOWS\system32\SHLWAPI.dll
0x00007fffa6d70000 - 0x00007fffa6e22000 	C:\WINDOWS\SYSTEM32\SHCORE.dll
0x00007fffa8bc0000 - 0x00007fffa8bd5000 	C:\WINDOWS\SYSTEM32\profapi.dll
0x00007fffa4810000 - 0x00007fffa482a000 	C:\Program Files\Android\Android Studio\jre\jre\bin\net.dll
0x00007fffa8450000 - 0x00007fffa84a9000 	C:\WINDOWS\system32\mswsock.dll
0x00007fffa4500000 - 0x00007fffa4511000 	C:\Program Files\Android\Android Studio\jre\jre\bin\nio.dll
0x00007fffa0be0000 - 0x00007fffa0c06000 	C:\Users\gokhan\.gradle\native\29\windows-amd64\native-platform.dll
0x00007fffa44f0000 - 0x00007fffa44fd000 	C:\Program Files\Android\Android Studio\jre\jre\bin\management.dll
0x00007fffa84b0000 - 0x00007fffa84d0000 	C:\WINDOWS\SYSTEM32\CRYPTSP.dll
0x00007fffa8070000 - 0x00007fffa80a6000 	C:\WINDOWS\system32\rsaenh.dll
0x00007fffa8700000 - 0x00007fffa8726000 	C:\WINDOWS\SYSTEM32\bcrypt.dll
0x00007fffa81e0000 - 0x00007fffa8201000 	C:\WINDOWS\SYSTEM32\USERENV.dll
0x00007fffa8a20000 - 0x00007fffa8a83000 	C:\WINDOWS\system32\bcryptprimitives.dll
0x00007fffa8a90000 - 0x00007fffa8a9b000 	C:\WINDOWS\SYSTEM32\CRYPTBASE.dll
0x00007fffa3b00000 - 0x00007fffa3b2a000 	C:\WINDOWS\SYSTEM32\IPHLPAPI.DLL
0x00007fffa3ae0000 - 0x00007fffa3aea000 	C:\WINDOWS\SYSTEM32\WINNSI.DLL
0x00007fffa35b0000 - 0x00007fffa35c6000 	C:\WINDOWS\SYSTEM32\dhcpcsvc6.DLL
0x00007fffa3790000 - 0x00007fffa37aa000 	C:\WINDOWS\SYSTEM32\dhcpcsvc.DLL

VM Arguments:
jvm_args: -Xmx1536m -Dfile.encoding=windows-1254 -Duser.country=TR -Duser.language=tr -Duser.variant 
java_command: org.gradle.launcher.daemon.bootstrap.GradleDaemon 5.4.1
java_class_path (initial): C:\Users\gokhan\.gradle\wrapper\dists\gradle-5.4.1-all\3221gyojl5jsh0helicew7rwx\gradle-5.4.1\lib\gradle-launcher-5.4.1.jar
Launcher Type: SUN_STANDARD

Environment Variables:
PATH=C:\ProgramData\Oracle\Java\javapath;C:\Program Files (x86)\Intel\iCLS Client\;C:\Program Files\Intel\iCLS Client\;C:\WINDOWS\system32;C:\WINDOWS;C:\WINDOWS\System32\Wbem;C:\WINDOWS\System32\WindowsPowerShell\v1.0\;C:\Program Files\Intel\WiFi\bin\;C:\Program Files\Common Files\Intel\WirelessCommon\;C:\Program Files (x86)\Intel\OpenCL SDK\3.0\bin\x86;C:\Program Files (x86)\Intel\OpenCL SDK\3.0\bin\x64;C:\Program Files\Intel\Intel(R) Management Engine Components\DAL;C:\Program Files\Intel\Intel(R) Management Engine Components\IPT;C:\Program Files (x86)\Intel\Intel(R) Management Engine Components\DAL;C:\Program Files (x86)\Intel\Intel(R) Management Engine Components\IPT;C:\Program Files\Sony\VAIO Improvement;C:\Program Files (x86)\Sony\VAIO BIOS Data Transfer Utility\;C:\Program Files (x86)\Sony\VAIO Startup Setting Tool;C:\Program Files\Microsoft\Web Platform Installer\;C:\Program Files (x86)\Microsoft ASP.NET\ASP.NET Web Pages\v1.0\;C:\Program Files (x86)\Windows Kits\8.0\Windows Performance Toolkit\;C:\Program Files\Microsoft SQL Server\110\Tools\Binn\;C:\Program Files (x86)\Microsoft SQL Server\100\Tools\Binn\;C:\Program Files\Microsoft SQL Server\100\Tools\Binn\;C:\Program Files\Microsoft SQL Server\100\DTS\Binn\;C:\Program Files (x86)\Microsoft SQL Server\100\Tools\Binn\VSShell\Common7\IDE\;C:\Program Files (x86)\Microsoft Visual Studio 9.0\Common7\IDE\PrivateAssemblies\;C:\Program Files (x86)\Microsoft SQL Server\100\DTS\Binn\
USERNAME=gmisket
OS=Windows_NT
PROCESSOR_IDENTIFIER=Intel64 Family 6 Model 69 Stepping 1, GenuineIntel



---------------  S Y S T E M  ---------------

OS: Windows 8.1 , 64 bit Build 9600 (6.3.9600.19538)

CPU:total 4 (initial active 4) (2 cores per cpu, 2 threads per core) family 6 model 69 stepping 1, cmov, cx8, fxsr, mmx, sse, sse2, sse3, ssse3, sse4.1, sse4.2, popcnt, avx, avx2, aes, clmul, erms, lzcnt, ht, tsc, tscinvbit, bmi1, bmi2

Memory: 4k page, physical 4098928k(266136k free), swap 7244656k(5108k free)

vm_info: OpenJDK 64-Bit Server VM (25.202-b03) for windows-amd64 JRE (1.8.0_202-release-1483-b03), built by "builder" with MS VC++ 10.0 (VS2010)

time: Wed Feb 05 00:53:46 2020
timezone: Türkiye Standart Saati
elapsed time: 92 seconds (0d 0h 1m 32s)

