JvmtiExport can_access_local_variables 0
JvmtiExport can_hotswap_or_post_breakpoint 0
JvmtiExport can_post_on_exceptions 0
# 400 ciObject found
ciMethod java/lang/Object <init> ()V 4097 1 1632581 0 0
ciMethod java/lang/Object getClass ()Ljava/lang/Class; 2049 1 256 0 -1
ciMethod java/lang/String length ()I 3089 1 331587 0 0
ciMethod java/lang/String charAt (I)C 4097 1 1621773 0 128
ciMethod java/lang/String getChars (II[CI)V 2593 1 5552 0 320
ciMethod java/lang/Class isAssignableFrom (Ljava/lang/Class;)Z 3081 1 385 0 -1
ciMethod java/lang/Class isArray ()Z 2049 1 256 0 -1
ciMethod java/lang/Class isPrimitive ()Z 2049 1 256 0 -1
ciMethod java/lang/Class getName ()Ljava/lang/String; 649 1 54672 0 -1
ciMethod java/lang/Class getClassLoader ()Ljava/lang/ClassLoader; 2049 1 32174 0 96
ciMethod java/lang/Class getClassLoader0 ()Ljava/lang/ClassLoader; 1033 1 129 0 0
ciMethod java/lang/Class getInterfaces ()[Ljava/lang/Class; 9 1 5208 0 -1
ciMethod java/lang/Class getComponentType ()Ljava/lang/Class; 3097 1 387 0 -1
ciMethod java/lang/ClassLoader checkClassLoaderPermission (Ljava/lang/ClassLoader;Ljava/lang/Class;)V 0 0 1 0 -1
ciMethod java/lang/System getSecurityManager ()Ljava/lang/SecurityManager; 2089 1 82463 0 0
ciMethod java/lang/System arraycopy (Ljava/lang/Object;ILjava/lang/Object;II)V 5121 1 640 0 -1
ciMethod java/lang/System identityHashCode (Ljava/lang/Object;)I 2049 1 256 0 -1
ciMethod java/lang/ref/Reference get ()Ljava/lang/Object; 2073 1 259 0 -1
ciMethod java/lang/ref/SoftReference <init> (Ljava/lang/Object;)V 2049 1 6965 0 -1
ciMethod java/lang/ref/WeakReference <init> (Ljava/lang/Object;)V 2089 1 23775 0 -1
ciMethod java/lang/Thread currentThread ()Ljava/lang/Thread; 2049 1 256 0 -1
ciMethod java/util/Map get (Ljava/lang/Object;)Ljava/lang/Object; 0 0 1 0 -1
ciMethod java/lang/reflect/AccessibleObject checkAccess (Ljava/lang/Class;Ljava/lang/Class;Ljava/lang/Object;I)V 41 1 72 0 -1
ciMethod java/lang/reflect/Method getDeclaringClass ()Ljava/lang/Class; 1081 1 135 0 -1
ciMethod java/lang/reflect/Method getName ()Ljava/lang/String; 1081 1 135 0 -1
ciMethod java/lang/reflect/Method getModifiers ()I 1153 1 144 0 -1
ciMethod java/lang/reflect/Method getReturnType ()Ljava/lang/Class; 1065 1 133 0 -1
ciMethod java/lang/reflect/Method getParameterTypes ()[Ljava/lang/Class; 2145 1 62041 0 -1
ciMethod java/lang/reflect/Method getExceptionTypes ()[Ljava/lang/Class; 793 1 5737 0 -1
ciMethod java/lang/reflect/Method invoke (Ljava/lang/Object;[Ljava/lang/Object;)Ljava/lang/Object; 2049 1 5413 0 -1
ciMethod java/lang/reflect/Method acquireMethodAccessor ()Lsun/reflect/MethodAccessor; 521 1 724 0 -1
ciMethod java/lang/reflect/Method getMethodAccessor ()Lsun/reflect/MethodAccessor; 1025 1 128 0 -1
ciMethod java/lang/reflect/Method setMethodAccessor (Lsun/reflect/MethodAccessor;)V 2049 1 1426 0 -1
ciMethod sun/reflect/MagicAccessorImpl <init> ()V 3081 1 3729 0 -1
ciMethod sun/reflect/MethodAccessor invoke (Ljava/lang/Object;[Ljava/lang/Object;)Ljava/lang/Object; 0 0 1 0 -1
ciMethod sun/reflect/MethodAccessorImpl <init> ()V 2057 1 2023 0 -1
ciMethod java/lang/Long longValue ()J 969 1 7885 0 -1
ciMethod java/io/ObjectStreamField getName ()Ljava/lang/String; 1913 1 239 0 0
ciMethod java/io/ObjectStreamField getTypeCode ()C 2057 1 10020 0 0
ciMethod java/io/ObjectStreamField getTypeString ()Ljava/lang/String; 3489 1 6290 0 0
ciMethod java/io/ObjectStreamField isPrimitive ()Z 3217 1 16643 0 0
ciMethod java/security/AccessController doPrivileged (Ljava/security/PrivilegedAction;)Ljava/lang/Object; 2049 1 256 0 -1
ciMethod sun/reflect/ReflectionFactory newMethodAccessor (Ljava/lang/reflect/Method;)Lsun/reflect/MethodAccessor; 2049 1 993 0 -1
ciMethod sun/reflect/ReflectionFactory checkInitted ()V 2049 1 1973 0 -1
ciMethod sun/reflect/Reflection getCallerClass ()Ljava/lang/Class; 3073 1 384 0 -1
ciMethod sun/reflect/Reflection quickCheckMemberAccess (Ljava/lang/Class;I)Z 1041 1 4342 0 -1
ciMethod java/lang/Math min (II)I 3089 1 171353 0 -1
ciMethod java/util/Arrays fill ([II)V 1025 38209 7437 0 -1
ciMethod java/io/OutputStream write ([BII)V 57 1105 7 0 -1
ciMethod sun/reflect/misc/ReflectUtil checkPackageAccess (Ljava/lang/Class;)V 2633 1 17937 0 -1
ciMethod sun/reflect/misc/ReflectUtil needsPackageAccessCheck (Ljava/lang/ClassLoader;Ljava/lang/ClassLoader;)Z 0 0 1 0 -1
ciMethod sun/reflect/misc/ReflectUtil isVMAnonymousClass (Ljava/lang/Class;)Z 1425 1 1108 0 -1
ciMethod java/lang/Enum name ()Ljava/lang/String; 1153 1 144 0 -1
ciMethodData java/lang/Object <init> ()V 2 1632632 orig 264 8 206 126 95 0 0 0 0 128 4 88 21 0 0 0 0 32 1 0 0 0 0 0 0 0 0 0 0 0 0 0 0 0 0 0 0 0 0 0 0 0 0 0 0 0 0 0 0 0 0 0 0 0 0 0 0 0 0 0 0 0 0 0 0 0 0 0 0 0 0 0 0 0 0 0 0 0 0 0 0 77 68 79 32 101 120 116 114 97 32 100 97 116 97 32 108 111 99 107 0 0 0 0 0 0 0 0 0 0 0 0 0 0 0 0 0 0 0 0 0 0 0 0 0 0 0 0 0 0 0 0 0 0 0 0 0 0 0 0 0 0 0 0 0 0 0 0 0 0 0 0 0 0 0 0 0 0 0 0 0 0 0 0 0 0 0 0 0 0 0 0 0 0 0 0 0 0 0 0 0 0 0 0 0 1 0 0 0 0 0 0 0 1 0 0 0 0 0 0 0 1 0 0 0 0 0 0 0 0 0 0 0 0 0 0 0 0 2 0 0 193 59 199 0 1 0 0 0 0 0 0 0 0 0 0 0 2 0 0 0 0 0 3 0 1 0 0 0 0 0 0 0 255 255 255 255 0 0 0 0 0 0 0 0 data 0 oops 0
ciMethodData java/lang/String charAt (I)C 2 1621773 orig 264 8 206 126 95 0 0 0 0 176 61 88 21 0 0 0 0 120 1 0 0 32 0 0 0 0 0 0 0 0 0 0 0 0 0 0 0 0 0 0 0 0 0 0 0 0 0 0 0 0 0 0 0 0 0 0 0 0 0 0 0 0 0 0 0 0 0 0 0 0 0 0 0 0 0 0 0 0 0 0 0 77 68 79 32 101 120 116 114 97 32 100 97 116 97 32 108 111 99 107 0 0 0 0 0 0 0 0 0 0 0 0 0 0 0 0 0 0 0 0 0 0 0 0 0 0 0 0 0 0 0 0 0 0 0 0 0 0 0 0 0 0 0 0 0 0 0 0 0 0 0 0 0 0 0 0 0 0 0 0 0 0 0 0 1 0 0 0 0 0 0 0 0 0 0 0 0 0 0 0 0 0 0 0 0 25 0 0 0 0 0 0 0 0 0 0 0 0 0 0 0 1 0 0 0 0 0 0 0 0 0 0 0 0 0 0 0 0 2 0 0 105 232 197 0 1 0 0 0 0 0 0 0 0 0 0 0 2 0 0 0 0 0 8 0 2 0 0 0 80 0 0 0 255 255 255 255 7 0 1 0 0 0 0 0 data 10 0x10007 0x0 0x40 0x18bd13 0xa0007 0x18bd45 0x30 0x0 0x120002 0x0 oops 0
ciMethod java/util/concurrent/ConcurrentMap putIfAbsent (Ljava/lang/Object;Ljava/lang/Object;)Ljava/lang/Object; 0 0 1 0 -1
ciMethod java/util/concurrent/ConcurrentMap remove (Ljava/lang/Object;Ljava/lang/Object;)Z 0 0 1 0 -1
ciMethod java/util/concurrent/ConcurrentMap get (Ljava/lang/Object;)Ljava/lang/Object; 0 0 1 0 -1
ciMethod java/util/concurrent/ConcurrentMap put (Ljava/lang/Object;Ljava/lang/Object;)Ljava/lang/Object; 0 0 1 0 -1
ciMethodData java/lang/String length ()I 2 331587 orig 264 8 206 126 95 0 0 0 0 96 60 88 21 0 0 0 0 32 1 0 0 0 0 0 0 0 0 0 0 0 0 0 0 0 0 0 0 0 0 0 0 0 0 0 0 0 0 0 0 0 0 0 0 0 0 0 0 0 0 0 0 0 0 0 0 0 0 0 0 0 0 0 0 0 0 0 0 0 0 0 0 77 68 79 32 101 120 116 114 97 32 100 97 116 97 32 108 111 99 107 0 0 0 0 0 0 0 0 0 0 0 0 0 0 0 0 0 0 0 0 0 0 0 0 0 0 0 0 0 0 0 0 0 0 0 0 0 0 0 0 0 0 0 0 0 0 0 0 0 0 0 0 0 0 0 0 0 0 0 0 0 0 0 0 0 0 0 0 0 0 0 0 0 0 0 0 0 0 0 0 0 0 0 0 0 1 0 0 0 0 0 0 0 0 0 0 0 0 0 0 0 1 0 0 0 0 0 0 0 0 0 0 0 0 0 0 0 129 1 0 0 9 110 40 0 1 0 0 0 0 0 0 0 0 0 0 0 2 0 0 0 0 0 3 0 1 0 0 0 0 0 0 0 255 255 255 255 0 0 0 0 0 0 0 0 data 0 oops 0
ciMethodData java/lang/String getChars (II[CI)V 2 5552 orig 264 8 206 126 95 0 0 0 0 8 66 88 21 0 0 0 0 8 2 0 0 128 0 0 0 0 0 0 0 0 0 0 0 0 0 0 0 0 0 0 0 0 0 0 0 0 0 0 0 0 0 0 0 0 0 0 0 0 0 0 0 0 0 0 0 0 0 0 0 0 0 0 0 0 0 0 0 0 0 0 0 77 68 79 32 101 120 116 114 97 32 100 97 116 97 32 108 111 99 107 0 0 0 0 0 0 0 0 0 0 0 0 0 0 0 0 0 0 0 0 0 0 0 0 0 0 0 0 0 0 0 0 0 0 0 0 0 0 0 0 0 0 0 0 0 0 0 0 0 0 0 0 0 0 0 0 0 0 0 0 0 0 0 0 0 0 0 0 0 0 0 0 0 0 0 0 0 0 0 0 0 0 0 0 0 25 0 0 0 0 0 0 0 0 0 0 0 0 0 0 0 1 0 0 0 0 0 0 0 0 0 0 0 0 0 0 0 68 1 0 0 97 163 0 0 1 0 0 0 0 0 0 0 0 0 0 0 2 0 0 0 0 0 9 0 2 0 0 0 160 0 0 0 255 255 255 255 7 0 1 0 0 0 0 0 data 20 0x10007 0x146c 0x30 0x0 0x90002 0x0 0x130007 0x146c 0x30 0x0 0x1b0002 0x0 0x210007 0x146c 0x30 0x0 0x2b0002 0x0 0x3a0002 0x146c oops 0
ciMethodData java/lang/System getSecurityManager ()Ljava/lang/SecurityManager; 2 82463 orig 264 8 206 126 95 0 0 0 0 120 151 89 21 0 0 0 0 24 1 0 0 0 0 0 0 0 0 0 0 0 0 0 0 0 0 0 0 0 0 0 0 0 0 0 0 0 0 0 0 0 0 0 0 0 0 0 0 0 0 0 0 0 0 0 0 0 0 0 0 0 0 0 0 0 0 0 0 0 0 0 0 77 68 79 32 101 120 116 114 97 32 100 97 116 97 32 108 111 99 107 0 0 0 0 0 0 0 0 0 0 0 0 0 0 0 0 0 0 0 0 0 0 0 0 0 0 0 0 0 0 0 0 0 0 0 0 0 0 0 0 0 0 0 0 0 0 0 0 0 0 0 0 0 0 0 0 0 0 0 0 0 0 0 0 0 0 0 0 0 0 0 0 0 0 0 0 0 0 0 0 0 0 0 0 0 0 0 0 0 0 0 0 0 0 0 0 0 0 0 0 0 0 0 0 0 0 0 0 0 0 0 0 0 0 0 0 0 5 1 0 0 209 8 10 0 1 0 0 0 0 0 0 0 0 0 0 0 2 0 0 0 0 0 3 0 1 0 0 0 0 0 0 0 255 255 255 255 0 0 0 0 0 0 0 0 data 0 oops 0
ciMethod sun/reflect/NativeMethodAccessorImpl <init> (Ljava/lang/reflect/Method;)V 2049 1 993 0 -1
ciMethod sun/reflect/NativeMethodAccessorImpl setParent (Lsun/reflect/DelegatingMethodAccessorImpl;)V 2049 1 993 0 -1
ciMethod sun/reflect/DelegatingMethodAccessorImpl <init> (Lsun/reflect/MethodAccessorImpl;)V 2049 1 993 0 -1
ciMethod java/lang/UnsupportedOperationException <init> ()V 0 0 1 0 -1
ciMethod java/io/DataOutputStream writeShort (I)V 2265 1 23346 0 -1
ciMethod java/io/DataOutputStream writeInt (I)V 2401 1 5426 0 -1
ciMethod java/io/DataOutputStream writeLong (J)V 289 1 6930 0 -1
ciMethod java/lang/reflect/InvocationTargetException getTargetException ()Ljava/lang/Throwable; 0 0 1 0 -1
ciMethodData java/lang/Class getClassLoader ()Ljava/lang/ClassLoader; 2 32174 orig 264 8 206 126 95 0 0 0 0 192 201 88 21 0 0 0 0 232 1 0 0 80 0 0 0 0 0 0 0 0 0 0 0 0 0 0 0 0 0 0 0 0 0 0 0 0 0 0 0 0 0 0 0 0 0 0 0 0 0 0 0 0 0 0 0 0 0 0 0 0 0 0 0 0 0 0 0 0 0 0 0 77 68 79 32 101 120 116 114 97 32 100 97 116 97 32 108 111 99 107 0 0 0 0 0 0 0 0 0 0 0 0 0 0 0 0 0 0 0 0 0 0 0 0 0 0 0 0 0 0 0 0 0 0 0 0 0 0 0 0 0 0 0 0 0 0 0 0 0 0 0 0 0 0 0 0 0 0 0 0 0 0 0 0 0 0 0 0 0 0 0 0 0 0 0 0 0 0 0 0 0 0 0 0 0 0 0 0 0 0 0 0 0 0 0 0 0 0 0 0 0 0 0 0 0 0 0 0 0 0 0 0 0 0 0 0 0 0 1 0 0 113 229 3 0 1 0 0 0 0 0 0 0 0 0 0 0 2 0 0 0 1 0 30 0 2 0 0 0 160 0 0 0 255 255 255 255 5 0 1 0 0 0 0 0 data 20 0x10005 0x0 0x25876e0 0x7cb0 0x0 0x0 0x60007 0x343c 0x20 0x4874 0xb0002 0x343a 0x100007 0x343f 0x40 0x0 0x140002 0x0 0x170002 0x0 oops 1 2 java/lang/Class
ciMethodData java/lang/ref/WeakReference <init> (Ljava/lang/Object;)V 2 23775 orig 264 8 206 126 95 0 0 0 0 80 142 90 21 0 0 0 0 56 1 0 0 0 0 0 0 0 0 0 0 0 0 0 0 0 0 0 0 0 0 0 0 0 0 0 0 0 0 0 0 0 0 0 0 0 0 0 0 0 0 0 0 0 0 0 0 0 0 0 0 0 0 0 0 0 0 0 0 0 0 0 0 77 68 79 32 101 120 116 114 97 32 100 97 116 97 32 108 111 99 107 0 0 0 0 0 0 0 0 0 0 0 0 0 0 0 0 0 0 0 0 0 0 0 0 0 0 0 0 0 0 0 0 0 0 0 0 0 0 0 0 0 0 0 0 0 0 0 0 0 0 0 0 0 0 0 0 0 0 0 0 0 0 0 0 0 0 0 0 0 0 0 0 0 0 0 0 0 0 0 0 0 0 0 0 0 1 0 0 0 0 0 0 0 0 0 0 0 0 0 0 0 1 0 0 0 0 0 0 0 0 0 0 0 0 0 0 0 5 1 0 0 209 222 2 0 1 0 0 0 0 0 0 0 0 0 0 0 2 0 0 0 0 0 7 0 2 0 0 0 16 0 0 0 255 255 255 255 2 0 2 0 0 0 0 0 data 2 0x20002 0x5bdc oops 0
ciMethod java/lang/InternalError <init> (Ljava/lang/Throwable;)V 0 0 1 0 -1
ciMethod sun/reflect/MethodAccessorGenerator <init> ()V 225 1 185 0 -1
ciMethod sun/reflect/MethodAccessorGenerator generateMethod (Ljava/lang/Class;Ljava/lang/String;[Ljava/lang/Class;Ljava/lang/Class;[Ljava/lang/Class;I)Lsun/reflect/MethodAccessor; 9 1 37 0 -1
ciMethod java/io/Bits putShort ([BIS)V 2081 1 7431 0 0
ciMethod java/io/Bits putInt ([BII)V 16897 1 2245 0 192
ciMethod java/io/Bits putLong ([BIJ)V 16729 1 2091 0 288
ciMethod java/io/ObjectStreamClass getSerialVersionUID ()J 4577 1 5896 0 0
ciMethod java/io/ObjectStreamClass forClass ()Ljava/lang/Class; 2049 1 5376 0 128
ciMethod java/io/ObjectStreamClass lookup (Ljava/lang/Class;Z)Ljava/io/ObjectStreamClass; 16385 1 9657 0 0
ciMethod java/io/ObjectStreamClass <init> (Ljava/lang/Class;)V 425 729 109 0 -1
ciMethod java/io/ObjectStreamClass writeNonProxy (Ljava/io/ObjectOutputStream;)V 17601 29185 7682 0 0
ciMethod java/io/ObjectStreamClass requireInitialized ()V 3457 1 50494 0 0
ciMethod java/io/ObjectStreamClass checkSerialize ()V 2345 1 4901 0 0
ciMethod java/io/ObjectStreamClass getSuperDesc ()Ljava/io/ObjectStreamClass; 2433 1 5655 0 0
ciMethod java/io/ObjectStreamClass isProxy ()Z 1161 1 6699 0 0
ciMethod java/io/ObjectStreamClass isExternalizable ()Z 4241 1 4984 0 0
ciMethod java/io/ObjectStreamClass hasWriteObjectMethod ()Z 2873 1 6912 0 -1
ciMethod java/io/ObjectStreamClass hasWriteReplaceMethod ()Z 1777 1 7947 0 0
ciMethod java/io/ObjectStreamClass invokeWriteObject (Ljava/lang/Object;Ljava/io/ObjectOutputStream;)V 1 1 259 0 -1
ciMethod java/io/ObjectStreamClass invokeWriteReplace (Ljava/lang/Object;)Ljava/lang/Object; 0 0 3 0 0
ciMethod java/io/ObjectStreamClass getClassDataLayout ()[Ljava/io/ObjectStreamClass$ClassDataSlot; 3945 1 4958 0 -1
ciMethod java/io/ObjectStreamClass throwMiscException (Ljava/lang/Throwable;)V 0 0 1 0 -1
ciMethod java/io/ObjectStreamClass processQueue (Ljava/lang/ref/ReferenceQueue;Ljava/util/concurrent/ConcurrentMap;)V 2065 1 7997 0 -1
ciMethod java/io/ObjectStreamClass$Caches access$200 ()Ljava/lang/ref/ReferenceQueue; 2049 1 15608 0 -1
ciMethod java/io/ObjectStreamClass$WeakClassKey <init> (Ljava/lang/Class;Ljava/lang/ref/ReferenceQueue;)V 1825 1 7804 0 -1
ciMethod java/io/ObjectStreamClass$EntryFuture set (Ljava/lang/Object;)Z 673 1 165 0 -1
ciMethod java/io/ObjectStreamClass$EntryFuture get ()Ljava/lang/Object; 0 0 1 0 -1
ciMethod java/io/ObjectStreamClass$EntryFuture getOwner ()Ljava/lang/Thread; 0 0 1 0 -1
ciMethod java/io/ObjectStreamClass$EntryFuture <init> (Ljava/io/ObjectStreamClass$1;)V 673 1 165 0 -1
ciMethod java/io/ObjectOutputStream annotateClass (Ljava/lang/Class;)V 3209 1 5685 0 0
ciMethod java/io/ObjectOutputStream annotateProxyClass (Ljava/lang/Class;)V 0 0 1 0 -1
ciMethod java/io/ObjectOutputStream replaceObject (Ljava/lang/Object;)Ljava/lang/Object; 0 0 1 0 -1
ciMethod java/io/ObjectOutputStream writeClassDescriptor (Ljava/io/ObjectStreamClass;)V 16633 1 7651 0 0
ciMethod java/io/ObjectOutputStream writeByte (I)V 8697 1 15186 0 0
ciMethod java/io/ObjectOutputStream writeShort (I)V 3537 1 5781 0 0
ciMethod java/io/ObjectOutputStream writeLong (J)V 3673 1 5798 0 0
ciMethod java/io/ObjectOutputStream writeUTF (Ljava/lang/String;)V 8481 1 15159 0 0
ciMethod java/io/ObjectOutputStream getProtocolVersion ()I 0 0 1 0 -1
ciMethod java/io/ObjectOutputStream writeTypeString (Ljava/lang/String;)V 16897 1 8469 0 0
ciMethod java/io/ObjectOutputStream writeObject0 (Ljava/lang/Object;Z)V 16385 1 11326 0 -1
ciMethod java/io/ObjectOutputStream writeNull ()V 761 1 4312 0 0
ciMethod java/io/ObjectOutputStream writeHandle (I)V 937 1 6120 0 0
ciMethod java/io/ObjectOutputStream writeClass (Ljava/lang/Class;Z)V 0 0 1 0 0
ciMethod java/io/ObjectOutputStream writeClassDesc (Ljava/io/ObjectStreamClass;Z)V 16385 1 14508 0 0
ciMethod java/io/ObjectOutputStream isCustomSubclass ()Z 2417 1 5653 0 0
ciMethod java/io/ObjectOutputStream writeProxyDesc (Ljava/io/ObjectStreamClass;Z)V 1 1 2 0 0
ciMethod java/io/ObjectOutputStream writeNonProxyDesc (Ljava/io/ObjectStreamClass;Z)V 17945 1 7682 0 0
ciMethod java/io/ObjectOutputStream writeString (Ljava/lang/String;Z)V 18601 1 7527 0 0
ciMethod java/io/ObjectOutputStream writeArray (Ljava/lang/Object;Ljava/io/ObjectStreamClass;Z)V 1 1 11 0 0
ciMethod java/io/ObjectOutputStream writeEnum (Ljava/lang/Enum;Ljava/io/ObjectStreamClass;Z)V 0 0 2 0 0
ciMethod java/io/ObjectOutputStream writeOrdinaryObject (Ljava/lang/Object;Ljava/io/ObjectStreamClass;Z)V 16585 1 6810 0 0
ciMethod java/io/ObjectOutputStream writeExternalData (Ljava/io/Externalizable;)V 0 0 1 0 -1
ciMethod java/io/ObjectOutputStream writeSerialData (Ljava/lang/Object;Ljava/io/ObjectStreamClass;)V 17617 25257 6810 0 0
ciMethod java/io/ObjectOutputStream defaultWriteFields (Ljava/lang/Object;Ljava/io/ObjectStreamClass;)V 18841 19049 9538 0 -1
ciMethod java/io/ObjectStreamClass$2 <init> (Ljava/io/ObjectStreamClass;)V 241 1 41 0 0
ciMethod java/io/ObjectStreamClass$ExceptionInfo newInvalidClassException ()Ljava/io/InvalidClassException; 0 0 1 0 -1
ciMethod java/io/SerialCallbackContext <init> (Ljava/lang/Object;Ljava/io/ObjectStreamClass;)V 169 1 237 0 -1
ciMethod java/io/SerialCallbackContext setUsed ()V 169 1 237 0 -1
ciMethodData java/io/ObjectStreamField isPrimitive ()Z 2 16644 orig 264 8 206 126 95 0 0 0 0 88 31 99 21 0 0 0 0 208 1 0 0 0 0 0 0 0 0 0 0 0 0 0 0 0 0 0 0 0 0 0 0 0 0 0 0 0 0 0 0 0 0 0 0 0 0 0 0 0 0 0 0 0 0 0 0 0 0 0 0 0 0 0 0 0 0 0 0 0 0 0 0 77 68 79 32 101 120 116 114 97 32 100 97 116 97 32 108 111 99 107 0 0 0 0 0 0 0 0 0 0 0 0 0 0 0 0 0 0 0 0 0 0 0 0 0 0 0 0 0 0 0 0 0 0 0 0 0 0 0 0 0 0 0 0 0 0 0 0 0 0 0 0 0 0 0 0 0 0 0 0 0 0 0 0 0 0 0 0 0 0 0 0 0 0 0 0 0 0 0 0 0 0 0 0 0 0 0 0 0 0 0 0 0 0 0 0 0 0 0 0 0 0 0 0 0 0 0 0 0 0 0 0 0 0 0 0 0 146 1 0 0 145 251 1 0 1 0 0 0 0 0 0 0 0 0 0 0 2 0 0 0 0 0 13 0 2 0 0 0 136 0 0 0 255 255 255 255 5 0 5 0 0 0 0 0 data 17 0x50005 0x0 0x2587650 0x3f72 0x0 0x0 0xc0007 0x3294 0x58 0xcde 0x120007 0x31 0x38 0xcad 0x160003 0xcad 0x18 oops 1 2 java/lang/String
ciMethodData java/io/ObjectStreamField getTypeCode ()C 2 10037 orig 264 8 206 126 95 0 0 0 0 216 28 99 21 0 0 0 0 120 1 0 0 0 0 0 0 0 0 0 0 0 0 0 0 0 0 0 0 0 0 0 0 0 0 0 0 0 0 0 0 0 0 0 0 0 0 0 0 0 0 0 0 0 0 0 0 0 0 0 0 0 0 0 0 0 0 0 0 0 0 0 0 77 68 79 32 101 120 116 114 97 32 100 97 116 97 32 108 111 99 107 0 0 0 0 0 0 0 0 0 0 0 0 0 0 0 0 0 0 0 0 0 0 0 0 0 0 0 0 0 0 0 0 0 0 0 0 0 0 0 0 0 0 0 0 0 0 0 0 0 0 0 0 0 0 0 0 0 0 0 0 0 0 0 0 0 0 0 0 0 0 0 0 0 0 0 0 0 0 0 0 0 0 0 0 0 0 0 0 0 0 0 0 0 0 0 0 0 0 0 0 0 0 0 0 0 0 0 0 0 0 0 0 0 0 0 0 0 1 1 0 0 161 49 1 0 1 0 0 0 0 0 0 0 0 0 0 0 2 0 0 0 0 0 7 0 2 0 0 0 48 0 0 0 255 255 255 255 5 0 5 0 0 0 0 0 data 6 0x50005 0x0 0x2587650 0x2634 0x0 0x0 oops 1 2 java/lang/String
ciMethodData java/io/ObjectStreamClass requireInitialized ()V 2 50494 orig 264 8 206 126 95 0 0 0 0 208 155 144 25 0 0 0 0 80 1 0 0 0 0 0 0 0 0 0 0 0 0 0 0 0 0 0 0 0 0 0 0 0 0 0 0 0 0 0 0 0 0 0 0 0 0 0 0 0 0 0 0 0 0 0 0 0 0 0 0 0 0 0 0 0 0 0 0 0 0 0 0 77 68 79 32 101 120 116 114 97 32 100 97 116 97 32 108 111 99 107 0 0 0 0 0 0 0 0 0 0 0 0 0 0 0 0 0 0 0 0 0 0 0 0 0 0 0 0 0 0 0 0 0 0 0 0 0 0 0 0 0 0 0 0 0 0 0 0 0 0 0 0 0 0 0 0 0 0 0 0 0 0 0 0 0 0 0 0 0 0 0 0 0 0 0 0 0 0 0 0 0 0 0 0 0 25 0 0 0 0 0 0 0 0 0 0 0 0 0 0 0 1 0 0 0 0 0 0 0 0 0 0 0 0 0 0 0 176 1 0 0 113 28 6 0 1 0 0 0 0 0 0 0 0 0 0 0 2 0 0 0 0 0 5 0 2 0 0 0 48 0 0 0 255 255 255 255 7 0 4 0 0 0 0 0 data 6 0x40007 0xc38e 0x30 0x0 0xd0002 0x0 oops 0
ciMethodData java/lang/reflect/Method invoke (Ljava/lang/Object;[Ljava/lang/Object;)Ljava/lang/Object; 2 5413 orig 264 8 206 126 95 0 0 0 0 72 55 92 21 0 0 0 0 72 2 0 0 176 0 0 0 0 0 0 0 0 0 0 0 0 0 0 0 0 0 0 0 0 0 0 0 0 0 0 0 0 0 0 0 0 0 0 0 0 0 0 0 0 0 0 0 0 0 0 0 0 0 0 0 0 0 0 0 0 0 0 0 77 68 79 32 101 120 116 114 97 32 100 97 116 97 32 108 111 99 107 0 0 0 0 0 0 0 0 0 0 0 0 0 0 0 0 0 0 0 0 0 0 0 0 0 0 0 0 0 0 0 0 0 0 0 0 0 0 0 0 0 0 0 0 0 0 0 0 0 0 0 0 0 0 0 0 0 0 0 0 0 0 0 0 0 0 0 0 0 0 0 0 0 0 0 0 0 0 0 0 0 0 0 0 0 0 0 0 0 0 0 0 0 0 0 0 0 0 0 0 0 0 0 0 0 0 0 0 0 0 0 0 0 0 0 0 0 0 1 0 0 41 161 0 0 1 0 0 0 0 0 0 0 0 0 0 0 2 0 0 0 0 0 16 0 2 0 0 0 240 0 0 0 255 255 255 255 7 0 4 0 0 0 0 0 data 30 0x40007 0xf32 0x90 0x4f3 0xf0002 0x4f3 0x120007 0x4f3 0x60 0x0 0x150002 0x0 0x240005 0x0 0x0 0x0 0x0 0x0 0x2d0007 0x1192 0x30 0x293 0x310002 0x293 0x380005 0x0 0x1beb02f0 0x1425 0x0 0x0 oops 1 26 sun/reflect/DelegatingMethodAccessorImpl
ciMethodData java/lang/reflect/Method acquireMethodAccessor ()Lsun/reflect/MethodAccessor; 1 724 orig 264 8 206 126 95 0 0 0 0 160 58 92 21 0 0 0 0 48 2 0 0 112 0 0 0 0 0 0 0 0 0 0 0 0 0 0 0 0 0 0 0 0 0 0 0 0 0 0 0 0 0 0 0 0 0 0 0 0 0 0 0 0 0 0 0 0 0 0 0 0 0 0 0 0 0 0 0 0 0 0 0 77 68 79 32 101 120 116 114 97 32 100 97 116 97 32 108 111 99 107 0 0 0 0 0 0 0 0 0 0 0 0 0 0 0 0 0 0 0 0 0 0 0 0 0 0 0 0 0 0 0 0 0 0 0 0 0 0 0 0 0 0 0 0 0 0 0 0 0 0 0 0 0 0 0 0 0 0 0 0 0 0 0 0 0 0 0 0 0 0 0 0 0 0 0 0 0 0 0 0 0 0 0 0 0 0 0 0 0 0 0 0 0 0 0 0 0 0 0 0 0 0 0 0 0 0 0 0 0 0 0 0 0 0 0 0 0 65 0 0 0 153 20 0 0 1 0 0 0 0 0 0 0 0 0 0 0 2 0 0 0 0 0 15 0 2 0 0 0 232 0 0 0 255 255 255 255 7 0 6 0 0 0 0 0 data 29 0x60007 0x0 0x50 0x293 0xd0005 0x101 0x2588da0 0x192 0x0 0x0 0x120007 0x288 0x38 0xb 0x1a0003 0xb 0x78 0x210005 0x0 0x1beb1170 0x288 0x0 0x0 0x270005 0x101 0x2588da0 0x187 0x0 0x0 oops 3 6 java/lang/reflect/Method 19 sun/reflect/ReflectionFactory 25 java/lang/reflect/Method
ciMethodData java/lang/Long longValue ()J 2 7886 orig 264 8 206 126 95 0 0 0 0 184 169 98 21 0 0 0 0 32 1 0 0 0 0 0 0 0 0 0 0 0 0 0 0 0 0 0 0 0 0 0 0 0 0 0 0 0 0 0 0 0 0 0 0 0 0 0 0 0 0 0 0 0 0 0 0 0 0 0 0 0 0 0 0 0 0 0 0 0 0 0 0 77 68 79 32 101 120 116 114 97 32 100 97 116 97 32 108 111 99 107 0 0 0 0 0 0 0 0 0 0 0 0 0 0 0 0 0 0 0 0 0 0 0 0 0 0 0 0 0 0 0 0 0 0 0 0 0 0 0 0 0 0 0 0 0 0 0 0 0 0 0 0 0 0 0 0 0 0 0 0 0 0 0 0 0 0 0 0 0 0 0 0 0 0 0 0 0 0 0 0 0 0 0 0 0 0 0 0 0 0 0 0 0 0 0 0 0 0 0 0 0 0 0 0 0 0 0 0 0 0 0 0 0 0 0 0 0 121 0 0 0 169 242 0 0 1 0 0 0 0 0 0 0 0 0 0 0 2 0 0 0 0 0 3 0 1 0 0 0 0 0 0 0 255 255 255 255 0 0 0 0 0 0 0 0 data 0 oops 0
ciMethodData sun/reflect/MagicAccessorImpl <init> ()V 2 3729 orig 264 8 206 126 95 0 0 0 0 96 153 92 21 0 0 0 0 48 1 0 0 0 0 0 0 0 0 0 0 0 0 0 0 0 0 0 0 0 0 0 0 0 0 0 0 0 0 0 0 0 0 0 0 0 0 0 0 0 0 0 0 0 0 0 0 0 0 0 0 0 0 0 0 0 0 0 0 0 0 0 0 77 68 79 32 101 120 116 114 97 32 100 97 116 97 32 108 111 99 107 0 0 0 0 0 0 0 0 0 0 0 0 0 0 0 0 0 0 0 0 0 0 0 0 0 0 0 0 0 0 0 0 0 0 0 0 0 0 0 0 0 0 0 0 0 0 0 0 0 0 0 0 0 0 0 0 0 0 0 0 0 0 0 0 0 0 0 0 0 0 0 0 0 0 0 0 0 0 0 0 0 0 0 0 0 0 0 0 0 0 0 0 0 0 0 0 0 0 0 0 0 0 0 0 0 0 0 0 0 0 0 0 0 0 0 0 0 129 1 0 0 129 104 0 0 1 0 0 0 0 0 0 0 0 0 0 0 2 0 0 0 0 0 3 0 2 0 0 0 16 0 0 0 255 255 255 255 2 0 1 0 0 0 0 0 data 2 0x10002 0xd10 oops 0
ciMethodData sun/reflect/MethodAccessorImpl <init> ()V 2 2023 orig 264 8 206 126 95 0 0 0 0 248 156 92 21 0 0 0 0 48 1 0 0 0 0 0 0 0 0 0 0 0 0 0 0 0 0 0 0 0 0 0 0 0 0 0 0 0 0 0 0 0 0 0 0 0 0 0 0 0 0 0 0 0 0 0 0 0 0 0 0 0 0 0 0 0 0 0 0 0 0 0 0 77 68 79 32 101 120 116 114 97 32 100 97 116 97 32 108 111 99 107 0 0 0 0 0 0 0 0 0 0 0 0 0 0 0 0 0 0 0 0 0 0 0 0 0 0 0 0 0 0 0 0 0 0 0 0 0 0 0 0 0 0 0 0 0 0 0 0 0 0 0 0 0 0 0 0 0 0 0 0 0 0 0 0 0 0 0 0 0 0 0 0 0 0 0 0 0 0 0 0 0 0 0 0 0 0 0 0 0 0 0 0 0 0 0 0 0 0 0 0 0 0 0 0 0 0 0 0 0 0 0 0 0 0 0 0 0 1 1 0 0 49 55 0 0 1 0 0 0 0 0 0 0 0 0 0 0 2 0 0 0 0 0 3 0 2 0 0 0 16 0 0 0 255 255 255 255 2 0 1 0 0 0 0 0 data 2 0x10002 0x6e6 oops 0
ciMethod java/io/ObjectOutputStream$BlockDataOutputStream setBlockDataMode (Z)Z 2169 1 32709 0 1344
ciMethod java/io/ObjectOutputStream$BlockDataOutputStream write ([BIIZ)V 17953 1 9527 0 -1
ciMethod java/io/ObjectOutputStream$BlockDataOutputStream drain ()V 1089 1 12036 0 0
ciMethod java/io/ObjectOutputStream$BlockDataOutputStream writeBlockHeader (I)V 1 1 304 0 0
ciMethod java/io/ObjectOutputStream$BlockDataOutputStream writeByte (I)V 2185 1 27036 0 160
ciMethod java/io/ObjectOutputStream$BlockDataOutputStream writeShort (I)V 2081 1 7428 0 224
ciMethod java/io/ObjectOutputStream$BlockDataOutputStream writeInt (I)V 16385 1 7719 0 0
ciMethod java/io/ObjectOutputStream$BlockDataOutputStream writeLong (J)V 17777 1 7743 0 0
ciMethod java/io/ObjectOutputStream$BlockDataOutputStream writeBytes (Ljava/lang/String;)V 1113 35209 2939 0 2432
ciMethod java/io/ObjectOutputStream$BlockDataOutputStream writeUTF (Ljava/lang/String;)V 2041 1 14360 0 0
ciMethod java/io/ObjectOutputStream$BlockDataOutputStream writeBooleans ([ZII)V 0 0 1 0 -1
ciMethod java/io/ObjectOutputStream$BlockDataOutputStream writeChars ([CII)V 0 0 1 0 -1
ciMethod java/io/ObjectOutputStream$BlockDataOutputStream writeShorts ([SII)V 0 0 1 0 -1
ciMethod java/io/ObjectOutputStream$BlockDataOutputStream writeInts ([III)V 0 0 1 0 -1
ciMethod java/io/ObjectOutputStream$BlockDataOutputStream writeFloats ([FII)V 0 0 1 0 -1
ciMethod java/io/ObjectOutputStream$BlockDataOutputStream writeLongs ([JII)V 0 0 1 0 -1
ciMethod java/io/ObjectOutputStream$BlockDataOutputStream writeDoubles ([DII)V 0 0 1 0 -1
ciMethod java/io/ObjectOutputStream$BlockDataOutputStream getUTFLength (Ljava/lang/String;)J 1025 32769 2627 0 1088
ciMethod java/io/ObjectOutputStream$BlockDataOutputStream writeUTF (Ljava/lang/String;J)V 2065 1 5977 0 0
ciMethod java/io/ObjectOutputStream$BlockDataOutputStream writeLongUTF (Ljava/lang/String;J)V 0 0 1 0 -1
ciMethod java/io/ObjectOutputStream$BlockDataOutputStream writeUTFBody (Ljava/lang/String;)V 0 0 1 0 -1
ciMethod java/io/ObjectOutputStream$HandleTable assign (Ljava/lang/Object;)I 2137 1 6169 0 1408
ciMethod java/io/ObjectOutputStream$HandleTable lookup (Ljava/lang/Object;)I 2057 777 6402 0 416
ciMethod java/io/ObjectOutputStream$HandleTable insert (Ljava/lang/Object;I)V 16937 1 7999 0 0
ciMethod java/io/ObjectOutputStream$HandleTable growSpine ()V 1 1 39 0 0
ciMethod java/io/ObjectOutputStream$HandleTable growEntries ()V 145 1 406 0 0
ciMethod java/io/ObjectOutputStream$HandleTable hash (Ljava/lang/Object;)I 2273 1 10375 0 0
ciMethod java/io/ObjectOutputStream$ReplaceTable assign (Ljava/lang/Object;Ljava/lang/Object;)V 1 1 5 0 0
ciMethod java/io/ObjectOutputStream$ReplaceTable lookup (Ljava/lang/Object;)Ljava/lang/Object; 2041 1 9534 0 0
ciMethod java/io/ObjectOutputStream$ReplaceTable grow ()V 0 0 1 0 -1
ciMethodData java/io/ObjectOutputStream$BlockDataOutputStream writeByte (I)V 2 27036 orig 264 8 206 126 95 0 0 0 0 0 44 238 28 0 0 0 0 160 1 0 0 0 0 0 0 0 0 0 0 0 0 0 0 0 0 0 0 0 0 0 0 0 0 0 0 0 0 0 0 0 0 0 0 0 0 0 0 0 0 0 0 0 0 0 0 0 0 0 0 0 0 0 0 0 0 0 0 0 0 0 0 77 68 79 32 101 120 116 114 97 32 100 97 116 97 32 108 111 99 107 0 0 0 0 0 0 0 0 0 0 0 0 0 0 0 0 0 0 0 0 0 0 0 0 0 0 0 0 0 0 0 0 0 0 0 0 0 0 0 0 0 0 0 0 0 0 0 0 0 0 0 0 0 0 0 0 0 0 0 0 0 0 0 0 0 0 0 0 0 0 0 0 0 0 0 0 0 0 0 0 0 0 0 0 0 0 0 0 0 0 0 0 0 0 0 0 0 0 0 0 0 0 0 0 0 0 0 0 0 0 0 0 0 0 0 0 0 17 1 0 0 89 68 3 0 1 0 0 0 0 0 0 0 0 0 0 0 2 0 0 0 0 0 6 0 2 0 0 0 80 0 0 0 255 255 255 255 7 0 7 0 0 0 0 0 data 10 0x70007 0x688b 0x50 0x0 0xb0005 0x0 0x0 0x0 0x0 0x0 oops 0
ciMethodData java/io/ObjectOutputStream$BlockDataOutputStream drain ()V 2 12036 orig 264 8 206 126 95 0 0 0 0 176 41 238 28 0 0 0 0 200 1 0 0 80 0 0 0 0 0 0 0 0 0 0 0 0 0 0 0 0 0 0 0 0 0 0 0 0 0 0 0 0 0 0 0 0 0 0 0 0 0 0 0 0 0 0 0 0 0 0 0 0 0 0 0 0 0 0 0 0 0 0 0 77 68 79 32 101 120 116 114 97 32 100 97 116 97 32 108 111 99 107 0 0 0 0 0 0 0 0 0 0 0 0 0 0 0 0 0 0 0 0 0 0 0 0 0 0 0 0 0 0 0 0 0 0 0 0 0 0 0 0 0 0 0 0 0 3 0 0 0 1 0 0 0 0 0 0 0 0 0 0 0 0 0 0 0 4 0 0 4 0 0 0 0 0 0 0 0 0 0 0 1 0 0 0 0 17 0 0 0 0 0 0 0 0 0 0 0 0 0 0 0 1 0 0 0 0 0 0 0 0 0 0 0 0 0 0 0 136 0 0 0 225 115 1 0 1 0 0 0 132 40 0 0 0 0 0 0 2 0 0 0 0 0 8 0 2 0 0 0 128 0 0 0 255 255 255 255 7 0 4 0 0 0 0 0 data 16 0x40007 0x19db 0x20 0x14a1 0xce007 0x18ea 0x30 0xf2 0x140002 0xf2 0x24f005 0x1ef 0x1c047340 0x16ff 0x1c0473f0 0xf6 oops 2 12 org/gradle/internal/serialize/AbstractEncoder$EncoderStream 14 java/io/ByteArrayOutputStream
ciMethodData java/io/ObjectOutputStream$BlockDataOutputStream getUTFLength (Ljava/lang/String;)J 2 84349 orig 264 8 206 126 95 0 0 0 0 152 59 238 28 0 0 0 0 192 2 0 0 64 1 0 0 0 0 0 0 0 0 0 0 0 0 0 0 0 0 0 0 0 0 0 0 0 0 0 0 0 0 0 0 0 0 0 0 0 0 0 0 0 0 0 0 0 0 0 0 0 0 0 0 0 0 0 0 0 0 0 0 77 68 79 32 101 120 116 114 97 32 100 97 116 97 32 108 111 99 107 0 0 0 0 0 0 0 0 0 0 0 0 0 0 0 0 0 0 0 0 0 0 0 0 0 0 0 0 0 0 0 0 0 0 0 0 0 0 0 0 0 0 0 0 0 0 0 0 0 0 0 0 0 0 0 0 0 0 0 0 0 0 0 0 0 0 0 0 0 0 0 0 0 0 0 0 0 0 0 0 0 0 0 0 0 0 0 0 0 0 0 0 0 0 0 0 0 0 0 0 0 0 0 0 0 0 0 0 0 0 0 0 0 0 0 0 0 192 15 0 0 25 78 0 0 233 203 9 0 0 0 0 0 0 0 0 0 2 0 0 0 2 0 21 0 2 0 0 0 112 1 0 0 255 255 255 255 5 0 1 0 0 0 0 0 data 46 0x10005 0xb 0x2587650 0x9b8 0x0 0x0 0xd0007 0x9c3 0x140 0x9c3 0x170002 0x9c3 0x290005 0xb 0x2587650 0x9b8 0x0 0x0 0x330007 0x9c3 0xc8 0x12fb2 0x420007 0x0 0x58 0x12fb2 0x490007 0x0 0x38 0x12fb2 0x500003 0x12fb2 0x50 0x580007 0x0 0x38 0x0 0x610003 0x0 0x18 0x6d0003 0x12fb2 0xffffffffffffff50 0x770003 0x9c3 0xfffffffffffffed8 oops 2 2 java/lang/String 14 java/lang/String
ciMethodData java/io/ObjectOutputStream$BlockDataOutputStream writeBytes (Ljava/lang/String;)V 2 294307 orig 264 8 206 126 95 0 0 0 0 232 49 238 28 0 0 0 0 176 2 0 0 48 1 0 0 0 0 0 0 0 0 0 0 0 0 0 0 0 0 0 0 0 0 0 0 0 0 0 0 0 0 0 0 0 0 0 0 0 0 0 0 0 0 0 0 0 0 0 0 0 0 0 0 0 0 0 0 0 0 0 0 77 68 79 32 101 120 116 114 97 32 100 97 116 97 32 108 111 99 107 0 0 0 0 0 0 0 0 0 0 0 0 0 0 0 0 0 0 0 0 0 0 0 0 0 0 0 0 0 0 0 0 0 0 0 0 0 0 0 0 0 0 0 0 0 2 0 0 0 1 0 0 0 0 0 0 0 0 0 0 0 0 0 0 0 0 0 0 0 0 0 0 0 0 0 0 0 0 0 0 3 0 0 0 0 0 0 0 0 0 0 0 0 0 0 0 0 0 0 0 0 0 0 0 0 0 0 0 0 0 0 0 0 0 0 0 0 49 17 0 0 129 87 0 0 145 99 35 0 184 9 0 0 145 89 1 0 2 0 0 0 2 0 23 0 2 0 0 0 96 1 0 0 255 255 255 255 5 0 1 0 0 0 0 0 data 44 0x10005 0xd 0x2587650 0xae3 0x0 0x0 0x100007 0xaf2 0x130 0xeab 0x16e007 0xbd 0x60 0xdf1 0x220002 0xdf1 0x340005 0x35 0x2587650 0xdbc 0x0 0x0 0x3e0007 0xdf1 0x50 0xbd 0x420005 0x0 0x1c424fd0 0xbd 0x0 0x0 0x510002 0xeae 0x650007 0xead 0x38 0x45dc2 0x820003 0x45dc2 0xffffffffffffffe0 0x8c0003 0xead 0xfffffffffffffee8 oops 3 2 java/lang/String 18 java/lang/String 28 java/io/ObjectOutputStream$BlockDataOutputStream
ciMethodData java/io/ObjectOutputStream$HandleTable hash (Ljava/lang/Object;)I 2 10375 orig 264 8 206 126 95 0 0 0 0 104 80 238 28 0 0 0 0 96 1 0 0 0 0 0 0 0 0 0 0 0 0 0 0 0 0 0 0 0 0 0 0 0 0 0 0 0 0 0 0 0 0 0 0 0 0 0 0 0 0 0 0 0 0 0 0 0 0 0 0 0 0 0 0 0 0 0 0 0 0 0 0 77 68 79 32 101 120 116 114 97 32 100 97 116 97 32 108 111 99 107 0 0 0 0 0 0 0 0 0 0 0 0 0 0 0 0 0 0 0 0 0 0 0 0 0 0 0 0 0 0 0 0 0 0 0 0 0 0 0 0 0 0 0 0 0 0 0 0 0 0 0 0 0 0 0 0 0 0 0 0 0 0 0 0 0 0 0 0 0 0 0 0 0 0 0 0 0 0 0 0 0 0 0 0 0 17 0 0 0 0 0 0 0 1 0 0 0 0 0 0 0 1 0 0 0 0 0 0 0 0 0 0 0 0 0 0 0 28 1 0 0 89 59 1 0 1 0 0 0 0 0 0 0 0 0 0 0 2 0 0 0 0 0 3 0 2 0 0 0 16 0 0 0 255 255 255 255 2 0 1 0 0 0 0 0 data 2 0x10002 0x276b oops 0
ciMethodData java/io/ObjectOutputStream$BlockDataOutputStream writeShort (I)V 2 7428 orig 264 8 206 126 95 0 0 0 0 144 45 238 28 0 0 0 0 200 1 0 0 48 0 0 0 0 0 0 0 0 0 0 0 0 0 0 0 0 0 0 0 0 0 0 0 0 0 0 0 0 0 0 0 0 0 0 0 0 0 0 0 0 0 0 0 0 0 0 0 0 0 0 0 0 0 0 0 0 0 0 0 77 68 79 32 101 120 116 114 97 32 100 97 116 97 32 108 111 99 107 0 0 0 0 0 0 0 0 0 0 0 0 0 0 0 0 0 0 0 0 0 0 0 0 0 0 0 0 0 0 0 0 0 0 0 0 0 0 0 0 0 0 0 0 0 0 0 0 0 0 0 0 0 0 0 0 0 0 0 0 0 0 0 0 0 0 0 0 0 0 0 0 0 0 0 0 0 0 0 0 0 0 0 0 0 17 0 0 0 0 0 0 0 0 0 0 0 0 0 0 0 1 0 0 0 0 0 0 0 0 0 0 0 0 0 0 0 4 1 0 0 1 224 0 0 1 0 0 0 0 0 0 0 0 0 0 0 2 0 0 0 0 0 10 0 2 0 0 0 120 0 0 0 255 255 255 255 7 0 9 0 0 0 0 0 data 15 0x90007 0x0 0x48 0x1c00 0x160002 0x1c00 0x230003 0x1c00 0x48 0x2b0005 0x0 0x0 0x0 0x0 0x0 oops 0
ciMethodData java/io/Bits putShort ([BIS)V 2 7431 orig 264 8 206 126 95 0 0 0 0 208 81 144 25 0 0 0 0 48 1 0 0 0 0 0 0 0 0 0 0 0 0 0 0 0 0 0 0 0 0 0 0 0 0 0 0 0 0 0 0 0 0 0 0 0 0 0 0 0 0 0 0 0 0 0 0 0 0 0 0 0 0 0 0 0 0 0 0 0 0 0 0 77 68 79 32 101 120 116 114 97 32 100 97 116 97 32 108 111 99 107 0 0 0 0 0 0 0 0 0 0 0 0 0 0 0 0 0 0 0 0 0 0 0 0 0 0 0 0 0 0 0 0 0 0 0 0 0 0 0 0 0 0 0 0 0 0 0 0 0 0 0 0 0 0 0 0 0 0 0 0 0 0 0 0 0 0 0 0 0 0 0 0 0 0 0 0 0 0 0 0 0 0 0 0 0 0 0 0 0 0 0 0 0 0 0 0 0 0 0 0 0 0 0 0 0 0 0 0 0 0 0 0 0 0 0 0 0 4 1 0 0 25 224 0 0 1 0 0 0 0 0 0 0 0 0 0 0 2 0 0 0 0 0 3 0 1 0 0 0 0 0 0 0 255 255 255 255 0 0 0 0 0 0 0 0 data 0 oops 0
ciMethodData java/io/ObjectOutputStream$HandleTable lookup (Ljava/lang/Object;)I 2 6402 orig 264 8 206 126 95 0 0 0 0 40 76 238 28 0 0 0 0 216 1 0 0 32 0 0 0 0 0 0 0 0 0 0 0 0 0 0 0 0 0 0 0 0 0 0 0 0 0 0 0 0 0 0 0 0 0 0 0 0 0 0 0 0 0 0 0 0 0 0 0 0 0 0 0 0 0 0 0 0 0 0 0 77 68 79 32 101 120 116 114 97 32 100 97 116 97 32 108 111 99 107 0 0 0 0 0 0 0 0 0 0 0 0 0 0 0 0 0 0 0 0 0 0 0 0 0 0 0 0 0 0 0 0 0 0 0 0 0 0 0 0 0 0 0 0 0 0 0 0 0 0 0 0 0 0 0 0 0 0 0 0 0 0 0 0 0 0 0 0 0 0 0 0 0 0 0 0 0 0 0 0 0 0 0 0 0 0 0 0 0 0 0 0 0 0 0 0 0 0 0 0 0 0 0 0 0 0 0 0 0 0 0 0 0 0 0 0 0 1 1 0 0 9 192 0 0 241 65 0 0 0 0 0 0 0 0 0 0 2 0 0 0 1 0 10 0 2 0 0 0 136 0 0 0 255 255 255 255 7 0 4 0 0 0 0 0 data 17 0x40007 0xfdc 0x20 0x825 0xb0002 0xfdc 0x1d0007 0xbce 0x58 0xc4c 0x270007 0x83e 0x20 0x40e 0x330003 0x83e 0xffffffffffffffc0 oops 0
ciMethodData java/io/ObjectOutputStream$BlockDataOutputStream setBlockDataMode (Z)Z 2 32709 orig 264 8 206 126 95 0 0 0 0 216 35 238 28 0 0 0 0 216 1 0 0 0 0 0 0 0 0 0 0 0 0 0 0 0 0 0 0 0 0 0 0 0 0 0 0 0 0 0 0 0 0 0 0 0 0 0 0 0 0 0 0 0 0 0 0 0 0 0 0 0 0 0 0 0 0 0 0 0 0 0 0 77 68 79 32 101 120 116 114 97 32 100 97 116 97 32 108 111 99 107 0 0 0 0 0 0 0 0 0 0 0 0 0 0 0 0 0 0 0 0 0 0 0 0 0 0 0 0 0 0 0 0 0 0 0 0 0 0 0 0 0 0 0 0 0 0 0 0 0 0 0 0 0 0 0 0 0 0 0 0 0 0 0 0 0 0 0 0 0 0 0 0 0 0 0 0 0 0 0 0 0 0 0 0 0 0 0 0 0 0 0 0 0 0 0 0 0 0 0 0 0 0 0 0 0 0 0 0 0 0 0 0 0 0 0 0 0 15 1 0 0 177 245 3 0 1 0 0 0 0 0 0 0 0 0 0 0 2 0 0 0 0 0 8 0 2 0 0 0 136 0 0 0 255 255 255 255 7 0 5 0 0 0 0 0 data 17 0x50007 0x3fb4 0x20 0x3f02 0xe0005 0x0 0x1c424fd0 0x3fb4 0x0 0x0 0x1a0007 0x229c 0x38 0x1d18 0x1e0003 0x1d18 0x18 oops 1 6 java/io/ObjectOutputStream$BlockDataOutputStream
ciMethodData sun/reflect/ReflectionFactory newMethodAccessor (Ljava/lang/reflect/Method;)Lsun/reflect/MethodAccessor; 1 993 orig 264 8 206 126 95 0 0 0 0 72 201 100 21 0 0 0 0 144 3 0 0 192 1 0 0 0 0 0 0 0 0 0 0 0 0 0 0 0 0 0 0 0 0 0 0 0 0 0 0 0 0 0 0 0 0 0 0 0 0 0 0 0 0 0 0 0 0 0 0 0 0 0 0 0 0 0 0 0 0 0 0 77 68 79 32 101 120 116 114 97 32 100 97 116 97 32 108 111 99 107 0 0 0 0 0 0 0 0 0 0 0 0 0 0 0 0 0 0 0 0 0 0 0 0 0 0 0 0 0 0 0 0 0 0 0 0 0 0 0 0 0 0 0 0 0 0 0 0 0 0 0 0 0 0 0 0 0 0 0 0 0 0 0 0 0 0 0 0 0 0 0 0 0 0 0 0 0 0 0 0 0 0 0 0 0 0 0 0 0 0 0 0 0 0 0 0 0 0 0 0 0 0 0 0 0 0 0 0 0 0 0 0 0 0 0 0 0 0 1 0 0 9 23 0 0 1 0 0 0 0 0 0 0 0 0 0 0 2 0 0 0 0 0 19 0 2 0 0 0 64 2 0 0 255 255 255 255 2 0 0 0 0 0 0 0 data 72 0x2 0x2e1 0x60007 0x2e1 0x1e0 0x0 0xa0005 0x0 0x0 0x0 0x0 0x0 0xd0002 0x0 0x100007 0x0 0x180 0x0 0x170002 0x0 0x1b0005 0x0 0x0 0x0 0x0 0x0 0x1f0005 0x0 0x0 0x0 0x0 0x0 0x230005 0x0 0x0 0x0 0x0 0x0 0x270005 0x0 0x0 0x0 0x0 0x0 0x2b0005 0x0 0x0 0x0 0x0 0x0 0x2f0005 0x0 0x0 0x0 0x0 0x0 0x320005 0x0 0x0 0x0 0x0 0x0 0x3b0002 0x2e1 0x440002 0x2e1 0x4a0005 0x0 0x1beb1f40 0x2e1 0x0 0x0 oops 1 68 sun/reflect/NativeMethodAccessorImpl
ciMethodData sun/reflect/NativeMethodAccessorImpl <init> (Ljava/lang/reflect/Method;)V 1 993 orig 264 8 206 126 95 0 0 0 0 152 221 131 21 0 0 0 0 56 1 0 0 0 0 0 0 0 0 0 0 0 0 0 0 0 0 0 0 0 0 0 0 0 0 0 0 0 0 0 0 0 0 0 0 0 0 0 0 0 0 0 0 0 0 0 0 0 0 0 0 0 0 0 0 0 0 0 0 0 0 0 0 77 68 79 32 101 120 116 114 97 32 100 97 116 97 32 108 111 99 107 0 0 0 0 0 0 0 0 0 0 0 0 0 0 0 0 0 0 0 0 0 0 0 0 0 0 0 0 0 0 0 0 0 0 0 0 0 0 0 0 0 0 0 0 0 0 0 0 0 0 0 0 0 0 0 0 0 0 0 0 0 0 0 0 0 0 0 0 0 0 0 0 0 0 0 0 0 0 0 0 0 0 0 0 0 0 0 0 0 0 0 0 0 0 0 0 0 0 0 0 0 0 0 0 0 0 0 0 0 0 0 0 0 0 0 0 0 0 1 0 0 9 23 0 0 1 0 0 0 0 0 0 0 0 0 0 0 2 0 0 0 0 0 3 0 2 0 0 0 16 0 0 0 255 255 255 255 2 0 1 0 0 0 0 0 data 2 0x10002 0x2e1 oops 0
ciMethodData java/io/ObjectStreamClass forClass ()Ljava/lang/Class; 2 5376 orig 264 8 206 126 95 0 0 0 0 40 138 144 25 0 0 0 0 88 2 0 0 0 0 0 0 0 0 0 0 0 0 0 0 0 0 0 0 0 0 0 0 0 0 0 0 0 0 0 0 0 0 0 0 0 0 0 0 0 0 0 0 0 0 0 0 0 0 0 0 0 0 0 0 0 0 0 0 0 0 0 0 77 68 79 32 101 120 116 114 97 32 100 97 116 97 32 108 111 99 107 0 0 0 0 0 0 0 0 0 0 0 0 0 0 0 0 0 0 0 0 0 0 0 0 0 0 0 0 0 0 0 0 0 0 0 0 0 0 0 0 0 0 0 0 0 0 0 0 0 0 0 0 0 0 0 0 0 0 0 0 0 0 0 0 0 0 0 0 0 0 0 0 0 0 0 0 0 0 0 0 0 0 0 0 0 0 0 0 0 0 0 0 0 0 0 0 0 0 0 0 0 0 0 0 0 0 0 0 0 0 0 0 0 0 0 0 0 0 1 0 0 1 160 0 0 1 0 0 0 0 0 0 0 0 0 0 0 2 0 0 0 3 0 93 0 2 0 0 0 16 1 0 0 255 255 255 255 7 0 4 0 0 0 0 0 data 34 0x40007 0x1400 0x20 0x0 0xa0002 0x1400 0xd0002 0x1400 0x100007 0x1400 0xd0 0x0 0x130002 0x0 0x180005 0x0 0x0 0x0 0x0 0x0 0x1f0005 0x0 0x0 0x0 0x0 0x0 0x220002 0x0 0x250007 0x0 0x30 0x0 0x2c0002 0x0 oops 0
ciMethodData java/io/ObjectOutputStream$BlockDataOutputStream writeBlockHeader (I)V 1 304 orig 264 8 206 126 95 0 0 0 0 144 42 238 28 0 0 0 0 248 1 0 0 80 0 0 0 0 0 0 0 0 0 0 0 0 0 0 0 0 0 0 0 0 0 0 0 0 0 0 0 0 0 0 0 0 0 0 0 0 0 0 0 0 0 0 0 0 0 0 0 0 0 0 0 0 0 0 0 0 0 0 0 77 68 79 32 101 120 116 114 97 32 100 97 116 97 32 108 111 99 107 0 0 0 0 0 0 0 0 0 0 0 0 0 0 0 0 0 0 0 0 0 0 0 0 0 0 0 0 0 0 0 0 0 0 0 0 0 0 0 0 0 0 0 0 0 0 0 0 0 0 0 0 0 0 0 0 0 0 0 0 0 0 0 0 0 0 0 0 0 0 0 0 0 0 0 0 0 0 0 0 0 0 0 0 0 17 0 0 0 0 0 0 0 0 0 0 0 0 0 0 0 1 0 0 0 0 0 0 0 0 0 0 0 0 0 0 0 0 0 0 0 129 9 0 0 1 0 0 0 0 0 0 0 0 0 0 0 2 0 0 0 0 0 6 0 2 0 0 0 168 0 0 0 255 255 255 255 7 0 4 0 0 0 0 0 data 21 0x40007 0x0 0x68 0x130 0x210005 0x4e 0x1c047340 0x95 0x1c0473f0 0x4d 0x240003 0x130 0x58 0x350002 0x0 0x420005 0x0 0x0 0x0 0x0 0x0 oops 2 6 org/gradle/internal/serialize/AbstractEncoder$EncoderStream 8 java/io/ByteArrayOutputStream
ciMethodData java/io/ObjectOutputStream$BlockDataOutputStream writeUTF (Ljava/lang/String;J)V 2 5977 orig 264 8 206 126 95 0 0 0 0 96 60 238 28 0 0 0 0 104 2 0 0 176 0 0 0 0 0 0 0 0 0 0 0 0 0 0 0 0 0 0 0 0 0 0 0 0 0 0 0 0 0 0 0 0 0 0 0 0 0 0 0 0 0 0 0 0 0 0 0 0 0 0 0 0 0 0 0 0 0 0 0 77 68 79 32 101 120 116 114 97 32 100 97 116 97 32 108 111 99 107 0 0 0 0 0 0 0 0 0 0 0 0 0 0 0 0 0 0 0 0 0 0 0 0 0 0 0 0 0 0 0 0 0 0 0 0 0 0 0 0 0 0 0 0 0 1 0 0 0 0 0 0 0 0 0 0 0 0 0 0 0 0 0 0 0 0 0 0 0 0 0 0 0 0 0 0 0 0 0 0 0 0 0 0 0 0 0 0 0 0 0 0 0 0 0 0 0 0 0 0 0 0 0 0 0 0 0 0 0 0 0 0 0 0 0 0 0 2 1 0 0 185 178 0 0 1 0 0 0 11 20 0 0 0 0 0 0 2 0 0 0 0 0 8 0 2 0 0 0 8 1 0 0 255 255 255 255 7 0 5 0 0 0 0 0 data 33 0x50007 0x1657 0x30 0x0 0xc0002 0x0 0x130005 0x0 0x1c424fd0 0x1657 0x0 0x0 0x180005 0x79 0x2587650 0x15de 0x0 0x0 0x1d0007 0x0 0x68 0x1657 0x220005 0x0 0x1c424fd0 0x1657 0x0 0x0 0x250003 0x1658 0x28 0x2a0002 0x0 oops 3 8 java/io/ObjectOutputStream$BlockDataOutputStream 14 java/lang/String 24 java/io/ObjectOutputStream$BlockDataOutputStream
ciMethodData java/io/ObjectOutputStream$HandleTable assign (Ljava/lang/Object;)I 2 6169 orig 264 8 206 126 95 0 0 0 0 88 75 238 28 0 0 0 0 152 1 0 0 80 0 0 0 0 0 0 0 0 0 0 0 0 0 0 0 0 0 0 0 0 0 0 0 0 0 0 0 0 0 0 0 0 0 0 0 0 0 0 0 0 0 0 0 0 0 0 0 0 0 0 0 0 0 0 0 0 0 0 0 77 68 79 32 101 120 116 114 97 32 100 97 116 97 32 108 111 99 107 0 0 0 0 0 0 0 0 0 0 0 0 0 0 0 0 0 0 0 0 0 0 0 0 0 0 0 0 0 0 0 0 0 0 0 0 0 0 0 0 0 0 0 0 0 0 0 0 0 0 0 0 0 0 0 0 0 0 0 0 0 0 0 0 0 0 0 0 0 0 0 0 0 0 0 0 0 0 0 0 0 0 0 0 0 17 0 0 0 0 0 0 0 0 0 0 0 0 0 0 0 1 0 0 0 0 0 0 0 0 0 0 0 0 0 0 0 11 1 0 0 113 184 0 0 1 0 0 0 0 0 0 0 0 0 0 0 2 0 0 0 0 0 9 0 2 0 0 0 112 0 0 0 255 255 255 255 7 0 9 0 0 0 0 0 data 14 0x90007 0x158a 0x30 0x184 0xd0002 0x184 0x180007 0x16fd 0x30 0x11 0x1c0002 0x11 0x250002 0x170e oops 0
ciMethodData java/io/ObjectOutputStream$HandleTable growEntries ()V 1 406 orig 264 8 206 126 95 0 0 0 0 208 79 238 28 0 0 0 0 104 1 0 0 0 0 0 0 0 0 0 0 0 0 0 0 0 0 0 0 0 0 0 0 0 0 0 0 0 0 0 0 0 0 0 0 0 0 0 0 0 0 0 0 0 0 0 0 0 0 0 0 0 0 0 0 0 0 0 0 0 0 0 0 77 68 79 32 101 120 116 114 97 32 100 97 116 97 32 108 111 99 107 0 0 0 0 0 0 0 0 0 0 0 0 0 0 0 0 0 0 0 0 0 0 0 0 0 0 0 0 0 0 0 0 0 0 0 0 0 0 0 0 0 0 0 0 0 0 0 0 0 0 0 0 0 0 0 0 0 0 0 0 0 0 0 0 0 0 0 0 0 0 0 0 0 0 0 0 0 0 0 0 0 0 0 0 0 25 0 0 0 0 0 0 0 0 0 0 0 0 0 0 0 1 0 0 0 0 0 0 0 0 0 0 0 0 0 0 0 18 0 0 0 33 12 0 0 1 0 0 0 0 0 0 0 0 0 0 0 2 0 0 0 0 0 3 0 2 0 0 0 32 0 0 0 255 255 255 255 2 0 25 0 0 0 0 0 data 4 0x190002 0x184 0x310002 0x184 oops 0
ciMethodData java/io/ObjectOutputStream$HandleTable growSpine ()V 1 1829 orig 264 8 206 126 95 0 0 0 0 0 79 238 28 0 0 0 0 160 1 0 0 0 0 0 0 0 0 0 0 0 0 0 0 0 0 0 0 0 0 0 0 0 0 0 0 0 0 0 0 0 0 0 0 0 0 0 0 0 0 0 0 0 0 0 0 0 0 0 0 0 0 0 0 0 0 0 0 0 0 0 0 77 68 79 32 101 120 116 114 97 32 100 97 116 97 32 108 111 99 107 0 0 0 0 0 0 0 0 0 0 0 0 0 0 0 0 0 0 0 0 0 0 0 0 0 0 0 0 0 0 0 0 0 0 0 0 0 0 0 0 0 0 0 0 0 0 0 0 0 0 0 0 0 0 0 0 0 0 0 0 0 0 0 0 0 0 0 0 0 0 0 0 0 0 0 0 0 0 0 0 0 0 0 0 0 25 0 0 0 0 0 0 0 0 0 0 0 0 0 0 0 1 0 0 0 0 0 0 0 0 0 0 0 0 0 0 0 0 0 0 0 57 1 0 0 41 57 0 0 0 0 0 0 0 0 0 0 2 0 0 0 0 0 0 0 0 0 0 0 88 0 0 0 255 255 255 255 2 0 36 0 0 0 0 0 data 11 0x240002 0x27 0x2e0007 0x27 0x48 0x726 0x390002 0x726 0x3f0003 0x726 0xffffffffffffffd0 oops 0
ciMethodData java/io/ObjectOutputStream$HandleTable insert (Ljava/lang/Object;I)V 2 7999 orig 264 8 206 126 95 0 0 0 0 40 78 238 28 0 0 0 0 152 1 0 0 0 0 0 0 0 0 0 0 0 0 0 0 0 0 0 0 0 0 0 0 0 0 0 0 0 0 0 0 0 0 0 0 0 0 0 0 0 0 0 0 0 0 0 0 0 0 0 0 0 0 0 0 0 0 0 0 0 0 0 0 77 68 79 32 101 120 116 114 97 32 100 97 116 97 32 108 111 99 107 0 0 0 0 0 0 0 0 0 0 0 0 0 0 0 0 0 0 0 0 0 0 0 0 0 0 0 0 0 0 0 0 0 0 0 0 0 0 0 0 0 0 0 0 0 0 0 0 0 0 0 0 0 0 0 0 0 0 0 0 0 0 0 0 0 0 0 0 0 0 0 0 0 0 0 0 0 0 0 0 0 0 0 0 0 17 0 0 0 0 0 0 0 0 0 0 0 0 0 0 0 1 0 0 0 0 0 0 0 0 0 0 0 0 0 0 0 11 1 0 0 209 183 0 0 1 0 0 0 0 0 0 0 0 0 0 0 2 0 0 0 0 0 3 0 2 0 0 0 64 0 0 0 255 255 255 255 2 0 2 0 0 0 0 0 data 8 0x20002 0x16fa 0x120004 0x0 0x1c425340 0x693 0x2587650 0x883 oops 2 4 java/io/ObjectStreamClass 6 java/lang/String
ciMethodData java/io/ObjectOutputStream writeUTF (Ljava/lang/String;)V 2 15159 orig 264 8 206 126 95 0 0 0 0 112 126 145 25 0 0 0 0 128 1 0 0 0 0 0 0 0 0 0 0 0 0 0 0 0 0 0 0 0 0 0 0 0 0 0 0 0 0 0 0 0 0 0 0 0 0 0 0 0 0 0 0 0 0 0 0 0 0 0 0 0 0 0 0 0 0 0 0 0 0 0 0 77 68 79 32 101 120 116 114 97 32 100 97 116 97 32 108 111 99 107 0 0 0 0 0 0 0 0 0 0 0 0 0 0 0 0 0 0 0 0 0 0 0 0 0 0 0 0 0 0 0 0 0 0 0 0 0 0 0 0 0 0 0 0 0 0 0 0 0 0 0 0 0 0 0 0 0 0 0 0 0 0 0 0 0 0 0 0 0 0 0 0 0 0 0 0 0 0 0 0 0 0 0 0 0 0 0 0 0 0 0 0 0 0 0 0 0 0 0 0 0 0 0 0 0 0 0 0 0 0 0 0 0 0 0 0 0 0 1 0 0 153 184 1 0 1 0 0 0 0 0 0 0 0 0 0 0 2 0 0 0 0 0 3 0 2 0 0 0 48 0 0 0 255 255 255 255 5 0 5 0 0 0 0 0 data 6 0x50005 0x0 0x1c424fd0 0x3713 0x0 0x0 oops 1 2 java/io/ObjectOutputStream$BlockDataOutputStream
ciMethodData java/io/ObjectOutputStream$BlockDataOutputStream writeUTF (Ljava/lang/String;)V 2 14360 orig 264 8 206 126 95 0 0 0 0 96 51 238 28 0 0 0 0 176 1 0 0 0 0 0 0 0 0 0 0 0 0 0 0 0 0 0 0 0 0 0 0 0 0 0 0 0 0 0 0 0 0 0 0 0 0 0 0 0 0 0 0 0 0 0 0 0 0 0 0 0 0 0 0 0 0 0 0 0 0 0 0 77 68 79 32 101 120 116 114 97 32 100 97 116 97 32 108 111 99 107 0 0 0 0 0 0 0 0 0 0 0 0 0 0 0 0 0 0 0 0 0 0 0 0 0 0 0 0 0 0 0 0 0 0 0 0 0 0 0 0 0 0 0 0 0 0 0 0 0 0 0 0 0 0 0 0 0 0 0 0 0 0 0 0 0 0 0 0 0 0 0 0 0 0 0 0 0 0 0 0 0 0 0 0 0 0 0 0 0 0 0 0 0 0 0 0 0 0 0 0 0 0 0 0 0 0 0 0 0 0 0 0 0 0 0 0 0 255 0 0 0 201 184 1 0 1 0 0 0 0 0 0 0 0 0 0 0 2 0 0 0 0 0 0 0 0 0 0 0 96 0 0 0 255 255 255 255 5 0 4 0 0 0 0 0 data 12 0x40005 0x0 0x1c424fd0 0x3719 0x0 0x0 0x70005 0x0 0x1c424fd0 0x3719 0x0 0x0 oops 2 2 java/io/ObjectOutputStream$BlockDataOutputStream 8 java/io/ObjectOutputStream$BlockDataOutputStream
ciMethodData java/io/ObjectOutputStream writeByte (I)V 2 15186 orig 264 8 206 126 95 0 0 0 0 208 120 145 25 0 0 0 0 128 1 0 0 0 0 0 0 0 0 0 0 0 0 0 0 0 0 0 0 0 0 0 0 0 0 0 0 0 0 0 0 0 0 0 0 0 0 0 0 0 0 0 0 0 0 0 0 0 0 0 0 0 0 0 0 0 0 0 0 0 0 0 0 77 68 79 32 101 120 116 114 97 32 100 97 116 97 32 108 111 99 107 0 0 0 0 0 0 0 0 0 0 0 0 0 0 0 0 0 0 0 0 0 0 0 0 0 0 0 0 0 0 0 0 0 0 0 0 0 0 0 0 0 0 0 0 0 0 0 0 0 0 0 0 0 0 0 0 0 0 0 0 0 0 0 0 0 0 0 0 0 0 0 0 0 0 0 0 0 0 0 0 0 0 0 0 0 0 0 0 0 0 0 0 0 0 0 0 0 0 0 0 0 0 0 0 0 0 0 0 0 0 0 0 0 0 0 0 0 0 1 0 0 153 184 1 0 1 0 0 0 0 0 0 0 0 0 0 0 2 0 0 0 0 0 6 0 2 0 0 0 48 0 0 0 255 255 255 255 5 0 5 0 0 0 0 0 data 6 0x50005 0x0 0x1c424fd0 0x3713 0x0 0x0 oops 1 2 java/io/ObjectOutputStream$BlockDataOutputStream
ciMethodData java/io/ObjectStreamClass lookup (Ljava/lang/Class;Z)Ljava/io/ObjectStreamClass; 2 9665 orig 264 8 206 126 95 0 0 0 0 64 142 144 25 0 0 0 0 72 9 0 0 24 7 0 0 0 0 0 0 0 0 0 0 0 0 0 0 0 0 0 0 0 0 0 0 0 0 0 0 0 0 0 0 0 0 0 0 0 0 0 0 0 0 0 0 0 0 0 0 0 0 0 0 0 0 0 0 0 0 0 0 77 68 79 32 101 120 116 114 97 32 100 97 116 97 32 108 111 99 107 0 0 0 0 0 0 0 0 0 0 0 0 0 0 0 0 0 0 0 0 0 0 0 0 0 0 0 0 0 0 0 0 0 0 0 0 0 0 0 0 0 0 0 0 0 0 0 0 0 0 0 0 0 0 0 0 0 0 0 0 0 0 0 0 0 0 0 0 0 0 0 0 0 0 0 0 0 0 0 0 0 0 0 0 0 0 0 0 0 0 0 0 0 0 0 0 0 0 0 0 0 0 0 0 0 0 0 0 0 0 0 0 0 0 0 0 0 1 1 0 0 9 238 0 0 1 0 0 0 0 0 0 0 0 0 0 0 2 0 0 0 2 0 92 0 2 0 0 0 248 7 0 0 255 255 255 255 7 0 1 0 0 0 0 0 data 255 0x10007 0x1d90 0x70 0x31 0x70005 0x0 0x25876e0 0x31 0x0 0x0 0xa0007 0x15 0x20 0x1c 0xf0002 0x1da5 0x150002 0x1da5 0x1d0002 0x1da5 0x200002 0x1da5 0x280005 0x0 0x1ea1f070 0x1da5 0x0 0x0 0x2d0104 0x0 0x2588510 0x1d74 0x0 0x0 0x350007 0x31 0x50 0x1d74 0x390005 0x0 0x2588510 0x1d74 0x0 0x0 0x430007 0x1d74 0x1a0 0x31 0x4b0002 0x31 0x560002 0x31 0x5c0007 0x31 0x50 0x0 0x640005 0x0 0x0 0x0 0x0 0x0 0x700005 0x0 0x1ea1f070 0x31 0x0 0x0 0x750104 0x0 0x0 0x0 0x0 0x0 0x7a0007 0x31 0x50 0x0 0x7e0005 0x0 0x0 0x0 0x0 0x0 0x840007 0x31 0x40 0x0 0x890007 0x0 0xfffffffffffffee0 0x0 0x8e0007 0x0 0x20 0x31 0x970104 0x0 0x1c425340 0x1d74 0x0 0x0 0x9a0007 0x31 0x50 0x1d74 0x9f0004 0x0 0x1c425340 0x1d74 0x0 0x0 0xa50104 0x0 0x0 0x0 0x0 0x0 0xa80007 0x31 0xf8 0x0 0xad0004 0x0 0x0 0x0 0x0 0x0 0xb40005 0x0 0x0 0x0 0x0 0x0 0xb70002 0x0 0xba0007 0x0 0x38 0x0 0xc00003 0x0 0x48 0xc50005 0x0 0x0 0x0 0x0 0x0 0xcc0007 0x0 0x120 0x31 0xd40002 0x31 0xd90003 0x31 0x18 0xe60005 0x0 0x1ea200d0 0x31 0x0 0x0 0xe90007 0x0 0x78 0x31 0xf60002 0x31 0xf90005 0x0 0x1ea1f070 0x31 0x0 0x0 0xff0003 0x31 0x48 0x1040005 0x0 0x0 0x0 0x0 0x0 0x10b0004 0x0 0x1c425340 0x31 0x0 0x0 0x10e0007 0x0 0x50 0x31 0x1130004 0x0 0x1c425340 0x31 0x0 0x0 0x1190004 0x0 0x0 0x0 0x0 0x0 0x11c0007 0x0 0x50 0x0 0x1210004 0x0 0x0 0x0 0x0 0x0 0x1270004 0x0 0x0 0x0 0x0 0x0 0x12a0007 0x0 0x50 0x0 0x12f0004 0x0 0x0 0x0 0x0 0x0 0x13b0002 0x0 0x1400005 0x0 0x0 0x0 0x0 0x0 0x1450005 0x0 0x0 0x0 0x0 0x0 0x1480005 0x0 0x0 0x0 0x0 0x0 0x14b0002 0x0 oops 11